2024-05-09 13:48:01,849 [restartedMain] INFO  c.ispan.theater.TheaterApplication ? - Starting TheaterApplication using Java 17.0.8.1 with PID 139612 (C:\Users\hmc89\OneDrive\文件\movie\target\classes started by hmc89 in C:\Users\hmc89\OneDrive\文件\movie)
2024-05-09 13:48:01,850 [restartedMain] INFO  c.ispan.theater.TheaterApplication ? - No active profile set, falling back to 1 default profile: "default"
2024-05-09 13:48:01,917 [restartedMain] INFO  o.s.b.d.e.DevToolsPropertyDefaultsPostProcessor ? - Devtools property defaults active! Set 'spring.devtools.add-properties' to 'false' to disable
2024-05-09 13:48:01,917 [restartedMain] INFO  o.s.b.d.e.DevToolsPropertyDefaultsPostProcessor ? - For additional web related logging consider setting the 'logging.level.web' property to 'DEBUG'
2024-05-09 13:48:02,611 [restartedMain] INFO  o.s.d.r.c.RepositoryConfigurationDelegate ? - Multiple Spring Data modules found, entering strict repository configuration mode
2024-05-09 13:48:02,612 [restartedMain] INFO  o.s.d.r.c.RepositoryConfigurationDelegate ? - Bootstrapping Spring Data JDBC repositories in DEFAULT mode.
2024-05-09 13:48:02,641 [restartedMain] INFO  o.s.d.r.c.RepositoryConfigurationExtensionSupport ? - Spring Data JDBC - Could not safely identify store assignment for repository candidate interface com.ispan.theater.repository.ActorRepository; If you want this repository to be a JDBC repository, consider annotating your entities with one of these annotations: org.springframework.data.relational.core.mapping.Table.
2024-05-09 13:48:02,642 [restartedMain] INFO  o.s.d.r.c.RepositoryConfigurationExtensionSupport ? - Spring Data JDBC - Could not safely identify store assignment for repository candidate interface com.ispan.theater.repository.AdminRepository; If you want this repository to be a JDBC repository, consider annotating your entities with one of these annotations: org.springframework.data.relational.core.mapping.Table.
2024-05-09 13:48:02,645 [restartedMain] INFO  o.s.d.r.c.RepositoryConfigurationExtensionSupport ? - Spring Data JDBC - Could not safely identify store assignment for repository candidate interface com.ispan.theater.repository.AuditoriumLevelRepository; If you want this repository to be a JDBC repository, consider annotating your entities with one of these annotations: org.springframework.data.relational.core.mapping.Table.
2024-05-09 13:48:02,647 [restartedMain] INFO  o.s.d.r.c.RepositoryConfigurationExtensionSupport ? - Spring Data JDBC - Could not safely identify store assignment for repository candidate interface com.ispan.theater.repository.AuditoriumRepository; If you want this repository to be a JDBC repository, consider annotating your entities with one of these annotations: org.springframework.data.relational.core.mapping.Table.
2024-05-09 13:48:02,648 [restartedMain] INFO  o.s.d.r.c.RepositoryConfigurationExtensionSupport ? - Spring Data JDBC - Could not safely identify store assignment for repository candidate interface com.ispan.theater.repository.CategoryRepository; If you want this repository to be a JDBC repository, consider annotating your entities with one of these annotations: org.springframework.data.relational.core.mapping.Table.
2024-05-09 13:48:02,649 [restartedMain] INFO  o.s.d.r.c.RepositoryConfigurationExtensionSupport ? - Spring Data JDBC - Could not safely identify store assignment for repository candidate interface com.ispan.theater.repository.CinemaRepository; If you want this repository to be a JDBC repository, consider annotating your entities with one of these annotations: org.springframework.data.relational.core.mapping.Table.
2024-05-09 13:48:02,651 [restartedMain] INFO  o.s.d.r.c.RepositoryConfigurationExtensionSupport ? - Spring Data JDBC - Could not safely identify store assignment for repository candidate interface com.ispan.theater.repository.CollectRepository; If you want this repository to be a JDBC repository, consider annotating your entities with one of these annotations: org.springframework.data.relational.core.mapping.Table.
2024-05-09 13:48:02,652 [restartedMain] INFO  o.s.d.r.c.RepositoryConfigurationExtensionSupport ? - Spring Data JDBC - Could not safely identify store assignment for repository candidate interface com.ispan.theater.repository.CommentRepository; If you want this repository to be a JDBC repository, consider annotating your entities with one of these annotations: org.springframework.data.relational.core.mapping.Table.
2024-05-09 13:48:02,654 [restartedMain] INFO  o.s.d.r.c.RepositoryConfigurationExtensionSupport ? - Spring Data JDBC - Could not safely identify store assignment for repository candidate interface com.ispan.theater.repository.CustomerServiceRepository; If you want this repository to be a JDBC repository, consider annotating your entities with one of these annotations: org.springframework.data.relational.core.mapping.Table.
2024-05-09 13:48:02,655 [restartedMain] INFO  o.s.d.r.c.RepositoryConfigurationExtensionSupport ? - Spring Data JDBC - Could not safely identify store assignment for repository candidate interface com.ispan.theater.repository.EmployeeRepository; If you want this repository to be a JDBC repository, consider annotating your entities with one of these annotations: org.springframework.data.relational.core.mapping.Table.
2024-05-09 13:48:02,657 [restartedMain] INFO  o.s.d.r.c.RepositoryConfigurationExtensionSupport ? - Spring Data JDBC - Could not safely identify store assignment for repository candidate interface com.ispan.theater.repository.LayoutRepository; If you want this repository to be a JDBC repository, consider annotating your entities with one of these annotations: org.springframework.data.relational.core.mapping.Table.
2024-05-09 13:48:02,659 [restartedMain] INFO  o.s.d.r.c.RepositoryConfigurationExtensionSupport ? - Spring Data JDBC - Could not safely identify store assignment for repository candidate interface com.ispan.theater.repository.MovieActRepository; If you want this repository to be a JDBC repository, consider annotating your entities with one of these annotations: org.springframework.data.relational.core.mapping.Table.
2024-05-09 13:48:02,660 [restartedMain] INFO  o.s.d.r.c.RepositoryConfigurationExtensionSupport ? - Spring Data JDBC - Could not safely identify store assignment for repository candidate interface com.ispan.theater.repository.MoviePictureRepository; If you want this repository to be a JDBC repository, consider annotating your entities with one of these annotations: org.springframework.data.relational.core.mapping.Table.
2024-05-09 13:48:02,665 [restartedMain] INFO  o.s.d.r.c.RepositoryConfigurationExtensionSupport ? - Spring Data JDBC - Could not safely identify store assignment for repository candidate interface com.ispan.theater.repository.MovieRepository; If you want this repository to be a JDBC repository, consider annotating your entities with one of these annotations: org.springframework.data.relational.core.mapping.Table.
2024-05-09 13:48:02,669 [restartedMain] INFO  o.s.d.r.c.RepositoryConfigurationExtensionSupport ? - Spring Data JDBC - Could not safely identify store assignment for repository candidate interface com.ispan.theater.repository.OrderDetailRepository; If you want this repository to be a JDBC repository, consider annotating your entities with one of these annotations: org.springframework.data.relational.core.mapping.Table.
2024-05-09 13:48:02,671 [restartedMain] INFO  o.s.d.r.c.RepositoryConfigurationExtensionSupport ? - Spring Data JDBC - Could not safely identify store assignment for repository candidate interface com.ispan.theater.repository.OrderRepository; If you want this repository to be a JDBC repository, consider annotating your entities with one of these annotations: org.springframework.data.relational.core.mapping.Table.
2024-05-09 13:48:02,672 [restartedMain] INFO  o.s.d.r.c.RepositoryConfigurationExtensionSupport ? - Spring Data JDBC - Could not safely identify store assignment for repository candidate interface com.ispan.theater.repository.RatedRepository; If you want this repository to be a JDBC repository, consider annotating your entities with one of these annotations: org.springframework.data.relational.core.mapping.Table.
2024-05-09 13:48:02,675 [restartedMain] INFO  o.s.d.r.c.RepositoryConfigurationExtensionSupport ? - Spring Data JDBC - Could not safely identify store assignment for repository candidate interface com.ispan.theater.repository.ScreeningRepository; If you want this repository to be a JDBC repository, consider annotating your entities with one of these annotations: org.springframework.data.relational.core.mapping.Table.
2024-05-09 13:48:02,676 [restartedMain] INFO  o.s.d.r.c.RepositoryConfigurationExtensionSupport ? - Spring Data JDBC - Could not safely identify store assignment for repository candidate interface com.ispan.theater.repository.SeatRepository; If you want this repository to be a JDBC repository, consider annotating your entities with one of these annotations: org.springframework.data.relational.core.mapping.Table.
2024-05-09 13:48:02,678 [restartedMain] INFO  o.s.d.r.c.RepositoryConfigurationExtensionSupport ? - Spring Data JDBC - Could not safely identify store assignment for repository candidate interface com.ispan.theater.repository.TicketRepository; If you want this repository to be a JDBC repository, consider annotating your entities with one of these annotations: org.springframework.data.relational.core.mapping.Table.
2024-05-09 13:48:02,679 [restartedMain] INFO  o.s.d.r.c.RepositoryConfigurationExtensionSupport ? - Spring Data JDBC - Could not safely identify store assignment for repository candidate interface com.ispan.theater.repository.UserRepository; If you want this repository to be a JDBC repository, consider annotating your entities with one of these annotations: org.springframework.data.relational.core.mapping.Table.
2024-05-09 13:48:02,680 [restartedMain] INFO  o.s.d.r.c.RepositoryConfigurationDelegate ? - Finished Spring Data repository scanning in 64 ms. Found 0 JDBC repository interfaces.
2024-05-09 13:48:02,689 [restartedMain] INFO  o.s.d.r.c.RepositoryConfigurationDelegate ? - Multiple Spring Data modules found, entering strict repository configuration mode
2024-05-09 13:48:02,690 [restartedMain] INFO  o.s.d.r.c.RepositoryConfigurationDelegate ? - Bootstrapping Spring Data JPA repositories in DEFAULT mode.
2024-05-09 13:48:02,746 [restartedMain] INFO  o.s.d.r.c.RepositoryConfigurationDelegate ? - Finished Spring Data repository scanning in 52 ms. Found 21 JPA repository interfaces.
2024-05-09 13:48:03,522 [restartedMain] INFO  o.s.b.w.e.tomcat.TomcatWebServer ? - Tomcat initialized with port 8082 (http)
2024-05-09 13:48:03,533 [restartedMain] INFO  o.a.coyote.http11.Http11NioProtocol ? - Initializing ProtocolHandler ["http-nio-8082"]
2024-05-09 13:48:03,535 [restartedMain] INFO  o.a.catalina.core.StandardService ? - Starting service [Tomcat]
2024-05-09 13:48:03,535 [restartedMain] INFO  o.a.catalina.core.StandardEngine ? - Starting Servlet engine: [Apache Tomcat/10.1.20]
2024-05-09 13:48:03,586 [restartedMain] INFO  o.a.c.c.C.[Tomcat].[localhost].[/] ? - Initializing Spring embedded WebApplicationContext
2024-05-09 13:48:03,586 [restartedMain] INFO  o.s.b.w.s.c.ServletWebServerApplicationContext ? - Root WebApplicationContext: initialization completed in 1668 ms
2024-05-09 13:48:03,781 [restartedMain] INFO  o.h.jpa.internal.util.LogHelper ? - HHH000204: Processing PersistenceUnitInfo [name: default]
2024-05-09 13:48:03,831 [restartedMain] INFO  org.hibernate.Version ? - HHH000412: Hibernate ORM core version 6.4.4.Final
2024-05-09 13:48:03,867 [restartedMain] INFO  o.h.c.i.RegionFactoryInitiator ? - HHH000026: Second-level cache disabled
2024-05-09 13:48:04,060 [restartedMain] INFO  o.s.o.j.p.SpringPersistenceUnitInfo ? - No LoadTimeWeaver setup: ignoring JPA class transformer
2024-05-09 13:48:04,085 [restartedMain] INFO  com.zaxxer.hikari.HikariDataSource ? - HikariPool-1 - Starting...
2024-05-09 13:48:04,497 [restartedMain] INFO  com.zaxxer.hikari.pool.HikariPool ? - HikariPool-1 - Added connection ConnectionID:1 ClientConnectionId: a3ca61b9-1a7b-459b-84e8-d34c7f43854d
2024-05-09 13:48:04,502 [restartedMain] INFO  com.zaxxer.hikari.HikariDataSource ? - HikariPool-1 - Start completed.
2024-05-09 13:48:04,535 [restartedMain] WARN  org.hibernate.orm.deprecation ? - HHH90000025: SQLServerDialect does not need to be specified explicitly using 'hibernate.dialect' (remove the property setting and it will be selected by default)
2024-05-09 13:48:06,245 [restartedMain] INFO  o.h.e.t.j.p.i.JtaPlatformInitiator ? - HHH000489: No JTA platform available (set 'hibernate.transaction.jta.platform' to enable JTA platform integration)
2024-05-09 13:48:14,741 [restartedMain] INFO  o.s.o.j.LocalContainerEntityManagerFactoryBean ? - Initialized JPA EntityManagerFactory for persistence unit 'default'
2024-05-09 13:48:15,057 [restartedMain] INFO  o.s.d.j.r.query.QueryEnhancerFactory ? - JSqlParser is in classpath; If applicable, JSqlParser will be used
2024-05-09 13:48:15,057 [restartedMain] INFO  o.s.d.j.r.query.QueryEnhancerFactory ? - Hibernate is in classpath; If applicable, HQL parser will be used.
2024-05-09 13:48:15,998 [restartedMain] WARN  o.s.b.a.o.j.JpaBaseConfiguration$JpaWebConfiguration ? - spring.jpa.open-in-view is enabled by default. Therefore, database queries may be performed during view rendering. Explicitly configure spring.jpa.open-in-view to disable this warning
2024-05-09 13:48:16,534 [restartedMain] WARN  o.s.data.convert.CustomConversions ? - Registering converter from class microsoft.sql.DateTimeOffset to class java.time.OffsetDateTime as reading converter although it doesn't convert from a store-supported type; You might want to check your annotation setup at the converter implementation
2024-05-09 13:48:16,711 [restartedMain] INFO  o.s.b.d.a.OptionalLiveReloadServer ? - LiveReload server is running on port 35729
2024-05-09 13:48:16,733 [restartedMain] INFO  o.a.coyote.http11.Http11NioProtocol ? - Starting ProtocolHandler ["http-nio-8082"]
2024-05-09 13:48:16,760 [restartedMain] INFO  o.s.b.w.e.tomcat.TomcatWebServer ? - Tomcat started on port 8082 (http) with context path ''
2024-05-09 13:48:16,769 [restartedMain] INFO  c.ispan.theater.TheaterApplication ? - Started TheaterApplication in 15.488 seconds (process running for 16.304)
2024-05-09 14:05:02,890 [RMI TCP Connection(19)-127.0.0.1] INFO  o.s.b.a.SpringApplicationAdminMXBeanRegistrar$SpringApplicationAdmin ? - Application shutdown requested.
2024-05-09 14:05:02,897 [RMI TCP Connection(19)-127.0.0.1] INFO  o.a.coyote.http11.Http11NioProtocol ? - Stopping ProtocolHandler ["http-nio-8082"]
2024-05-09 14:05:02,925 [RMI TCP Connection(19)-127.0.0.1] INFO  o.s.o.j.LocalContainerEntityManagerFactoryBean ? - Closing JPA EntityManagerFactory for persistence unit 'default'
2024-05-09 14:05:02,932 [RMI TCP Connection(19)-127.0.0.1] INFO  com.zaxxer.hikari.HikariDataSource ? - HikariPool-1 - Shutdown initiated...
2024-05-09 14:05:02,940 [RMI TCP Connection(19)-127.0.0.1] INFO  com.zaxxer.hikari.HikariDataSource ? - HikariPool-1 - Shutdown completed.
2024-05-09 15:54:58,444 [restartedMain] INFO  c.ispan.theater.TheaterApplication ? - Starting TheaterApplication using Java 17.0.8.1 with PID 155012 (C:\Users\hmc89\OneDrive\文件\movie\target\classes started by hmc89 in C:\Users\hmc89\OneDrive\文件\movie)
2024-05-09 15:54:58,445 [restartedMain] INFO  c.ispan.theater.TheaterApplication ? - No active profile set, falling back to 1 default profile: "default"
2024-05-09 15:54:58,499 [restartedMain] INFO  o.s.b.d.e.DevToolsPropertyDefaultsPostProcessor ? - Devtools property defaults active! Set 'spring.devtools.add-properties' to 'false' to disable
2024-05-09 15:54:58,499 [restartedMain] INFO  o.s.b.d.e.DevToolsPropertyDefaultsPostProcessor ? - For additional web related logging consider setting the 'logging.level.web' property to 'DEBUG'
2024-05-09 15:54:59,452 [restartedMain] INFO  o.s.d.r.c.RepositoryConfigurationDelegate ? - Multiple Spring Data modules found, entering strict repository configuration mode
2024-05-09 15:54:59,453 [restartedMain] INFO  o.s.d.r.c.RepositoryConfigurationDelegate ? - Bootstrapping Spring Data JDBC repositories in DEFAULT mode.
2024-05-09 15:54:59,494 [restartedMain] INFO  o.s.d.r.c.RepositoryConfigurationExtensionSupport ? - Spring Data JDBC - Could not safely identify store assignment for repository candidate interface com.ispan.theater.repository.ActorRepository; If you want this repository to be a JDBC repository, consider annotating your entities with one of these annotations: org.springframework.data.relational.core.mapping.Table.
2024-05-09 15:54:59,496 [restartedMain] INFO  o.s.d.r.c.RepositoryConfigurationExtensionSupport ? - Spring Data JDBC - Could not safely identify store assignment for repository candidate interface com.ispan.theater.repository.AdminRepository; If you want this repository to be a JDBC repository, consider annotating your entities with one of these annotations: org.springframework.data.relational.core.mapping.Table.
2024-05-09 15:54:59,498 [restartedMain] INFO  o.s.d.r.c.RepositoryConfigurationExtensionSupport ? - Spring Data JDBC - Could not safely identify store assignment for repository candidate interface com.ispan.theater.repository.AuditoriumLevelRepository; If you want this repository to be a JDBC repository, consider annotating your entities with one of these annotations: org.springframework.data.relational.core.mapping.Table.
2024-05-09 15:54:59,499 [restartedMain] INFO  o.s.d.r.c.RepositoryConfigurationExtensionSupport ? - Spring Data JDBC - Could not safely identify store assignment for repository candidate interface com.ispan.theater.repository.AuditoriumRepository; If you want this repository to be a JDBC repository, consider annotating your entities with one of these annotations: org.springframework.data.relational.core.mapping.Table.
2024-05-09 15:54:59,500 [restartedMain] INFO  o.s.d.r.c.RepositoryConfigurationExtensionSupport ? - Spring Data JDBC - Could not safely identify store assignment for repository candidate interface com.ispan.theater.repository.CategoryRepository; If you want this repository to be a JDBC repository, consider annotating your entities with one of these annotations: org.springframework.data.relational.core.mapping.Table.
2024-05-09 15:54:59,502 [restartedMain] INFO  o.s.d.r.c.RepositoryConfigurationExtensionSupport ? - Spring Data JDBC - Could not safely identify store assignment for repository candidate interface com.ispan.theater.repository.CinemaRepository; If you want this repository to be a JDBC repository, consider annotating your entities with one of these annotations: org.springframework.data.relational.core.mapping.Table.
2024-05-09 15:54:59,504 [restartedMain] INFO  o.s.d.r.c.RepositoryConfigurationExtensionSupport ? - Spring Data JDBC - Could not safely identify store assignment for repository candidate interface com.ispan.theater.repository.CollectRepository; If you want this repository to be a JDBC repository, consider annotating your entities with one of these annotations: org.springframework.data.relational.core.mapping.Table.
2024-05-09 15:54:59,506 [restartedMain] INFO  o.s.d.r.c.RepositoryConfigurationExtensionSupport ? - Spring Data JDBC - Could not safely identify store assignment for repository candidate interface com.ispan.theater.repository.CommentRepository; If you want this repository to be a JDBC repository, consider annotating your entities with one of these annotations: org.springframework.data.relational.core.mapping.Table.
2024-05-09 15:54:59,507 [restartedMain] INFO  o.s.d.r.c.RepositoryConfigurationExtensionSupport ? - Spring Data JDBC - Could not safely identify store assignment for repository candidate interface com.ispan.theater.repository.CustomerServiceRepository; If you want this repository to be a JDBC repository, consider annotating your entities with one of these annotations: org.springframework.data.relational.core.mapping.Table.
2024-05-09 15:54:59,509 [restartedMain] INFO  o.s.d.r.c.RepositoryConfigurationExtensionSupport ? - Spring Data JDBC - Could not safely identify store assignment for repository candidate interface com.ispan.theater.repository.EmployeeRepository; If you want this repository to be a JDBC repository, consider annotating your entities with one of these annotations: org.springframework.data.relational.core.mapping.Table.
2024-05-09 15:54:59,511 [restartedMain] INFO  o.s.d.r.c.RepositoryConfigurationExtensionSupport ? - Spring Data JDBC - Could not safely identify store assignment for repository candidate interface com.ispan.theater.repository.LayoutRepository; If you want this repository to be a JDBC repository, consider annotating your entities with one of these annotations: org.springframework.data.relational.core.mapping.Table.
2024-05-09 15:54:59,513 [restartedMain] INFO  o.s.d.r.c.RepositoryConfigurationExtensionSupport ? - Spring Data JDBC - Could not safely identify store assignment for repository candidate interface com.ispan.theater.repository.MovieActRepository; If you want this repository to be a JDBC repository, consider annotating your entities with one of these annotations: org.springframework.data.relational.core.mapping.Table.
2024-05-09 15:54:59,514 [restartedMain] INFO  o.s.d.r.c.RepositoryConfigurationExtensionSupport ? - Spring Data JDBC - Could not safely identify store assignment for repository candidate interface com.ispan.theater.repository.MoviePictureRepository; If you want this repository to be a JDBC repository, consider annotating your entities with one of these annotations: org.springframework.data.relational.core.mapping.Table.
2024-05-09 15:54:59,519 [restartedMain] INFO  o.s.d.r.c.RepositoryConfigurationExtensionSupport ? - Spring Data JDBC - Could not safely identify store assignment for repository candidate interface com.ispan.theater.repository.MovieRepository; If you want this repository to be a JDBC repository, consider annotating your entities with one of these annotations: org.springframework.data.relational.core.mapping.Table.
2024-05-09 15:54:59,522 [restartedMain] INFO  o.s.d.r.c.RepositoryConfigurationExtensionSupport ? - Spring Data JDBC - Could not safely identify store assignment for repository candidate interface com.ispan.theater.repository.OrderDetailRepository; If you want this repository to be a JDBC repository, consider annotating your entities with one of these annotations: org.springframework.data.relational.core.mapping.Table.
2024-05-09 15:54:59,524 [restartedMain] INFO  o.s.d.r.c.RepositoryConfigurationExtensionSupport ? - Spring Data JDBC - Could not safely identify store assignment for repository candidate interface com.ispan.theater.repository.OrderRepository; If you want this repository to be a JDBC repository, consider annotating your entities with one of these annotations: org.springframework.data.relational.core.mapping.Table.
2024-05-09 15:54:59,525 [restartedMain] INFO  o.s.d.r.c.RepositoryConfigurationExtensionSupport ? - Spring Data JDBC - Could not safely identify store assignment for repository candidate interface com.ispan.theater.repository.RatedRepository; If you want this repository to be a JDBC repository, consider annotating your entities with one of these annotations: org.springframework.data.relational.core.mapping.Table.
2024-05-09 15:54:59,527 [restartedMain] INFO  o.s.d.r.c.RepositoryConfigurationExtensionSupport ? - Spring Data JDBC - Could not safely identify store assignment for repository candidate interface com.ispan.theater.repository.ScreeningRepository; If you want this repository to be a JDBC repository, consider annotating your entities with one of these annotations: org.springframework.data.relational.core.mapping.Table.
2024-05-09 15:54:59,528 [restartedMain] INFO  o.s.d.r.c.RepositoryConfigurationExtensionSupport ? - Spring Data JDBC - Could not safely identify store assignment for repository candidate interface com.ispan.theater.repository.SeatRepository; If you want this repository to be a JDBC repository, consider annotating your entities with one of these annotations: org.springframework.data.relational.core.mapping.Table.
2024-05-09 15:54:59,529 [restartedMain] INFO  o.s.d.r.c.RepositoryConfigurationExtensionSupport ? - Spring Data JDBC - Could not safely identify store assignment for repository candidate interface com.ispan.theater.repository.TicketRepository; If you want this repository to be a JDBC repository, consider annotating your entities with one of these annotations: org.springframework.data.relational.core.mapping.Table.
2024-05-09 15:54:59,531 [restartedMain] INFO  o.s.d.r.c.RepositoryConfigurationExtensionSupport ? - Spring Data JDBC - Could not safely identify store assignment for repository candidate interface com.ispan.theater.repository.UserRepository; If you want this repository to be a JDBC repository, consider annotating your entities with one of these annotations: org.springframework.data.relational.core.mapping.Table.
2024-05-09 15:54:59,532 [restartedMain] INFO  o.s.d.r.c.RepositoryConfigurationDelegate ? - Finished Spring Data repository scanning in 73 ms. Found 0 JDBC repository interfaces.
2024-05-09 15:54:59,540 [restartedMain] INFO  o.s.d.r.c.RepositoryConfigurationDelegate ? - Multiple Spring Data modules found, entering strict repository configuration mode
2024-05-09 15:54:59,541 [restartedMain] INFO  o.s.d.r.c.RepositoryConfigurationDelegate ? - Bootstrapping Spring Data JPA repositories in DEFAULT mode.
2024-05-09 15:54:59,606 [restartedMain] INFO  o.s.d.r.c.RepositoryConfigurationDelegate ? - Finished Spring Data repository scanning in 61 ms. Found 21 JPA repository interfaces.
2024-05-09 15:55:00,707 [restartedMain] INFO  o.s.b.w.e.tomcat.TomcatWebServer ? - Tomcat initialized with port 8082 (http)
2024-05-09 15:55:00,727 [restartedMain] INFO  o.a.coyote.http11.Http11NioProtocol ? - Initializing ProtocolHandler ["http-nio-8082"]
2024-05-09 15:55:00,729 [restartedMain] INFO  o.a.catalina.core.StandardService ? - Starting service [Tomcat]
2024-05-09 15:55:00,729 [restartedMain] INFO  o.a.catalina.core.StandardEngine ? - Starting Servlet engine: [Apache Tomcat/10.1.20]
2024-05-09 15:55:00,795 [restartedMain] INFO  o.a.c.c.C.[Tomcat].[localhost].[/] ? - Initializing Spring embedded WebApplicationContext
2024-05-09 15:55:00,795 [restartedMain] INFO  o.s.b.w.s.c.ServletWebServerApplicationContext ? - Root WebApplicationContext: initialization completed in 2295 ms
2024-05-09 15:55:01,028 [restartedMain] INFO  o.h.jpa.internal.util.LogHelper ? - HHH000204: Processing PersistenceUnitInfo [name: default]
2024-05-09 15:55:01,154 [restartedMain] INFO  org.hibernate.Version ? - HHH000412: Hibernate ORM core version 6.4.4.Final
2024-05-09 15:55:01,213 [restartedMain] INFO  o.h.c.i.RegionFactoryInitiator ? - HHH000026: Second-level cache disabled
2024-05-09 15:55:01,564 [restartedMain] INFO  o.s.o.j.p.SpringPersistenceUnitInfo ? - No LoadTimeWeaver setup: ignoring JPA class transformer
2024-05-09 15:55:01,593 [restartedMain] INFO  com.zaxxer.hikari.HikariDataSource ? - HikariPool-1 - Starting...
2024-05-09 15:55:01,947 [restartedMain] INFO  com.zaxxer.hikari.pool.HikariPool ? - HikariPool-1 - Added connection ConnectionID:1 ClientConnectionId: bd7615ab-2aea-4269-8b11-928228725356
2024-05-09 15:55:01,948 [restartedMain] INFO  com.zaxxer.hikari.HikariDataSource ? - HikariPool-1 - Start completed.
2024-05-09 15:55:01,983 [restartedMain] WARN  org.hibernate.orm.deprecation ? - HHH90000025: SQLServerDialect does not need to be specified explicitly using 'hibernate.dialect' (remove the property setting and it will be selected by default)
2024-05-09 15:55:03,522 [restartedMain] INFO  o.h.e.t.j.p.i.JtaPlatformInitiator ? - HHH000489: No JTA platform available (set 'hibernate.transaction.jta.platform' to enable JTA platform integration)
2024-05-09 15:55:10,842 [restartedMain] INFO  o.s.o.j.LocalContainerEntityManagerFactoryBean ? - Initialized JPA EntityManagerFactory for persistence unit 'default'
2024-05-09 15:55:11,172 [restartedMain] INFO  o.s.d.j.r.query.QueryEnhancerFactory ? - JSqlParser is in classpath; If applicable, JSqlParser will be used
2024-05-09 15:55:11,172 [restartedMain] INFO  o.s.d.j.r.query.QueryEnhancerFactory ? - Hibernate is in classpath; If applicable, HQL parser will be used.
2024-05-09 15:55:12,188 [restartedMain] WARN  o.s.b.a.o.j.JpaBaseConfiguration$JpaWebConfiguration ? - spring.jpa.open-in-view is enabled by default. Therefore, database queries may be performed during view rendering. Explicitly configure spring.jpa.open-in-view to disable this warning
2024-05-09 15:55:12,700 [restartedMain] WARN  o.s.data.convert.CustomConversions ? - Registering converter from class microsoft.sql.DateTimeOffset to class java.time.OffsetDateTime as reading converter although it doesn't convert from a store-supported type; You might want to check your annotation setup at the converter implementation
2024-05-09 15:55:12,874 [restartedMain] INFO  o.s.b.d.a.OptionalLiveReloadServer ? - LiveReload server is running on port 35729
2024-05-09 15:55:12,896 [restartedMain] INFO  o.a.coyote.http11.Http11NioProtocol ? - Starting ProtocolHandler ["http-nio-8082"]
2024-05-09 15:55:12,918 [restartedMain] INFO  o.s.b.w.e.tomcat.TomcatWebServer ? - Tomcat started on port 8082 (http) with context path ''
2024-05-09 15:55:12,926 [restartedMain] INFO  c.ispan.theater.TheaterApplication ? - Started TheaterApplication in 15.148 seconds (process running for 16.076)
2024-05-09 16:40:36,945 [RMI TCP Connection(49)-127.0.0.1] INFO  o.s.b.a.SpringApplicationAdminMXBeanRegistrar$SpringApplicationAdmin ? - Application shutdown requested.
2024-05-09 16:40:36,999 [RMI TCP Connection(49)-127.0.0.1] INFO  o.a.coyote.http11.Http11NioProtocol ? - Stopping ProtocolHandler ["http-nio-8082"]
2024-05-09 16:40:37,032 [RMI TCP Connection(49)-127.0.0.1] INFO  o.s.o.j.LocalContainerEntityManagerFactoryBean ? - Closing JPA EntityManagerFactory for persistence unit 'default'
2024-05-09 16:40:37,060 [RMI TCP Connection(49)-127.0.0.1] INFO  com.zaxxer.hikari.HikariDataSource ? - HikariPool-1 - Shutdown initiated...
2024-05-09 16:40:37,079 [RMI TCP Connection(49)-127.0.0.1] INFO  com.zaxxer.hikari.HikariDataSource ? - HikariPool-1 - Shutdown completed.
