2024-05-19 03:38:40,922 [restartedMain] INFO  c.ispan.theater.TheaterApplication ? - Starting TheaterApplication using Java 17.0.10 with PID 20332 (C:\Users\USER\Desktop\movie\target\classes started by USER in C:\Users\USER\Desktop\movie)
2024-05-19 03:38:40,923 [restartedMain] INFO  c.ispan.theater.TheaterApplication ? - No active profile set, falling back to 1 default profile: "default"
2024-05-19 03:38:40,986 [restartedMain] INFO  o.s.b.d.e.DevToolsPropertyDefaultsPostProcessor ? - Devtools property defaults active! Set 'spring.devtools.add-properties' to 'false' to disable
2024-05-19 03:38:40,986 [restartedMain] INFO  o.s.b.d.e.DevToolsPropertyDefaultsPostProcessor ? - For additional web related logging consider setting the 'logging.level.web' property to 'DEBUG'
2024-05-19 03:38:42,285 [restartedMain] INFO  o.s.d.r.c.RepositoryConfigurationDelegate ? - Multiple Spring Data modules found, entering strict repository configuration mode
2024-05-19 03:38:42,286 [restartedMain] INFO  o.s.d.r.c.RepositoryConfigurationDelegate ? - Bootstrapping Spring Data JDBC repositories in DEFAULT mode.
2024-05-19 03:38:42,318 [restartedMain] INFO  o.s.d.r.c.RepositoryConfigurationExtensionSupport ? - Spring Data JDBC - Could not safely identify store assignment for repository candidate interface com.ispan.theater.repository.ActorRepository; If you want this repository to be a JDBC repository, consider annotating your entities with one of these annotations: org.springframework.data.relational.core.mapping.Table.
2024-05-19 03:38:42,319 [restartedMain] INFO  o.s.d.r.c.RepositoryConfigurationExtensionSupport ? - Spring Data JDBC - Could not safely identify store assignment for repository candidate interface com.ispan.theater.repository.AdminRepository; If you want this repository to be a JDBC repository, consider annotating your entities with one of these annotations: org.springframework.data.relational.core.mapping.Table.
2024-05-19 03:38:42,321 [restartedMain] INFO  o.s.d.r.c.RepositoryConfigurationExtensionSupport ? - Spring Data JDBC - Could not safely identify store assignment for repository candidate interface com.ispan.theater.repository.AuditoriumLevelRepository; If you want this repository to be a JDBC repository, consider annotating your entities with one of these annotations: org.springframework.data.relational.core.mapping.Table.
2024-05-19 03:38:42,321 [restartedMain] INFO  o.s.d.r.c.RepositoryConfigurationExtensionSupport ? - Spring Data JDBC - Could not safely identify store assignment for repository candidate interface com.ispan.theater.repository.AuditoriumRepository; If you want this repository to be a JDBC repository, consider annotating your entities with one of these annotations: org.springframework.data.relational.core.mapping.Table.
2024-05-19 03:38:42,322 [restartedMain] INFO  o.s.d.r.c.RepositoryConfigurationExtensionSupport ? - Spring Data JDBC - Could not safely identify store assignment for repository candidate interface com.ispan.theater.repository.CategoryRepository; If you want this repository to be a JDBC repository, consider annotating your entities with one of these annotations: org.springframework.data.relational.core.mapping.Table.
2024-05-19 03:38:42,323 [restartedMain] INFO  o.s.d.r.c.RepositoryConfigurationExtensionSupport ? - Spring Data JDBC - Could not safely identify store assignment for repository candidate interface com.ispan.theater.repository.CinemaRepository; If you want this repository to be a JDBC repository, consider annotating your entities with one of these annotations: org.springframework.data.relational.core.mapping.Table.
2024-05-19 03:38:42,324 [restartedMain] INFO  o.s.d.r.c.RepositoryConfigurationExtensionSupport ? - Spring Data JDBC - Could not safely identify store assignment for repository candidate interface com.ispan.theater.repository.CollectRepository; If you want this repository to be a JDBC repository, consider annotating your entities with one of these annotations: org.springframework.data.relational.core.mapping.Table.
2024-05-19 03:38:42,325 [restartedMain] INFO  o.s.d.r.c.RepositoryConfigurationExtensionSupport ? - Spring Data JDBC - Could not safely identify store assignment for repository candidate interface com.ispan.theater.repository.CommentRepository; If you want this repository to be a JDBC repository, consider annotating your entities with one of these annotations: org.springframework.data.relational.core.mapping.Table.
2024-05-19 03:38:42,326 [restartedMain] INFO  o.s.d.r.c.RepositoryConfigurationExtensionSupport ? - Spring Data JDBC - Could not safely identify store assignment for repository candidate interface com.ispan.theater.repository.CustomerServiceRepository; If you want this repository to be a JDBC repository, consider annotating your entities with one of these annotations: org.springframework.data.relational.core.mapping.Table.
2024-05-19 03:38:42,328 [restartedMain] INFO  o.s.d.r.c.RepositoryConfigurationExtensionSupport ? - Spring Data JDBC - Could not safely identify store assignment for repository candidate interface com.ispan.theater.repository.EmployeeRepository; If you want this repository to be a JDBC repository, consider annotating your entities with one of these annotations: org.springframework.data.relational.core.mapping.Table.
2024-05-19 03:38:42,329 [restartedMain] INFO  o.s.d.r.c.RepositoryConfigurationExtensionSupport ? - Spring Data JDBC - Could not safely identify store assignment for repository candidate interface com.ispan.theater.repository.LayoutRepository; If you want this repository to be a JDBC repository, consider annotating your entities with one of these annotations: org.springframework.data.relational.core.mapping.Table.
2024-05-19 03:38:42,330 [restartedMain] INFO  o.s.d.r.c.RepositoryConfigurationExtensionSupport ? - Spring Data JDBC - Could not safely identify store assignment for repository candidate interface com.ispan.theater.repository.MovieActRepository; If you want this repository to be a JDBC repository, consider annotating your entities with one of these annotations: org.springframework.data.relational.core.mapping.Table.
2024-05-19 03:38:42,331 [restartedMain] INFO  o.s.d.r.c.RepositoryConfigurationExtensionSupport ? - Spring Data JDBC - Could not safely identify store assignment for repository candidate interface com.ispan.theater.repository.MoviePictureRepository; If you want this repository to be a JDBC repository, consider annotating your entities with one of these annotations: org.springframework.data.relational.core.mapping.Table.
2024-05-19 03:38:42,334 [restartedMain] INFO  o.s.d.r.c.RepositoryConfigurationExtensionSupport ? - Spring Data JDBC - Could not safely identify store assignment for repository candidate interface com.ispan.theater.repository.MovieRepository; If you want this repository to be a JDBC repository, consider annotating your entities with one of these annotations: org.springframework.data.relational.core.mapping.Table.
2024-05-19 03:38:42,335 [restartedMain] INFO  o.s.d.r.c.RepositoryConfigurationExtensionSupport ? - Spring Data JDBC - Could not safely identify store assignment for repository candidate interface com.ispan.theater.repository.OrderDetailRepository; If you want this repository to be a JDBC repository, consider annotating your entities with one of these annotations: org.springframework.data.relational.core.mapping.Table.
2024-05-19 03:38:42,337 [restartedMain] INFO  o.s.d.r.c.RepositoryConfigurationExtensionSupport ? - Spring Data JDBC - Could not safely identify store assignment for repository candidate interface com.ispan.theater.repository.OrderRepository; If you want this repository to be a JDBC repository, consider annotating your entities with one of these annotations: org.springframework.data.relational.core.mapping.Table.
2024-05-19 03:38:42,337 [restartedMain] INFO  o.s.d.r.c.RepositoryConfigurationExtensionSupport ? - Spring Data JDBC - Could not safely identify store assignment for repository candidate interface com.ispan.theater.repository.RatedRepository; If you want this repository to be a JDBC repository, consider annotating your entities with one of these annotations: org.springframework.data.relational.core.mapping.Table.
2024-05-19 03:38:42,338 [restartedMain] INFO  o.s.d.r.c.RepositoryConfigurationExtensionSupport ? - Spring Data JDBC - Could not safely identify store assignment for repository candidate interface com.ispan.theater.repository.ScreeningRepository; If you want this repository to be a JDBC repository, consider annotating your entities with one of these annotations: org.springframework.data.relational.core.mapping.Table.
2024-05-19 03:38:42,339 [restartedMain] INFO  o.s.d.r.c.RepositoryConfigurationExtensionSupport ? - Spring Data JDBC - Could not safely identify store assignment for repository candidate interface com.ispan.theater.repository.SeatRepository; If you want this repository to be a JDBC repository, consider annotating your entities with one of these annotations: org.springframework.data.relational.core.mapping.Table.
2024-05-19 03:38:42,340 [restartedMain] INFO  o.s.d.r.c.RepositoryConfigurationExtensionSupport ? - Spring Data JDBC - Could not safely identify store assignment for repository candidate interface com.ispan.theater.repository.TicketRepository; If you want this repository to be a JDBC repository, consider annotating your entities with one of these annotations: org.springframework.data.relational.core.mapping.Table.
2024-05-19 03:38:42,341 [restartedMain] INFO  o.s.d.r.c.RepositoryConfigurationExtensionSupport ? - Spring Data JDBC - Could not safely identify store assignment for repository candidate interface com.ispan.theater.repository.UserRepository; If you want this repository to be a JDBC repository, consider annotating your entities with one of these annotations: org.springframework.data.relational.core.mapping.Table.
2024-05-19 03:38:42,342 [restartedMain] INFO  o.s.d.r.c.RepositoryConfigurationDelegate ? - Finished Spring Data repository scanning in 51 ms. Found 0 JDBC repository interfaces.
2024-05-19 03:38:42,350 [restartedMain] INFO  o.s.d.r.c.RepositoryConfigurationDelegate ? - Multiple Spring Data modules found, entering strict repository configuration mode
2024-05-19 03:38:42,351 [restartedMain] INFO  o.s.d.r.c.RepositoryConfigurationDelegate ? - Bootstrapping Spring Data JPA repositories in DEFAULT mode.
2024-05-19 03:38:42,412 [restartedMain] INFO  o.s.d.r.c.RepositoryConfigurationDelegate ? - Finished Spring Data repository scanning in 56 ms. Found 21 JPA repository interfaces.
2024-05-19 03:38:43,155 [restartedMain] INFO  o.s.b.w.e.tomcat.TomcatWebServer ? - Tomcat initialized with port 8082 (http)
2024-05-19 03:38:43,167 [restartedMain] INFO  o.a.coyote.http11.Http11NioProtocol ? - Initializing ProtocolHandler ["http-nio-8082"]
2024-05-19 03:38:43,169 [restartedMain] INFO  o.a.catalina.core.StandardService ? - Starting service [Tomcat]
2024-05-19 03:38:43,169 [restartedMain] INFO  o.a.catalina.core.StandardEngine ? - Starting Servlet engine: [Apache Tomcat/10.1.20]
2024-05-19 03:38:43,214 [restartedMain] INFO  o.a.c.c.C.[Tomcat].[localhost].[/] ? - Initializing Spring embedded WebApplicationContext
2024-05-19 03:38:43,214 [restartedMain] INFO  o.s.b.w.s.c.ServletWebServerApplicationContext ? - Root WebApplicationContext: initialization completed in 2227 ms
2024-05-19 03:38:43,414 [restartedMain] INFO  o.h.jpa.internal.util.LogHelper ? - HHH000204: Processing PersistenceUnitInfo [name: default]
2024-05-19 03:38:43,479 [restartedMain] INFO  org.hibernate.Version ? - HHH000412: Hibernate ORM core version 6.4.4.Final
2024-05-19 03:38:43,523 [restartedMain] INFO  o.h.c.i.RegionFactoryInitiator ? - HHH000026: Second-level cache disabled
2024-05-19 03:38:43,744 [restartedMain] INFO  o.s.o.j.p.SpringPersistenceUnitInfo ? - No LoadTimeWeaver setup: ignoring JPA class transformer
2024-05-19 03:38:43,771 [restartedMain] INFO  com.zaxxer.hikari.HikariDataSource ? - HikariPool-1 - Starting...
2024-05-19 03:38:44,010 [restartedMain] INFO  com.zaxxer.hikari.pool.HikariPool ? - HikariPool-1 - Added connection ConnectionID:1 ClientConnectionId: 6ab6cc90-8728-47a3-baff-877849df0341
2024-05-19 03:38:44,012 [restartedMain] INFO  com.zaxxer.hikari.HikariDataSource ? - HikariPool-1 - Start completed.
2024-05-19 03:38:44,047 [restartedMain] WARN  org.hibernate.orm.deprecation ? - HHH90000025: SQLServerDialect does not need to be specified explicitly using 'hibernate.dialect' (remove the property setting and it will be selected by default)
2024-05-19 03:38:45,237 [restartedMain] INFO  o.h.e.t.j.p.i.JtaPlatformInitiator ? - HHH000489: No JTA platform available (set 'hibernate.transaction.jta.platform' to enable JTA platform integration)
2024-05-19 03:38:46,187 [restartedMain] INFO  o.s.o.j.LocalContainerEntityManagerFactoryBean ? - Initialized JPA EntityManagerFactory for persistence unit 'default'
2024-05-19 03:38:46,444 [restartedMain] INFO  o.s.d.j.r.query.QueryEnhancerFactory ? - JSqlParser is in classpath; If applicable, JSqlParser will be used
2024-05-19 03:38:46,444 [restartedMain] INFO  o.s.d.j.r.query.QueryEnhancerFactory ? - Hibernate is in classpath; If applicable, HQL parser will be used.
2024-05-19 03:38:47,426 [restartedMain] WARN  o.s.b.a.o.j.JpaBaseConfiguration$JpaWebConfiguration ? - spring.jpa.open-in-view is enabled by default. Therefore, database queries may be performed during view rendering. Explicitly configure spring.jpa.open-in-view to disable this warning
2024-05-19 03:38:47,957 [restartedMain] WARN  o.s.data.convert.CustomConversions ? - Registering converter from class microsoft.sql.DateTimeOffset to class java.time.OffsetDateTime as reading converter although it doesn't convert from a store-supported type; You might want to check your annotation setup at the converter implementation
2024-05-19 03:38:48,174 [restartedMain] INFO  o.s.b.d.a.OptionalLiveReloadServer ? - LiveReload server is running on port 35729
2024-05-19 03:38:48,208 [restartedMain] INFO  o.a.coyote.http11.Http11NioProtocol ? - Starting ProtocolHandler ["http-nio-8082"]
2024-05-19 03:38:48,234 [restartedMain] INFO  o.s.b.w.e.tomcat.TomcatWebServer ? - Tomcat started on port 8082 (http) with context path ''
2024-05-19 03:38:48,246 [restartedMain] INFO  c.ispan.theater.TheaterApplication ? - Started TheaterApplication in 7.792 seconds (process running for 8.495)
2024-05-19 03:39:20,518 [http-nio-8082-exec-1] INFO  o.a.c.c.C.[Tomcat].[localhost].[/] ? - Initializing Spring DispatcherServlet 'dispatcherServlet'
2024-05-19 03:39:20,518 [http-nio-8082-exec-1] INFO  o.s.web.servlet.DispatcherServlet ? - Initializing Servlet 'dispatcherServlet'
2024-05-19 03:39:20,520 [http-nio-8082-exec-1] INFO  o.s.web.servlet.DispatcherServlet ? - Completed initialization in 2 ms
2024-05-19 03:39:25,792 [http-nio-8082-exec-4] INFO  com.ispan.theater.aspects.LogAspect ? - Method 'checkLogin' executed with arguments: {"password":"123","username":"123@jfds.csd"}
2024-05-19 03:39:26,726 [http-nio-8082-exec-6] INFO  com.ispan.theater.aspects.LogAspect ? - Method 'getUserById' executed with arguments: 7
2024-05-19 03:39:26,756 [http-nio-8082-exec-7] INFO  com.ispan.theater.aspects.LogAspect ? - Method 'findUserByEmail' executed with arguments: 123@jfds.csd
2024-05-19 03:39:48,263 [http-nio-8082-exec-10] INFO  com.ispan.theater.aspects.LogAspect ? - Method 'insertComment' executed with arguments: com.ispan.theater.domain.Comment@33bad623
2024-05-19 03:40:02,492 [http-nio-8082-exec-2] WARN  o.s.w.s.m.s.DefaultHandlerExceptionResolver ? - Resolved [org.springframework.web.method.annotation.MethodArgumentTypeMismatchException: Failed to convert value of type 'java.lang.String' to required type 'java.lang.Integer'; For input string: "undefined"]
2024-05-19 03:40:24,924 [http-nio-8082-exec-6] INFO  com.ispan.theater.aspects.LogAspect ? - Method 'insertComment' executed with arguments: com.ispan.theater.domain.Comment@473bb747
2024-05-19 03:42:25,360 [http-nio-8082-exec-10] INFO  com.ispan.theater.aspects.LogAspect ? - Method 'insertComment' executed with arguments: com.ispan.theater.domain.Comment@710f5de8
2024-05-19 03:43:02,329 [http-nio-8082-exec-2] INFO  com.ispan.theater.aspects.LogAspect ? - Method 'findCommentById' executed with arguments: 83
2024-05-19 03:43:40,212 [http-nio-8082-exec-7] INFO  com.ispan.theater.aspects.LogAspect ? - Method 'findCommentById' executed with arguments: 82
2024-05-19 03:45:43,390 [http-nio-8082-exec-3] ERROR o.a.c.c.C.[.[.[.[dispatcherServlet] ? - Servlet.service() for servlet [dispatcherServlet] in context with path [] threw exception [Request processing failed: org.springframework.orm.jpa.JpaSystemException: Encountered a duplicated sql alias [movie_id] during auto-discovery of a native-sql query] with root cause
org.hibernate.loader.NonUniqueDiscoveredSqlAliasException: Encountered a duplicated sql alias [movie_id] during auto-discovery of a native-sql query
	at org.hibernate.query.results.ResultSetMappingImpl.resolve(ResultSetMappingImpl.java:288)
	at org.hibernate.sql.exec.internal.JdbcSelectExecutorStandardImpl.resolveJdbcValuesSource(JdbcSelectExecutorStandardImpl.java:325)
	at org.hibernate.sql.exec.internal.JdbcSelectExecutorStandardImpl.doExecuteQuery(JdbcSelectExecutorStandardImpl.java:115)
	at org.hibernate.sql.exec.internal.JdbcSelectExecutorStandardImpl.executeQuery(JdbcSelectExecutorStandardImpl.java:83)
	at org.hibernate.sql.exec.spi.JdbcSelectExecutor.list(JdbcSelectExecutor.java:76)
	at org.hibernate.sql.exec.spi.JdbcSelectExecutor.list(JdbcSelectExecutor.java:65)
	at org.hibernate.query.sql.internal.NativeSelectQueryPlanImpl.performList(NativeSelectQueryPlanImpl.java:138)
	at org.hibernate.query.sql.internal.NativeQueryImpl.doList(NativeQueryImpl.java:621)
	at org.hibernate.query.spi.AbstractSelectionQuery.list(AbstractSelectionQuery.java:427)
	at org.hibernate.query.Query.getResultList(Query.java:120)
	at org.springframework.data.jpa.repository.query.JpaQueryExecution$CollectionExecution.doExecute(JpaQueryExecution.java:129)
	at org.springframework.data.jpa.repository.query.JpaQueryExecution.execute(JpaQueryExecution.java:92)
	at org.springframework.data.jpa.repository.query.AbstractJpaQuery.doExecute(AbstractJpaQuery.java:149)
	at org.springframework.data.jpa.repository.query.AbstractJpaQuery.execute(AbstractJpaQuery.java:137)
	at org.springframework.data.repository.core.support.RepositoryMethodInvoker.doInvoke(RepositoryMethodInvoker.java:170)
	at org.springframework.data.repository.core.support.RepositoryMethodInvoker.invoke(RepositoryMethodInvoker.java:158)
	at org.springframework.data.repository.core.support.QueryExecutorMethodInterceptor.doInvoke(QueryExecutorMethodInterceptor.java:164)
	at org.springframework.data.repository.core.support.QueryExecutorMethodInterceptor.invoke(QueryExecutorMethodInterceptor.java:143)
	at org.springframework.aop.framework.ReflectiveMethodInvocation.proceed(ReflectiveMethodInvocation.java:184)
	at org.springframework.data.projection.DefaultMethodInvokingMethodInterceptor.invoke(DefaultMethodInvokingMethodInterceptor.java:70)
	at org.springframework.aop.framework.ReflectiveMethodInvocation.proceed(ReflectiveMethodInvocation.java:184)
	at org.springframework.transaction.interceptor.TransactionInterceptor$1.proceedWithInvocation(TransactionInterceptor.java:123)
	at org.springframework.transaction.interceptor.TransactionAspectSupport.invokeWithinTransaction(TransactionAspectSupport.java:392)
	at org.springframework.transaction.interceptor.TransactionInterceptor.invoke(TransactionInterceptor.java:119)
	at org.springframework.aop.framework.ReflectiveMethodInvocation.proceed(ReflectiveMethodInvocation.java:184)
	at org.springframework.dao.support.PersistenceExceptionTranslationInterceptor.invoke(PersistenceExceptionTranslationInterceptor.java:137)
	at org.springframework.aop.framework.ReflectiveMethodInvocation.proceed(ReflectiveMethodInvocation.java:184)
	at org.springframework.data.jpa.repository.support.CrudMethodMetadataPostProcessor$CrudMethodMetadataPopulatingMethodInterceptor.invoke(CrudMethodMetadataPostProcessor.java:135)
	at org.springframework.aop.framework.ReflectiveMethodInvocation.proceed(ReflectiveMethodInvocation.java:184)
	at org.springframework.aop.interceptor.ExposeInvocationInterceptor.invoke(ExposeInvocationInterceptor.java:97)
	at org.springframework.aop.framework.ReflectiveMethodInvocation.proceed(ReflectiveMethodInvocation.java:184)
	at org.springframework.aop.framework.JdkDynamicAopProxy.invoke(JdkDynamicAopProxy.java:223)
	at jdk.proxy4/jdk.proxy4.$Proxy166.findCommentsByMovieIdByRate(Unknown Source)
	at com.ispan.theater.controller.CommentController.findRate(CommentController.java:113)
	at java.base/jdk.internal.reflect.NativeMethodAccessorImpl.invoke0(Native Method)
	at java.base/jdk.internal.reflect.NativeMethodAccessorImpl.invoke(NativeMethodAccessorImpl.java:77)
	at java.base/jdk.internal.reflect.DelegatingMethodAccessorImpl.invoke(DelegatingMethodAccessorImpl.java:43)
	at java.base/java.lang.reflect.Method.invoke(Method.java:568)
	at org.springframework.web.method.support.InvocableHandlerMethod.doInvoke(InvocableHandlerMethod.java:255)
	at org.springframework.web.method.support.InvocableHandlerMethod.invokeForRequest(InvocableHandlerMethod.java:188)
	at org.springframework.web.servlet.mvc.method.annotation.ServletInvocableHandlerMethod.invokeAndHandle(ServletInvocableHandlerMethod.java:118)
	at org.springframework.web.servlet.mvc.method.annotation.RequestMappingHandlerAdapter.invokeHandlerMethod(RequestMappingHandlerAdapter.java:926)
	at org.springframework.web.servlet.mvc.method.annotation.RequestMappingHandlerAdapter.handleInternal(RequestMappingHandlerAdapter.java:831)
	at org.springframework.web.servlet.mvc.method.AbstractHandlerMethodAdapter.handle(AbstractHandlerMethodAdapter.java:87)
	at org.springframework.web.servlet.DispatcherServlet.doDispatch(DispatcherServlet.java:1089)
	at org.springframework.web.servlet.DispatcherServlet.doService(DispatcherServlet.java:979)
	at org.springframework.web.servlet.FrameworkServlet.processRequest(FrameworkServlet.java:1014)
	at org.springframework.web.servlet.FrameworkServlet.doGet(FrameworkServlet.java:903)
	at jakarta.servlet.http.HttpServlet.service(HttpServlet.java:564)
	at org.springframework.web.servlet.FrameworkServlet.service(FrameworkServlet.java:885)
	at jakarta.servlet.http.HttpServlet.service(HttpServlet.java:658)
	at org.apache.catalina.core.ApplicationFilterChain.internalDoFilter(ApplicationFilterChain.java:206)
	at org.apache.catalina.core.ApplicationFilterChain.doFilter(ApplicationFilterChain.java:150)
	at org.apache.tomcat.websocket.server.WsFilter.doFilter(WsFilter.java:51)
	at org.apache.catalina.core.ApplicationFilterChain.internalDoFilter(ApplicationFilterChain.java:175)
	at org.apache.catalina.core.ApplicationFilterChain.doFilter(ApplicationFilterChain.java:150)
	at org.springframework.web.filter.RequestContextFilter.doFilterInternal(RequestContextFilter.java:100)
	at org.springframework.web.filter.OncePerRequestFilter.doFilter(OncePerRequestFilter.java:116)
	at org.apache.catalina.core.ApplicationFilterChain.internalDoFilter(ApplicationFilterChain.java:175)
	at org.apache.catalina.core.ApplicationFilterChain.doFilter(ApplicationFilterChain.java:150)
	at org.springframework.web.filter.FormContentFilter.doFilterInternal(FormContentFilter.java:93)
	at org.springframework.web.filter.OncePerRequestFilter.doFilter(OncePerRequestFilter.java:116)
	at org.apache.catalina.core.ApplicationFilterChain.internalDoFilter(ApplicationFilterChain.java:175)
	at org.apache.catalina.core.ApplicationFilterChain.doFilter(ApplicationFilterChain.java:150)
	at org.springframework.web.filter.CharacterEncodingFilter.doFilterInternal(CharacterEncodingFilter.java:201)
	at org.springframework.web.filter.OncePerRequestFilter.doFilter(OncePerRequestFilter.java:116)
	at org.apache.catalina.core.ApplicationFilterChain.internalDoFilter(ApplicationFilterChain.java:175)
	at org.apache.catalina.core.ApplicationFilterChain.doFilter(ApplicationFilterChain.java:150)
	at org.apache.catalina.core.StandardWrapperValve.invoke(StandardWrapperValve.java:167)
	at org.apache.catalina.core.StandardContextValve.invoke(StandardContextValve.java:90)
	at org.apache.catalina.authenticator.AuthenticatorBase.invoke(AuthenticatorBase.java:482)
	at org.apache.catalina.core.StandardHostValve.invoke(StandardHostValve.java:115)
	at org.apache.catalina.valves.ErrorReportValve.invoke(ErrorReportValve.java:93)
	at org.apache.catalina.core.StandardEngineValve.invoke(StandardEngineValve.java:74)
	at org.apache.catalina.connector.CoyoteAdapter.service(CoyoteAdapter.java:344)
	at org.apache.coyote.http11.Http11Processor.service(Http11Processor.java:391)
	at org.apache.coyote.AbstractProcessorLight.process(AbstractProcessorLight.java:63)
	at org.apache.coyote.AbstractProtocol$ConnectionHandler.process(AbstractProtocol.java:896)
	at org.apache.tomcat.util.net.NioEndpoint$SocketProcessor.doRun(NioEndpoint.java:1736)
	at org.apache.tomcat.util.net.SocketProcessorBase.run(SocketProcessorBase.java:52)
	at org.apache.tomcat.util.threads.ThreadPoolExecutor.runWorker(ThreadPoolExecutor.java:1191)
	at org.apache.tomcat.util.threads.ThreadPoolExecutor$Worker.run(ThreadPoolExecutor.java:659)
	at org.apache.tomcat.util.threads.TaskThread$WrappingRunnable.run(TaskThread.java:63)
	at java.base/java.lang.Thread.run(Thread.java:840)
2024-05-19 03:47:08,457 [http-nio-8082-exec-8] INFO  com.ispan.theater.aspects.LogAspect ? - Method 'insertComment' executed with arguments: com.ispan.theater.domain.Comment@3ef164a0
2024-05-19 04:01:52,609 [http-nio-8082-exec-10] INFO  com.ispan.theater.aspects.LogAspect ? - Method 'insertComment' executed with arguments: com.ispan.theater.domain.Comment@4b1a53a6
2024-05-19 04:03:19,736 [http-nio-8082-exec-2] INFO  com.ispan.theater.aspects.LogAspect ? - Method 'insertComment' executed with arguments: com.ispan.theater.domain.Comment@5ec11d7b
2024-05-19 04:07:24,213 [http-nio-8082-exec-7] INFO  com.ispan.theater.aspects.LogAspect ? - Method 'insertComment' executed with arguments: com.ispan.theater.domain.Comment@567d107b
2024-05-19 04:11:32,897 [http-nio-8082-exec-6] INFO  com.ispan.theater.aspects.LogAspect ? - Method 'insertComment' executed with arguments: com.ispan.theater.domain.Comment@26593121
2024-05-19 04:11:36,330 [http-nio-8082-exec-8] INFO  com.ispan.theater.aspects.LogAspect ? - Method 'insertComment' executed with arguments: com.ispan.theater.domain.Comment@62960016
2024-05-19 04:11:44,239 [http-nio-8082-exec-10] INFO  com.ispan.theater.aspects.LogAspect ? - Method 'insertComment' executed with arguments: com.ispan.theater.domain.Comment@5fdc972a
2024-05-19 04:11:54,323 [http-nio-8082-exec-3] INFO  com.ispan.theater.aspects.LogAspect ? - Method 'insertComment' executed with arguments: com.ispan.theater.domain.Comment@68b55797
2024-05-19 04:12:35,837 [http-nio-8082-exec-5] INFO  com.ispan.theater.aspects.LogAspect ? - Method 'checkLogin' executed with arguments: {"password":"123","username":"qwe@gma.cdo"}
2024-05-19 04:12:36,629 [http-nio-8082-exec-7] INFO  com.ispan.theater.aspects.LogAspect ? - Method 'getUserById' executed with arguments: 6
2024-05-19 04:12:36,648 [http-nio-8082-exec-8] INFO  com.ispan.theater.aspects.LogAspect ? - Method 'findUserByEmail' executed with arguments: qwe@gma.cdo
2024-05-19 04:12:53,292 [http-nio-8082-exec-1] INFO  com.ispan.theater.aspects.LogAspect ? - Method 'insertComment' executed with arguments: com.ispan.theater.domain.Comment@3273a2b7
2024-05-19 04:13:00,544 [http-nio-8082-exec-2] INFO  com.ispan.theater.aspects.LogAspect ? - Method 'insertComment' executed with arguments: com.ispan.theater.domain.Comment@4f425758
2024-05-19 04:15:26,065 [http-nio-8082-exec-8] INFO  com.ispan.theater.aspects.LogAspect ? - Method 'insertComment' executed with arguments: com.ispan.theater.domain.Comment@4d367f73
2024-05-19 04:15:37,182 [http-nio-8082-exec-1] INFO  com.ispan.theater.aspects.LogAspect ? - Method 'findCommentById' executed with arguments: 20
2024-05-19 04:20:25,979 [http-nio-8082-exec-9] WARN  o.s.w.s.m.s.DefaultHandlerExceptionResolver ? - Resolved [org.springframework.web.method.annotation.MethodArgumentTypeMismatchException: Failed to convert value of type 'java.lang.String' to required type 'java.lang.Integer'; For input string: "undefined"]
2024-05-19 04:21:40,783 [http-nio-8082-exec-1] INFO  com.ispan.theater.aspects.LogAspect ? - Method 'insertComment' executed with arguments: com.ispan.theater.domain.Comment@416637e
2024-05-19 04:21:46,098 [http-nio-8082-exec-4] INFO  com.ispan.theater.aspects.LogAspect ? - Method 'findCommentById' executed with arguments: 80
2024-05-19 04:21:52,418 [http-nio-8082-exec-6] INFO  com.ispan.theater.aspects.LogAspect ? - Method 'findCommentById' executed with arguments: 80
2024-05-19 04:23:08,337 [http-nio-8082-exec-10] INFO  com.ispan.theater.aspects.LogAspect ? - Method 'findCommentById' executed with arguments: 85
2024-05-19 04:23:11,035 [http-nio-8082-exec-1] INFO  com.ispan.theater.aspects.LogAspect ? - Method 'findCommentById' executed with arguments: 85
2024-05-19 04:23:14,776 [http-nio-8082-exec-2] INFO  com.ispan.theater.aspects.LogAspect ? - Method 'findCommentById' executed with arguments: 85
2024-05-19 04:24:01,119 [http-nio-8082-exec-8] INFO  com.ispan.theater.aspects.LogAspect ? - Method 'insertComment' executed with arguments: com.ispan.theater.domain.Comment@711c5f0a
2024-05-19 04:24:44,264 [http-nio-8082-exec-1] INFO  com.ispan.theater.aspects.LogAspect ? - Method 'insertComment' executed with arguments: com.ispan.theater.domain.Comment@2535ffe8
2024-05-19 04:24:50,179 [http-nio-8082-exec-3] INFO  com.ispan.theater.aspects.LogAspect ? - Method 'insertComment' executed with arguments: com.ispan.theater.domain.Comment@6f688d02
2024-05-19 04:24:51,174 [http-nio-8082-exec-2] INFO  com.ispan.theater.aspects.LogAspect ? - Method 'insertComment' executed with arguments: com.ispan.theater.domain.Comment@749fb912
2024-05-19 04:24:52,143 [http-nio-8082-exec-4] INFO  com.ispan.theater.aspects.LogAspect ? - Method 'insertComment' executed with arguments: com.ispan.theater.domain.Comment@6bba5cd1
2024-05-19 04:25:05,923 [http-nio-8082-exec-6] WARN  o.s.w.s.m.s.DefaultHandlerExceptionResolver ? - Resolved [org.springframework.web.method.annotation.MethodArgumentTypeMismatchException: Failed to convert value of type 'java.lang.String' to required type 'java.lang.Integer'; For input string: "undefined"]
2024-05-19 04:25:15,861 [http-nio-8082-exec-7] WARN  o.s.w.s.m.s.DefaultHandlerExceptionResolver ? - Resolved [org.springframework.web.method.annotation.MethodArgumentTypeMismatchException: Failed to convert value of type 'java.lang.String' to required type 'java.lang.Integer'; For input string: "undefined"]
2024-05-19 04:25:23,574 [http-nio-8082-exec-8] WARN  o.s.w.s.m.s.DefaultHandlerExceptionResolver ? - Resolved [org.springframework.web.method.annotation.MethodArgumentTypeMismatchException: Failed to convert value of type 'java.lang.String' to required type 'java.lang.Integer'; For input string: "undefined"]
2024-05-19 04:26:36,042 [http-nio-8082-exec-1] INFO  com.ispan.theater.aspects.LogAspect ? - Method 'findCommentById' executed with arguments: 122
2024-05-19 04:26:54,230 [http-nio-8082-exec-3] INFO  com.ispan.theater.aspects.LogAspect ? - Method 'findCommentById' executed with arguments: 122
2024-05-19 04:27:10,130 [http-nio-8082-exec-4] WARN  o.s.w.s.m.s.DefaultHandlerExceptionResolver ? - Resolved [org.springframework.web.method.annotation.MethodArgumentTypeMismatchException: Failed to convert value of type 'java.lang.String' to required type 'java.lang.Integer'; For input string: "undefined"]
2024-05-19 04:27:13,170 [http-nio-8082-exec-5] INFO  com.ispan.theater.aspects.LogAspect ? - Method 'insertComment' executed with arguments: com.ispan.theater.domain.Comment@1e8d1650
2024-05-19 04:27:25,253 [http-nio-8082-exec-7] WARN  o.s.w.s.m.s.DefaultHandlerExceptionResolver ? - Resolved [org.springframework.web.method.annotation.MethodArgumentTypeMismatchException: Failed to convert value of type 'java.lang.String' to required type 'java.lang.Integer'; For input string: "undefined"]
2024-05-19 04:28:32,908 [http-nio-8082-exec-9] WARN  o.s.w.s.m.s.DefaultHandlerExceptionResolver ? - Resolved [org.springframework.web.method.annotation.MethodArgumentTypeMismatchException: Failed to convert value of type 'java.lang.String' to required type 'java.lang.Integer'; For input string: "undefined"]
2024-05-19 04:28:38,113 [http-nio-8082-exec-1] WARN  o.s.w.s.m.s.DefaultHandlerExceptionResolver ? - Resolved [org.springframework.web.method.annotation.MethodArgumentTypeMismatchException: Failed to convert value of type 'java.lang.String' to required type 'java.lang.Integer'; For input string: "undefined"]
2024-05-19 04:33:03,101 [http-nio-8082-exec-4] WARN  o.s.w.s.m.s.DefaultHandlerExceptionResolver ? - Resolved [org.springframework.web.method.annotation.MethodArgumentTypeMismatchException: Failed to convert value of type 'java.lang.String' to required type 'java.lang.Integer'; For input string: "undefined"]
2024-05-19 04:34:46,826 [http-nio-8082-exec-6] INFO  com.ispan.theater.aspects.LogAspect ? - Method 'findCommentById' executed with arguments: 122
2024-05-19 04:35:14,761 [http-nio-8082-exec-7] INFO  com.ispan.theater.aspects.LogAspect ? - Method 'findCommentById' executed with arguments: 121
2024-05-19 04:37:43,368 [http-nio-8082-exec-1] WARN  o.s.w.s.m.s.DefaultHandlerExceptionResolver ? - Resolved [org.springframework.web.method.annotation.MethodArgumentTypeMismatchException: Failed to convert value of type 'java.lang.String' to required type 'java.lang.Integer'; For input string: "undefined"]
2024-05-19 04:37:58,379 [http-nio-8082-exec-2] WARN  o.s.w.s.m.s.DefaultHandlerExceptionResolver ? - Resolved [org.springframework.web.method.annotation.MethodArgumentTypeMismatchException: Failed to convert value of type 'java.lang.String' to required type 'java.lang.Integer'; For input string: "undefined"]
2024-05-19 04:41:13,378 [http-nio-8082-exec-5] INFO  com.ispan.theater.aspects.LogAspect ? - Method 'findCommentById' executed with arguments: 121
2024-05-19 04:41:25,318 [http-nio-8082-exec-8] INFO  com.ispan.theater.aspects.LogAspect ? - Method 'findCommentById' executed with arguments: 120
2024-05-19 04:43:22,113 [http-nio-8082-exec-2] INFO  com.ispan.theater.aspects.LogAspect ? - Method 'findCommentById' executed with arguments: 122
2024-05-19 04:43:30,274 [http-nio-8082-exec-5] INFO  com.ispan.theater.aspects.LogAspect ? - Method 'findCommentById' executed with arguments: 122
2024-05-19 04:44:21,980 [http-nio-8082-exec-8] INFO  com.ispan.theater.aspects.LogAspect ? - Method 'findCommentById' executed with arguments: 122
2024-05-19 04:44:30,709 [http-nio-8082-exec-1] INFO  com.ispan.theater.aspects.LogAspect ? - Method 'findCommentById' executed with arguments: 119
2024-05-19 04:45:19,683 [http-nio-8082-exec-2] INFO  com.ispan.theater.aspects.LogAspect ? - Method 'findCommentById' executed with arguments: 122
2024-05-19 04:45:39,714 [http-nio-8082-exec-5] INFO  com.ispan.theater.aspects.LogAspect ? - Method 'findCommentById' executed with arguments: 119
2024-05-19 04:45:46,597 [http-nio-8082-exec-7] INFO  com.ispan.theater.aspects.LogAspect ? - Method 'findCommentById' executed with arguments: 122
2024-05-19 04:45:53,261 [http-nio-8082-exec-9] INFO  com.ispan.theater.aspects.LogAspect ? - Method 'findCommentById' executed with arguments: 119
2024-05-19 04:46:02,166 [http-nio-8082-exec-3] INFO  com.ispan.theater.aspects.LogAspect ? - Method 'findCommentById' executed with arguments: 119
2024-05-19 04:46:41,651 [http-nio-8082-exec-5] INFO  com.ispan.theater.aspects.LogAspect ? - Method 'findCommentById' executed with arguments: 122
2024-05-19 04:46:51,076 [http-nio-8082-exec-7] INFO  com.ispan.theater.aspects.LogAspect ? - Method 'findCommentById' executed with arguments: 122
2024-05-19 04:47:39,502 [http-nio-8082-exec-10] INFO  com.ispan.theater.aspects.LogAspect ? - Method 'findCommentById' executed with arguments: 121
2024-05-19 04:47:58,419 [http-nio-8082-exec-3] INFO  com.ispan.theater.aspects.LogAspect ? - Method 'findCommentById' executed with arguments: 119
2024-05-19 04:48:26,371 [http-nio-8082-exec-4] INFO  com.ispan.theater.aspects.LogAspect ? - Method 'findCommentById' executed with arguments: 119
2024-05-19 04:49:19,508 [http-nio-8082-exec-7] INFO  com.ispan.theater.aspects.LogAspect ? - Method 'findCommentById' executed with arguments: 122
2024-05-19 04:50:26,049 [RMI TCP Connection(82)-127.0.0.1] INFO  o.s.b.a.SpringApplicationAdminMXBeanRegistrar$SpringApplicationAdmin ? - Application shutdown requested.
2024-05-19 04:50:26,054 [RMI TCP Connection(82)-127.0.0.1] INFO  o.a.coyote.http11.Http11NioProtocol ? - Stopping ProtocolHandler ["http-nio-8082"]
2024-05-19 04:50:26,062 [RMI TCP Connection(82)-127.0.0.1] INFO  o.s.o.j.LocalContainerEntityManagerFactoryBean ? - Closing JPA EntityManagerFactory for persistence unit 'default'
2024-05-19 04:50:26,065 [RMI TCP Connection(82)-127.0.0.1] INFO  com.zaxxer.hikari.HikariDataSource ? - HikariPool-1 - Shutdown initiated...
2024-05-19 04:50:26,068 [RMI TCP Connection(82)-127.0.0.1] INFO  com.zaxxer.hikari.HikariDataSource ? - HikariPool-1 - Shutdown completed.
2024-05-19 18:12:33,340 [restartedMain] INFO  c.ispan.theater.TheaterApplication ? - Starting TheaterApplication using Java 17.0.10 with PID 14240 (C:\Users\USER\Desktop\movie\target\classes started by USER in C:\Users\USER\Desktop\movie)
2024-05-19 18:12:33,343 [restartedMain] INFO  c.ispan.theater.TheaterApplication ? - No active profile set, falling back to 1 default profile: "default"
2024-05-19 18:12:33,408 [restartedMain] INFO  o.s.b.d.e.DevToolsPropertyDefaultsPostProcessor ? - Devtools property defaults active! Set 'spring.devtools.add-properties' to 'false' to disable
2024-05-19 18:12:33,408 [restartedMain] INFO  o.s.b.d.e.DevToolsPropertyDefaultsPostProcessor ? - For additional web related logging consider setting the 'logging.level.web' property to 'DEBUG'
2024-05-19 18:12:35,130 [restartedMain] INFO  o.s.d.r.c.RepositoryConfigurationDelegate ? - Multiple Spring Data modules found, entering strict repository configuration mode
2024-05-19 18:12:35,132 [restartedMain] INFO  o.s.d.r.c.RepositoryConfigurationDelegate ? - Bootstrapping Spring Data JDBC repositories in DEFAULT mode.
2024-05-19 18:12:35,171 [restartedMain] INFO  o.s.d.r.c.RepositoryConfigurationExtensionSupport ? - Spring Data JDBC - Could not safely identify store assignment for repository candidate interface com.ispan.theater.repository.ActorRepository; If you want this repository to be a JDBC repository, consider annotating your entities with one of these annotations: org.springframework.data.relational.core.mapping.Table.
2024-05-19 18:12:35,173 [restartedMain] INFO  o.s.d.r.c.RepositoryConfigurationExtensionSupport ? - Spring Data JDBC - Could not safely identify store assignment for repository candidate interface com.ispan.theater.repository.AdminRepository; If you want this repository to be a JDBC repository, consider annotating your entities with one of these annotations: org.springframework.data.relational.core.mapping.Table.
2024-05-19 18:12:35,174 [restartedMain] INFO  o.s.d.r.c.RepositoryConfigurationExtensionSupport ? - Spring Data JDBC - Could not safely identify store assignment for repository candidate interface com.ispan.theater.repository.AuditoriumLevelRepository; If you want this repository to be a JDBC repository, consider annotating your entities with one of these annotations: org.springframework.data.relational.core.mapping.Table.
2024-05-19 18:12:35,175 [restartedMain] INFO  o.s.d.r.c.RepositoryConfigurationExtensionSupport ? - Spring Data JDBC - Could not safely identify store assignment for repository candidate interface com.ispan.theater.repository.AuditoriumRepository; If you want this repository to be a JDBC repository, consider annotating your entities with one of these annotations: org.springframework.data.relational.core.mapping.Table.
2024-05-19 18:12:35,176 [restartedMain] INFO  o.s.d.r.c.RepositoryConfigurationExtensionSupport ? - Spring Data JDBC - Could not safely identify store assignment for repository candidate interface com.ispan.theater.repository.CategoryRepository; If you want this repository to be a JDBC repository, consider annotating your entities with one of these annotations: org.springframework.data.relational.core.mapping.Table.
2024-05-19 18:12:35,177 [restartedMain] INFO  o.s.d.r.c.RepositoryConfigurationExtensionSupport ? - Spring Data JDBC - Could not safely identify store assignment for repository candidate interface com.ispan.theater.repository.CinemaRepository; If you want this repository to be a JDBC repository, consider annotating your entities with one of these annotations: org.springframework.data.relational.core.mapping.Table.
2024-05-19 18:12:35,179 [restartedMain] INFO  o.s.d.r.c.RepositoryConfigurationExtensionSupport ? - Spring Data JDBC - Could not safely identify store assignment for repository candidate interface com.ispan.theater.repository.CollectRepository; If you want this repository to be a JDBC repository, consider annotating your entities with one of these annotations: org.springframework.data.relational.core.mapping.Table.
2024-05-19 18:12:35,180 [restartedMain] INFO  o.s.d.r.c.RepositoryConfigurationExtensionSupport ? - Spring Data JDBC - Could not safely identify store assignment for repository candidate interface com.ispan.theater.repository.CommentRepository; If you want this repository to be a JDBC repository, consider annotating your entities with one of these annotations: org.springframework.data.relational.core.mapping.Table.
2024-05-19 18:12:35,182 [restartedMain] INFO  o.s.d.r.c.RepositoryConfigurationExtensionSupport ? - Spring Data JDBC - Could not safely identify store assignment for repository candidate interface com.ispan.theater.repository.CustomerServiceRepository; If you want this repository to be a JDBC repository, consider annotating your entities with one of these annotations: org.springframework.data.relational.core.mapping.Table.
2024-05-19 18:12:35,184 [restartedMain] INFO  o.s.d.r.c.RepositoryConfigurationExtensionSupport ? - Spring Data JDBC - Could not safely identify store assignment for repository candidate interface com.ispan.theater.repository.EmployeeRepository; If you want this repository to be a JDBC repository, consider annotating your entities with one of these annotations: org.springframework.data.relational.core.mapping.Table.
2024-05-19 18:12:35,185 [restartedMain] INFO  o.s.d.r.c.RepositoryConfigurationExtensionSupport ? - Spring Data JDBC - Could not safely identify store assignment for repository candidate interface com.ispan.theater.repository.LayoutRepository; If you want this repository to be a JDBC repository, consider annotating your entities with one of these annotations: org.springframework.data.relational.core.mapping.Table.
2024-05-19 18:12:35,187 [restartedMain] INFO  o.s.d.r.c.RepositoryConfigurationExtensionSupport ? - Spring Data JDBC - Could not safely identify store assignment for repository candidate interface com.ispan.theater.repository.MovieActRepository; If you want this repository to be a JDBC repository, consider annotating your entities with one of these annotations: org.springframework.data.relational.core.mapping.Table.
2024-05-19 18:12:35,188 [restartedMain] INFO  o.s.d.r.c.RepositoryConfigurationExtensionSupport ? - Spring Data JDBC - Could not safely identify store assignment for repository candidate interface com.ispan.theater.repository.MoviePictureRepository; If you want this repository to be a JDBC repository, consider annotating your entities with one of these annotations: org.springframework.data.relational.core.mapping.Table.
2024-05-19 18:12:35,191 [restartedMain] INFO  o.s.d.r.c.RepositoryConfigurationExtensionSupport ? - Spring Data JDBC - Could not safely identify store assignment for repository candidate interface com.ispan.theater.repository.MovieRepository; If you want this repository to be a JDBC repository, consider annotating your entities with one of these annotations: org.springframework.data.relational.core.mapping.Table.
2024-05-19 18:12:35,193 [restartedMain] INFO  o.s.d.r.c.RepositoryConfigurationExtensionSupport ? - Spring Data JDBC - Could not safely identify store assignment for repository candidate interface com.ispan.theater.repository.OrderDetailRepository; If you want this repository to be a JDBC repository, consider annotating your entities with one of these annotations: org.springframework.data.relational.core.mapping.Table.
2024-05-19 18:12:35,194 [restartedMain] INFO  o.s.d.r.c.RepositoryConfigurationExtensionSupport ? - Spring Data JDBC - Could not safely identify store assignment for repository candidate interface com.ispan.theater.repository.OrderRepository; If you want this repository to be a JDBC repository, consider annotating your entities with one of these annotations: org.springframework.data.relational.core.mapping.Table.
2024-05-19 18:12:35,195 [restartedMain] INFO  o.s.d.r.c.RepositoryConfigurationExtensionSupport ? - Spring Data JDBC - Could not safely identify store assignment for repository candidate interface com.ispan.theater.repository.RatedRepository; If you want this repository to be a JDBC repository, consider annotating your entities with one of these annotations: org.springframework.data.relational.core.mapping.Table.
2024-05-19 18:12:35,197 [restartedMain] INFO  o.s.d.r.c.RepositoryConfigurationExtensionSupport ? - Spring Data JDBC - Could not safely identify store assignment for repository candidate interface com.ispan.theater.repository.ScreeningRepository; If you want this repository to be a JDBC repository, consider annotating your entities with one of these annotations: org.springframework.data.relational.core.mapping.Table.
2024-05-19 18:12:35,197 [restartedMain] INFO  o.s.d.r.c.RepositoryConfigurationExtensionSupport ? - Spring Data JDBC - Could not safely identify store assignment for repository candidate interface com.ispan.theater.repository.SeatRepository; If you want this repository to be a JDBC repository, consider annotating your entities with one of these annotations: org.springframework.data.relational.core.mapping.Table.
2024-05-19 18:12:35,198 [restartedMain] INFO  o.s.d.r.c.RepositoryConfigurationExtensionSupport ? - Spring Data JDBC - Could not safely identify store assignment for repository candidate interface com.ispan.theater.repository.TicketRepository; If you want this repository to be a JDBC repository, consider annotating your entities with one of these annotations: org.springframework.data.relational.core.mapping.Table.
2024-05-19 18:12:35,200 [restartedMain] INFO  o.s.d.r.c.RepositoryConfigurationExtensionSupport ? - Spring Data JDBC - Could not safely identify store assignment for repository candidate interface com.ispan.theater.repository.UserRepository; If you want this repository to be a JDBC repository, consider annotating your entities with one of these annotations: org.springframework.data.relational.core.mapping.Table.
2024-05-19 18:12:35,201 [restartedMain] INFO  o.s.d.r.c.RepositoryConfigurationDelegate ? - Finished Spring Data repository scanning in 61 ms. Found 0 JDBC repository interfaces.
2024-05-19 18:12:35,211 [restartedMain] INFO  o.s.d.r.c.RepositoryConfigurationDelegate ? - Multiple Spring Data modules found, entering strict repository configuration mode
2024-05-19 18:12:35,212 [restartedMain] INFO  o.s.d.r.c.RepositoryConfigurationDelegate ? - Bootstrapping Spring Data JPA repositories in DEFAULT mode.
2024-05-19 18:12:35,275 [restartedMain] INFO  o.s.d.r.c.RepositoryConfigurationDelegate ? - Finished Spring Data repository scanning in 56 ms. Found 21 JPA repository interfaces.
2024-05-19 18:12:36,295 [restartedMain] INFO  o.s.b.w.e.tomcat.TomcatWebServer ? - Tomcat initialized with port 8082 (http)
2024-05-19 18:12:36,311 [restartedMain] INFO  o.a.coyote.http11.Http11NioProtocol ? - Initializing ProtocolHandler ["http-nio-8082"]
2024-05-19 18:12:36,313 [restartedMain] INFO  o.a.catalina.core.StandardService ? - Starting service [Tomcat]
2024-05-19 18:12:36,313 [restartedMain] INFO  o.a.catalina.core.StandardEngine ? - Starting Servlet engine: [Apache Tomcat/10.1.20]
2024-05-19 18:12:36,379 [restartedMain] INFO  o.a.c.c.C.[Tomcat].[localhost].[/] ? - Initializing Spring embedded WebApplicationContext
2024-05-19 18:12:36,379 [restartedMain] INFO  o.s.b.w.s.c.ServletWebServerApplicationContext ? - Root WebApplicationContext: initialization completed in 2970 ms
2024-05-19 18:12:36,596 [restartedMain] INFO  o.h.jpa.internal.util.LogHelper ? - HHH000204: Processing PersistenceUnitInfo [name: default]
2024-05-19 18:12:36,675 [restartedMain] INFO  org.hibernate.Version ? - HHH000412: Hibernate ORM core version 6.4.4.Final
2024-05-19 18:12:36,715 [restartedMain] INFO  o.h.c.i.RegionFactoryInitiator ? - HHH000026: Second-level cache disabled
2024-05-19 18:12:36,987 [restartedMain] INFO  o.s.o.j.p.SpringPersistenceUnitInfo ? - No LoadTimeWeaver setup: ignoring JPA class transformer
2024-05-19 18:12:37,025 [restartedMain] INFO  com.zaxxer.hikari.HikariDataSource ? - HikariPool-1 - Starting...
2024-05-19 18:12:37,396 [restartedMain] INFO  com.zaxxer.hikari.pool.HikariPool ? - HikariPool-1 - Added connection ConnectionID:1 ClientConnectionId: e6842841-4fc8-40bd-93a4-d4a4992e3b3a
2024-05-19 18:12:37,402 [restartedMain] INFO  com.zaxxer.hikari.HikariDataSource ? - HikariPool-1 - Start completed.
2024-05-19 18:12:37,439 [restartedMain] WARN  org.hibernate.orm.deprecation ? - HHH90000025: SQLServerDialect does not need to be specified explicitly using 'hibernate.dialect' (remove the property setting and it will be selected by default)
2024-05-19 18:12:38,971 [restartedMain] INFO  o.h.e.t.j.p.i.JtaPlatformInitiator ? - HHH000489: No JTA platform available (set 'hibernate.transaction.jta.platform' to enable JTA platform integration)
2024-05-19 18:12:40,066 [restartedMain] INFO  o.s.o.j.LocalContainerEntityManagerFactoryBean ? - Initialized JPA EntityManagerFactory for persistence unit 'default'
2024-05-19 18:12:40,586 [restartedMain] INFO  o.s.d.j.r.query.QueryEnhancerFactory ? - JSqlParser is in classpath; If applicable, JSqlParser will be used
2024-05-19 18:12:40,586 [restartedMain] INFO  o.s.d.j.r.query.QueryEnhancerFactory ? - Hibernate is in classpath; If applicable, HQL parser will be used.
2024-05-19 18:12:42,574 [restartedMain] WARN  o.s.b.a.o.j.JpaBaseConfiguration$JpaWebConfiguration ? - spring.jpa.open-in-view is enabled by default. Therefore, database queries may be performed during view rendering. Explicitly configure spring.jpa.open-in-view to disable this warning
2024-05-19 18:12:43,524 [restartedMain] WARN  o.s.data.convert.CustomConversions ? - Registering converter from class microsoft.sql.DateTimeOffset to class java.time.OffsetDateTime as reading converter although it doesn't convert from a store-supported type; You might want to check your annotation setup at the converter implementation
2024-05-19 18:12:43,950 [restartedMain] INFO  o.s.b.d.a.OptionalLiveReloadServer ? - LiveReload server is running on port 35729
2024-05-19 18:12:43,987 [restartedMain] INFO  o.a.coyote.http11.Http11NioProtocol ? - Starting ProtocolHandler ["http-nio-8082"]
2024-05-19 18:12:44,017 [restartedMain] INFO  o.s.b.w.e.tomcat.TomcatWebServer ? - Tomcat started on port 8082 (http) with context path ''
2024-05-19 18:12:44,031 [restartedMain] INFO  c.ispan.theater.TheaterApplication ? - Started TheaterApplication in 11.25 seconds (process running for 12.131)
2024-05-19 18:13:14,246 [http-nio-8082-exec-1] INFO  o.a.c.c.C.[Tomcat].[localhost].[/] ? - Initializing Spring DispatcherServlet 'dispatcherServlet'
2024-05-19 18:13:14,246 [http-nio-8082-exec-1] INFO  o.s.web.servlet.DispatcherServlet ? - Initializing Servlet 'dispatcherServlet'
2024-05-19 18:13:14,248 [http-nio-8082-exec-1] INFO  o.s.web.servlet.DispatcherServlet ? - Completed initialization in 2 ms
2024-05-19 18:14:49,982 [http-nio-8082-exec-4] INFO  com.ispan.theater.aspects.LogAspect ? - Method 'existByEmail' executed with arguments: 123@gmail.com
2024-05-19 18:14:56,455 [http-nio-8082-exec-5] INFO  com.ispan.theater.aspects.LogAspect ? - Method 'existByPhone' executed with arguments: 0912345678
2024-05-19 18:14:56,704 [http-nio-8082-exec-6] INFO  com.ispan.theater.aspects.LogAspect ? - Method 'existByEmail' executed with arguments: 123@gmail.com
2024-05-19 18:14:56,729 [http-nio-8082-exec-7] INFO  com.ispan.theater.aspects.LogAspect ? - Method 'existByPhone' executed with arguments: 0912345678
2024-05-19 18:14:56,754 [http-nio-8082-exec-10] INFO  com.ispan.theater.aspects.LogAspect ? - Method 'existByPhoneOrEmail' executed with arguments: 123@gmail.com, 0912345678
2024-05-19 18:15:01,118 [http-nio-8082-exec-8] INFO  com.ispan.theater.aspects.LogAspect ? - Method 'existByPhone' executed with arguments: 0912345670
2024-05-19 18:15:01,160 [http-nio-8082-exec-1] INFO  com.ispan.theater.aspects.LogAspect ? - Method 'existByPhoneOrEmail' executed with arguments: 123@gmail.com, 0912345670
2024-05-19 18:15:01,162 [http-nio-8082-exec-3] INFO  com.ispan.theater.aspects.LogAspect ? - Method 'existByEmail' executed with arguments: 123@gmail.com
2024-05-19 18:15:01,177 [http-nio-8082-exec-2] INFO  com.ispan.theater.aspects.LogAspect ? - Method 'existByPhone' executed with arguments: 0912345670
2024-05-19 18:15:01,415 [http-nio-8082-exec-1] INFO  com.ispan.theater.aspects.LogAspect ? - Method 'InsertUser' executed with arguments: {"image":"","password":"123","gender":"M","userLastname":"","phone":"0912345670","userFirstname":"","birth":"2024-05-19","email":"123@gmail.com"}
2024-05-19 18:15:34,311 [http-nio-8082-exec-10] INFO  com.ispan.theater.aspects.LogAspect ? - Method 'checkLogin' executed with arguments: {"password":"123","username":"123@gmial.com"}
2024-05-19 18:15:39,079 [http-nio-8082-exec-8] INFO  com.ispan.theater.aspects.LogAspect ? - Method 'checkLogin' executed with arguments: {"password":"123","username":"123@gmail.com"}
2024-05-19 18:15:40,933 [http-nio-8082-exec-2] INFO  com.ispan.theater.aspects.LogAspect ? - Method 'getUserById' executed with arguments: 8
2024-05-19 18:15:41,002 [http-nio-8082-exec-1] INFO  com.ispan.theater.aspects.LogAspect ? - Method 'findUserByEmail' executed with arguments: 123@gmail.com
2024-05-19 18:16:08,027 [http-nio-8082-exec-10] INFO  com.ispan.theater.aspects.LogAspect ? - Method 'insertComment' executed with arguments: com.ispan.theater.domain.Comment@44c7e977
2024-05-19 18:16:17,446 [http-nio-8082-exec-3] INFO  com.ispan.theater.aspects.LogAspect ? - Method 'insertComment' executed with arguments: com.ispan.theater.domain.Comment@460dba30
2024-05-19 18:16:18,424 [http-nio-8082-exec-1] ERROR o.a.c.c.C.[.[.[.[dispatcherServlet] ? - Servlet.service() for servlet [dispatcherServlet] in context with path [] threw exception [Request processing failed: java.lang.NullPointerException: Cannot invoke "com.ispan.theater.domain.User.setId(java.lang.Integer)" because the return value of "com.ispan.theater.domain.Comment.getUserId()" is null] with root cause
java.lang.NullPointerException: Cannot invoke "com.ispan.theater.domain.User.setId(java.lang.Integer)" because the return value of "com.ispan.theater.domain.Comment.getUserId()" is null
	at com.ispan.theater.controller.CommentController.save(CommentController.java:69)
	at java.base/jdk.internal.reflect.NativeMethodAccessorImpl.invoke0(Native Method)
	at java.base/jdk.internal.reflect.NativeMethodAccessorImpl.invoke(NativeMethodAccessorImpl.java:77)
	at java.base/jdk.internal.reflect.DelegatingMethodAccessorImpl.invoke(DelegatingMethodAccessorImpl.java:43)
	at java.base/java.lang.reflect.Method.invoke(Method.java:568)
	at org.springframework.web.method.support.InvocableHandlerMethod.doInvoke(InvocableHandlerMethod.java:255)
	at org.springframework.web.method.support.InvocableHandlerMethod.invokeForRequest(InvocableHandlerMethod.java:188)
	at org.springframework.web.servlet.mvc.method.annotation.ServletInvocableHandlerMethod.invokeAndHandle(ServletInvocableHandlerMethod.java:118)
	at org.springframework.web.servlet.mvc.method.annotation.RequestMappingHandlerAdapter.invokeHandlerMethod(RequestMappingHandlerAdapter.java:926)
	at org.springframework.web.servlet.mvc.method.annotation.RequestMappingHandlerAdapter.handleInternal(RequestMappingHandlerAdapter.java:831)
	at org.springframework.web.servlet.mvc.method.AbstractHandlerMethodAdapter.handle(AbstractHandlerMethodAdapter.java:87)
	at org.springframework.web.servlet.DispatcherServlet.doDispatch(DispatcherServlet.java:1089)
	at org.springframework.web.servlet.DispatcherServlet.doService(DispatcherServlet.java:979)
	at org.springframework.web.servlet.FrameworkServlet.processRequest(FrameworkServlet.java:1014)
	at org.springframework.web.servlet.FrameworkServlet.doPost(FrameworkServlet.java:914)
	at jakarta.servlet.http.HttpServlet.service(HttpServlet.java:590)
	at org.springframework.web.servlet.FrameworkServlet.service(FrameworkServlet.java:885)
	at jakarta.servlet.http.HttpServlet.service(HttpServlet.java:658)
	at org.apache.catalina.core.ApplicationFilterChain.internalDoFilter(ApplicationFilterChain.java:206)
	at org.apache.catalina.core.ApplicationFilterChain.doFilter(ApplicationFilterChain.java:150)
	at org.apache.tomcat.websocket.server.WsFilter.doFilter(WsFilter.java:51)
	at org.apache.catalina.core.ApplicationFilterChain.internalDoFilter(ApplicationFilterChain.java:175)
	at org.apache.catalina.core.ApplicationFilterChain.doFilter(ApplicationFilterChain.java:150)
	at org.springframework.web.filter.RequestContextFilter.doFilterInternal(RequestContextFilter.java:100)
	at org.springframework.web.filter.OncePerRequestFilter.doFilter(OncePerRequestFilter.java:116)
	at org.apache.catalina.core.ApplicationFilterChain.internalDoFilter(ApplicationFilterChain.java:175)
	at org.apache.catalina.core.ApplicationFilterChain.doFilter(ApplicationFilterChain.java:150)
	at org.springframework.web.filter.FormContentFilter.doFilterInternal(FormContentFilter.java:93)
	at org.springframework.web.filter.OncePerRequestFilter.doFilter(OncePerRequestFilter.java:116)
	at org.apache.catalina.core.ApplicationFilterChain.internalDoFilter(ApplicationFilterChain.java:175)
	at org.apache.catalina.core.ApplicationFilterChain.doFilter(ApplicationFilterChain.java:150)
	at org.springframework.web.filter.CharacterEncodingFilter.doFilterInternal(CharacterEncodingFilter.java:201)
	at org.springframework.web.filter.OncePerRequestFilter.doFilter(OncePerRequestFilter.java:116)
	at org.apache.catalina.core.ApplicationFilterChain.internalDoFilter(ApplicationFilterChain.java:175)
	at org.apache.catalina.core.ApplicationFilterChain.doFilter(ApplicationFilterChain.java:150)
	at org.apache.catalina.core.StandardWrapperValve.invoke(StandardWrapperValve.java:167)
	at org.apache.catalina.core.StandardContextValve.invoke(StandardContextValve.java:90)
	at org.apache.catalina.authenticator.AuthenticatorBase.invoke(AuthenticatorBase.java:482)
	at org.apache.catalina.core.StandardHostValve.invoke(StandardHostValve.java:115)
	at org.apache.catalina.valves.ErrorReportValve.invoke(ErrorReportValve.java:93)
	at org.apache.catalina.core.StandardEngineValve.invoke(StandardEngineValve.java:74)
	at org.apache.catalina.connector.CoyoteAdapter.service(CoyoteAdapter.java:344)
	at org.apache.coyote.http11.Http11Processor.service(Http11Processor.java:391)
	at org.apache.coyote.AbstractProcessorLight.process(AbstractProcessorLight.java:63)
	at org.apache.coyote.AbstractProtocol$ConnectionHandler.process(AbstractProtocol.java:896)
	at org.apache.tomcat.util.net.NioEndpoint$SocketProcessor.doRun(NioEndpoint.java:1736)
	at org.apache.tomcat.util.net.SocketProcessorBase.run(SocketProcessorBase.java:52)
	at org.apache.tomcat.util.threads.ThreadPoolExecutor.runWorker(ThreadPoolExecutor.java:1191)
	at org.apache.tomcat.util.threads.ThreadPoolExecutor$Worker.run(ThreadPoolExecutor.java:659)
	at org.apache.tomcat.util.threads.TaskThread$WrappingRunnable.run(TaskThread.java:63)
	at java.base/java.lang.Thread.run(Thread.java:840)
2024-05-19 18:16:46,310 [http-nio-8082-exec-5] INFO  com.ispan.theater.aspects.LogAspect ? - Method 'insertComment' executed with arguments: com.ispan.theater.domain.Comment@458dd2a
2024-05-19 18:16:55,353 [http-nio-8082-exec-9] INFO  com.ispan.theater.aspects.LogAspect ? - Method 'insertComment' executed with arguments: com.ispan.theater.domain.Comment@28c7d632
2024-05-19 18:17:02,710 [http-nio-8082-exec-10] WARN  o.s.w.s.m.s.DefaultHandlerExceptionResolver ? - Resolved [org.springframework.web.bind.MissingServletRequestParameterException: Required request parameter 'movieId' for method parameter type Movie is not present]
2024-05-19 18:17:25,148 [http-nio-8082-exec-2] INFO  com.ispan.theater.aspects.LogAspect ? - Method 'findCommentById' executed with arguments: 26
2024-05-19 18:17:29,149 [http-nio-8082-exec-4] INFO  com.ispan.theater.aspects.LogAspect ? - Method 'findCommentById' executed with arguments: 26
2024-05-19 18:17:38,133 [http-nio-8082-exec-6] INFO  com.ispan.theater.aspects.LogAspect ? - Method 'findCommentById' executed with arguments: 26
2024-05-19 18:18:17,322 [http-nio-8082-exec-8] INFO  com.ispan.theater.aspects.LogAspect ? - Method 'insertComment' executed with arguments: com.ispan.theater.domain.Comment@52987a2e
2024-05-19 18:18:31,279 [http-nio-8082-exec-2] INFO  com.ispan.theater.aspects.LogAspect ? - Method 'insertComment' executed with arguments: com.ispan.theater.domain.Comment@183de537
2024-05-19 18:18:46,569 [http-nio-8082-exec-5] INFO  com.ispan.theater.aspects.LogAspect ? - Method 'findCommentById' executed with arguments: 128
2024-05-19 18:18:55,505 [http-nio-8082-exec-9] INFO  com.ispan.theater.aspects.LogAspect ? - Method 'findCommentById' executed with arguments: 128
2024-05-19 18:19:00,323 [http-nio-8082-exec-8] INFO  com.ispan.theater.aspects.LogAspect ? - Method 'findCommentById' executed with arguments: 122
2024-05-19 18:19:08,153 [http-nio-8082-exec-1] INFO  com.ispan.theater.aspects.LogAspect ? - Method 'findCommentById' executed with arguments: 122
2024-05-19 18:19:20,851 [http-nio-8082-exec-6] INFO  com.ispan.theater.aspects.LogAspect ? - Method 'findCommentById' executed with arguments: 122
2024-05-19 18:23:30,010 [http-nio-8082-exec-10] INFO  com.ispan.theater.aspects.LogAspect ? - Method 'findCommentById' executed with arguments: 128
2024-05-19 18:23:33,612 [http-nio-8082-exec-3] INFO  com.ispan.theater.aspects.LogAspect ? - Method 'findCommentById' executed with arguments: 122
2024-05-19 18:23:41,813 [http-nio-8082-exec-1] INFO  com.ispan.theater.aspects.LogAspect ? - Method 'findCommentById' executed with arguments: 122
2024-05-19 18:23:44,322 [http-nio-8082-exec-4] INFO  com.ispan.theater.aspects.LogAspect ? - Method 'findCommentById' executed with arguments: 122
2024-05-19 18:23:44,751 [http-nio-8082-exec-5] INFO  com.ispan.theater.aspects.LogAspect ? - Method 'findCommentById' executed with arguments: 122
2024-05-19 18:23:44,805 [http-nio-8082-exec-7] INFO  com.ispan.theater.aspects.LogAspect ? - Method 'findCommentById' executed with arguments: 122
2024-05-19 18:23:44,811 [http-nio-8082-exec-6] INFO  com.ispan.theater.aspects.LogAspect ? - Method 'findCommentById' executed with arguments: 122
2024-05-19 18:23:44,864 [http-nio-8082-exec-10] INFO  com.ispan.theater.aspects.LogAspect ? - Method 'findCommentById' executed with arguments: 122
2024-05-19 18:23:44,869 [http-nio-8082-exec-9] INFO  com.ispan.theater.aspects.LogAspect ? - Method 'findCommentById' executed with arguments: 122
2024-05-19 18:23:45,463 [http-nio-8082-exec-8] INFO  com.ispan.theater.aspects.LogAspect ? - Method 'findCommentById' executed with arguments: 122
2024-05-19 18:23:49,407 [File Watcher] INFO  o.s.b.d.a.LocalDevToolsAutoConfiguration$RestartingClassPathChangeChangedEventListener ? - Restarting due to 1 class path change (0 additions, 0 deletions, 1 modification)
2024-05-19 18:23:49,412 [Thread-7] INFO  o.a.coyote.http11.Http11NioProtocol ? - Stopping ProtocolHandler ["http-nio-8082"]
2024-05-19 18:23:49,426 [Thread-7] INFO  o.s.o.j.LocalContainerEntityManagerFactoryBean ? - Closing JPA EntityManagerFactory for persistence unit 'default'
2024-05-19 18:23:49,430 [Thread-7] INFO  com.zaxxer.hikari.HikariDataSource ? - HikariPool-1 - Shutdown initiated...
2024-05-19 18:23:49,436 [Thread-7] INFO  com.zaxxer.hikari.HikariDataSource ? - HikariPool-1 - Shutdown completed.
2024-05-19 18:23:49,560 [restartedMain] INFO  c.ispan.theater.TheaterApplication ? - Starting TheaterApplication using Java 17.0.10 with PID 14240 (C:\Users\USER\Desktop\movie\target\classes started by USER in C:\Users\USER\Desktop\movie)
2024-05-19 18:23:49,560 [restartedMain] INFO  c.ispan.theater.TheaterApplication ? - No active profile set, falling back to 1 default profile: "default"
2024-05-19 18:23:50,712 [restartedMain] INFO  o.s.d.r.c.RepositoryConfigurationDelegate ? - Multiple Spring Data modules found, entering strict repository configuration mode
2024-05-19 18:23:50,712 [restartedMain] INFO  o.s.d.r.c.RepositoryConfigurationDelegate ? - Bootstrapping Spring Data JDBC repositories in DEFAULT mode.
2024-05-19 18:23:50,716 [restartedMain] INFO  o.s.d.r.c.RepositoryConfigurationExtensionSupport ? - Spring Data JDBC - Could not safely identify store assignment for repository candidate interface com.ispan.theater.repository.ActorRepository; If you want this repository to be a JDBC repository, consider annotating your entities with one of these annotations: org.springframework.data.relational.core.mapping.Table.
2024-05-19 18:23:50,717 [restartedMain] INFO  o.s.d.r.c.RepositoryConfigurationExtensionSupport ? - Spring Data JDBC - Could not safely identify store assignment for repository candidate interface com.ispan.theater.repository.AdminRepository; If you want this repository to be a JDBC repository, consider annotating your entities with one of these annotations: org.springframework.data.relational.core.mapping.Table.
2024-05-19 18:23:50,717 [restartedMain] INFO  o.s.d.r.c.RepositoryConfigurationExtensionSupport ? - Spring Data JDBC - Could not safely identify store assignment for repository candidate interface com.ispan.theater.repository.AuditoriumLevelRepository; If you want this repository to be a JDBC repository, consider annotating your entities with one of these annotations: org.springframework.data.relational.core.mapping.Table.
2024-05-19 18:23:50,718 [restartedMain] INFO  o.s.d.r.c.RepositoryConfigurationExtensionSupport ? - Spring Data JDBC - Could not safely identify store assignment for repository candidate interface com.ispan.theater.repository.AuditoriumRepository; If you want this repository to be a JDBC repository, consider annotating your entities with one of these annotations: org.springframework.data.relational.core.mapping.Table.
2024-05-19 18:23:50,719 [restartedMain] INFO  o.s.d.r.c.RepositoryConfigurationExtensionSupport ? - Spring Data JDBC - Could not safely identify store assignment for repository candidate interface com.ispan.theater.repository.CategoryRepository; If you want this repository to be a JDBC repository, consider annotating your entities with one of these annotations: org.springframework.data.relational.core.mapping.Table.
2024-05-19 18:23:50,720 [restartedMain] INFO  o.s.d.r.c.RepositoryConfigurationExtensionSupport ? - Spring Data JDBC - Could not safely identify store assignment for repository candidate interface com.ispan.theater.repository.CinemaRepository; If you want this repository to be a JDBC repository, consider annotating your entities with one of these annotations: org.springframework.data.relational.core.mapping.Table.
2024-05-19 18:23:50,721 [restartedMain] INFO  o.s.d.r.c.RepositoryConfigurationExtensionSupport ? - Spring Data JDBC - Could not safely identify store assignment for repository candidate interface com.ispan.theater.repository.CollectRepository; If you want this repository to be a JDBC repository, consider annotating your entities with one of these annotations: org.springframework.data.relational.core.mapping.Table.
2024-05-19 18:23:50,723 [restartedMain] INFO  o.s.d.r.c.RepositoryConfigurationExtensionSupport ? - Spring Data JDBC - Could not safely identify store assignment for repository candidate interface com.ispan.theater.repository.CommentRepository; If you want this repository to be a JDBC repository, consider annotating your entities with one of these annotations: org.springframework.data.relational.core.mapping.Table.
2024-05-19 18:23:50,724 [restartedMain] INFO  o.s.d.r.c.RepositoryConfigurationExtensionSupport ? - Spring Data JDBC - Could not safely identify store assignment for repository candidate interface com.ispan.theater.repository.CustomerServiceRepository; If you want this repository to be a JDBC repository, consider annotating your entities with one of these annotations: org.springframework.data.relational.core.mapping.Table.
2024-05-19 18:23:50,726 [restartedMain] INFO  o.s.d.r.c.RepositoryConfigurationExtensionSupport ? - Spring Data JDBC - Could not safely identify store assignment for repository candidate interface com.ispan.theater.repository.EmployeeRepository; If you want this repository to be a JDBC repository, consider annotating your entities with one of these annotations: org.springframework.data.relational.core.mapping.Table.
2024-05-19 18:23:50,728 [restartedMain] INFO  o.s.d.r.c.RepositoryConfigurationExtensionSupport ? - Spring Data JDBC - Could not safely identify store assignment for repository candidate interface com.ispan.theater.repository.LayoutRepository; If you want this repository to be a JDBC repository, consider annotating your entities with one of these annotations: org.springframework.data.relational.core.mapping.Table.
2024-05-19 18:23:50,730 [restartedMain] INFO  o.s.d.r.c.RepositoryConfigurationExtensionSupport ? - Spring Data JDBC - Could not safely identify store assignment for repository candidate interface com.ispan.theater.repository.MovieActRepository; If you want this repository to be a JDBC repository, consider annotating your entities with one of these annotations: org.springframework.data.relational.core.mapping.Table.
2024-05-19 18:23:50,732 [restartedMain] INFO  o.s.d.r.c.RepositoryConfigurationExtensionSupport ? - Spring Data JDBC - Could not safely identify store assignment for repository candidate interface com.ispan.theater.repository.MoviePictureRepository; If you want this repository to be a JDBC repository, consider annotating your entities with one of these annotations: org.springframework.data.relational.core.mapping.Table.
2024-05-19 18:23:50,733 [restartedMain] INFO  o.s.d.r.c.RepositoryConfigurationExtensionSupport ? - Spring Data JDBC - Could not safely identify store assignment for repository candidate interface com.ispan.theater.repository.MovieRepository; If you want this repository to be a JDBC repository, consider annotating your entities with one of these annotations: org.springframework.data.relational.core.mapping.Table.
2024-05-19 18:23:50,734 [restartedMain] INFO  o.s.d.r.c.RepositoryConfigurationExtensionSupport ? - Spring Data JDBC - Could not safely identify store assignment for repository candidate interface com.ispan.theater.repository.OrderDetailRepository; If you want this repository to be a JDBC repository, consider annotating your entities with one of these annotations: org.springframework.data.relational.core.mapping.Table.
2024-05-19 18:23:50,735 [restartedMain] INFO  o.s.d.r.c.RepositoryConfigurationExtensionSupport ? - Spring Data JDBC - Could not safely identify store assignment for repository candidate interface com.ispan.theater.repository.OrderRepository; If you want this repository to be a JDBC repository, consider annotating your entities with one of these annotations: org.springframework.data.relational.core.mapping.Table.
2024-05-19 18:23:50,736 [restartedMain] INFO  o.s.d.r.c.RepositoryConfigurationExtensionSupport ? - Spring Data JDBC - Could not safely identify store assignment for repository candidate interface com.ispan.theater.repository.RatedRepository; If you want this repository to be a JDBC repository, consider annotating your entities with one of these annotations: org.springframework.data.relational.core.mapping.Table.
2024-05-19 18:23:50,737 [restartedMain] INFO  o.s.d.r.c.RepositoryConfigurationExtensionSupport ? - Spring Data JDBC - Could not safely identify store assignment for repository candidate interface com.ispan.theater.repository.ScreeningRepository; If you want this repository to be a JDBC repository, consider annotating your entities with one of these annotations: org.springframework.data.relational.core.mapping.Table.
2024-05-19 18:23:50,738 [restartedMain] INFO  o.s.d.r.c.RepositoryConfigurationExtensionSupport ? - Spring Data JDBC - Could not safely identify store assignment for repository candidate interface com.ispan.theater.repository.SeatRepository; If you want this repository to be a JDBC repository, consider annotating your entities with one of these annotations: org.springframework.data.relational.core.mapping.Table.
2024-05-19 18:23:50,739 [restartedMain] INFO  o.s.d.r.c.RepositoryConfigurationExtensionSupport ? - Spring Data JDBC - Could not safely identify store assignment for repository candidate interface com.ispan.theater.repository.TicketRepository; If you want this repository to be a JDBC repository, consider annotating your entities with one of these annotations: org.springframework.data.relational.core.mapping.Table.
2024-05-19 18:23:50,740 [restartedMain] INFO  o.s.d.r.c.RepositoryConfigurationExtensionSupport ? - Spring Data JDBC - Could not safely identify store assignment for repository candidate interface com.ispan.theater.repository.UserRepository; If you want this repository to be a JDBC repository, consider annotating your entities with one of these annotations: org.springframework.data.relational.core.mapping.Table.
2024-05-19 18:23:50,740 [restartedMain] INFO  o.s.d.r.c.RepositoryConfigurationDelegate ? - Finished Spring Data repository scanning in 28 ms. Found 0 JDBC repository interfaces.
2024-05-19 18:23:50,744 [restartedMain] INFO  o.s.d.r.c.RepositoryConfigurationDelegate ? - Multiple Spring Data modules found, entering strict repository configuration mode
2024-05-19 18:23:50,744 [restartedMain] INFO  o.s.d.r.c.RepositoryConfigurationDelegate ? - Bootstrapping Spring Data JPA repositories in DEFAULT mode.
2024-05-19 18:23:50,761 [restartedMain] INFO  o.s.d.r.c.RepositoryConfigurationDelegate ? - Finished Spring Data repository scanning in 16 ms. Found 21 JPA repository interfaces.
2024-05-19 18:23:52,776 [restartedMain] INFO  o.s.b.w.e.tomcat.TomcatWebServer ? - Tomcat initialized with port 8082 (http)
2024-05-19 18:23:52,777 [restartedMain] INFO  o.a.coyote.http11.Http11NioProtocol ? - Initializing ProtocolHandler ["http-nio-8082"]
2024-05-19 18:23:52,777 [restartedMain] INFO  o.a.catalina.core.StandardService ? - Starting service [Tomcat]
2024-05-19 18:23:52,777 [restartedMain] INFO  o.a.catalina.core.StandardEngine ? - Starting Servlet engine: [Apache Tomcat/10.1.20]
2024-05-19 18:23:52,809 [restartedMain] INFO  o.a.c.c.C.[Tomcat].[localhost].[/] ? - Initializing Spring embedded WebApplicationContext
2024-05-19 18:23:52,811 [restartedMain] INFO  o.s.b.w.s.c.ServletWebServerApplicationContext ? - Root WebApplicationContext: initialization completed in 3248 ms
2024-05-19 18:23:52,892 [restartedMain] INFO  o.h.jpa.internal.util.LogHelper ? - HHH000204: Processing PersistenceUnitInfo [name: default]
2024-05-19 18:23:52,895 [restartedMain] INFO  o.h.c.i.RegionFactoryInitiator ? - HHH000026: Second-level cache disabled
2024-05-19 18:23:52,900 [restartedMain] INFO  o.s.o.j.p.SpringPersistenceUnitInfo ? - No LoadTimeWeaver setup: ignoring JPA class transformer
2024-05-19 18:23:52,901 [restartedMain] INFO  com.zaxxer.hikari.HikariDataSource ? - HikariPool-2 - Starting...
2024-05-19 18:23:52,949 [restartedMain] INFO  com.zaxxer.hikari.pool.HikariPool ? - HikariPool-2 - Added connection ConnectionID:11 ClientConnectionId: 2a05413b-acb0-4c2b-b92e-d451bdb769d3
2024-05-19 18:23:52,949 [restartedMain] INFO  com.zaxxer.hikari.HikariDataSource ? - HikariPool-2 - Start completed.
2024-05-19 18:23:52,950 [restartedMain] WARN  org.hibernate.orm.deprecation ? - HHH90000025: SQLServerDialect does not need to be specified explicitly using 'hibernate.dialect' (remove the property setting and it will be selected by default)
2024-05-19 18:23:53,219 [restartedMain] INFO  o.h.e.t.j.p.i.JtaPlatformInitiator ? - HHH000489: No JTA platform available (set 'hibernate.transaction.jta.platform' to enable JTA platform integration)
2024-05-19 18:23:54,058 [restartedMain] INFO  o.s.o.j.LocalContainerEntityManagerFactoryBean ? - Initialized JPA EntityManagerFactory for persistence unit 'default'
2024-05-19 18:23:54,691 [restartedMain] WARN  o.s.b.a.o.j.JpaBaseConfiguration$JpaWebConfiguration ? - spring.jpa.open-in-view is enabled by default. Therefore, database queries may be performed during view rendering. Explicitly configure spring.jpa.open-in-view to disable this warning
2024-05-19 18:23:54,947 [restartedMain] WARN  o.s.data.convert.CustomConversions ? - Registering converter from class microsoft.sql.DateTimeOffset to class java.time.OffsetDateTime as reading converter although it doesn't convert from a store-supported type; You might want to check your annotation setup at the converter implementation
2024-05-19 18:23:55,046 [restartedMain] INFO  o.s.b.d.a.OptionalLiveReloadServer ? - LiveReload server is running on port 35729
2024-05-19 18:23:55,056 [restartedMain] INFO  o.a.coyote.http11.Http11NioProtocol ? - Starting ProtocolHandler ["http-nio-8082"]
2024-05-19 18:23:55,058 [restartedMain] INFO  o.s.b.w.e.tomcat.TomcatWebServer ? - Tomcat started on port 8082 (http) with context path ''
2024-05-19 18:23:55,062 [restartedMain] INFO  c.ispan.theater.TheaterApplication ? - Started TheaterApplication in 5.558 seconds (process running for 683.161)
2024-05-19 18:23:55,064 [restartedMain] INFO  o.s.b.d.a.ConditionEvaluationDeltaLoggingListener ? - Condition evaluation unchanged
2024-05-19 18:24:03,328 [http-nio-8082-exec-1] INFO  o.a.c.c.C.[Tomcat].[localhost].[/] ? - Initializing Spring DispatcherServlet 'dispatcherServlet'
2024-05-19 18:24:03,328 [http-nio-8082-exec-1] INFO  o.s.web.servlet.DispatcherServlet ? - Initializing Servlet 'dispatcherServlet'
2024-05-19 18:24:03,329 [http-nio-8082-exec-1] INFO  o.s.web.servlet.DispatcherServlet ? - Completed initialization in 1 ms
2024-05-19 18:24:03,808 [http-nio-8082-exec-1] INFO  com.ispan.theater.aspects.LogAspect ? - Method 'findCommentById' executed with arguments: 128
2024-05-19 18:24:06,736 [http-nio-8082-exec-2] INFO  com.ispan.theater.aspects.LogAspect ? - Method 'findCommentById' executed with arguments: 122
2024-05-19 18:24:16,151 [http-nio-8082-exec-4] INFO  com.ispan.theater.aspects.LogAspect ? - Method 'findCommentById' executed with arguments: 128
2024-05-19 18:24:20,442 [http-nio-8082-exec-5] INFO  com.ispan.theater.aspects.LogAspect ? - Method 'findCommentById' executed with arguments: 128
2024-05-19 18:24:25,381 [http-nio-8082-exec-8] INFO  com.ispan.theater.aspects.LogAspect ? - Method 'findCommentById' executed with arguments: 122
2024-05-19 18:24:32,462 [http-nio-8082-exec-10] INFO  com.ispan.theater.aspects.LogAspect ? - Method 'findCommentById' executed with arguments: 119
2024-05-19 18:56:07,572 [http-nio-8082-exec-4] INFO  com.ispan.theater.aspects.LogAspect ? - Method 'findCommentById' executed with arguments: 24
2024-05-19 18:56:16,492 [http-nio-8082-exec-5] INFO  com.ispan.theater.aspects.LogAspect ? - Method 'findCommentById' executed with arguments: 128
2024-05-19 19:31:50,590 [http-nio-8082-exec-4] INFO  com.ispan.theater.aspects.LogAspect ? - Method 'findCommentById' executed with arguments: 128
2024-05-19 19:31:54,544 [http-nio-8082-exec-7] INFO  com.ispan.theater.aspects.LogAspect ? - Method 'findCommentById' executed with arguments: 128
2024-05-19 19:32:02,187 [http-nio-8082-exec-10] INFO  com.ispan.theater.aspects.LogAspect ? - Method 'findCommentById' executed with arguments: 106
2024-05-19 19:32:06,297 [http-nio-8082-exec-3] INFO  com.ispan.theater.aspects.LogAspect ? - Method 'findCommentById' executed with arguments: 106
2024-05-19 19:32:11,761 [http-nio-8082-exec-2] INFO  com.ispan.theater.aspects.LogAspect ? - Method 'findCommentById' executed with arguments: 128
2024-05-19 19:32:19,818 [http-nio-8082-exec-5] INFO  com.ispan.theater.aspects.LogAspect ? - Method 'findCommentById' executed with arguments: 128
2024-05-19 19:35:47,582 [RMI TCP Connection(104)-127.0.0.1] INFO  o.s.b.a.SpringApplicationAdminMXBeanRegistrar$SpringApplicationAdmin ? - Application shutdown requested.
2024-05-19 19:35:47,584 [RMI TCP Connection(104)-127.0.0.1] INFO  o.a.coyote.http11.Http11NioProtocol ? - Stopping ProtocolHandler ["http-nio-8082"]
2024-05-19 19:35:47,591 [RMI TCP Connection(104)-127.0.0.1] INFO  o.s.o.j.LocalContainerEntityManagerFactoryBean ? - Closing JPA EntityManagerFactory for persistence unit 'default'
2024-05-19 19:35:47,592 [RMI TCP Connection(104)-127.0.0.1] INFO  com.zaxxer.hikari.HikariDataSource ? - HikariPool-2 - Shutdown initiated...
2024-05-19 19:35:47,594 [RMI TCP Connection(104)-127.0.0.1] INFO  com.zaxxer.hikari.HikariDataSource ? - HikariPool-2 - Shutdown completed.
2024-05-19 22:22:41,921 [restartedMain] INFO  c.ispan.theater.TheaterApplication ? - Starting TheaterApplication using Java 17.0.10 with PID 5240 (C:\Users\USER\Desktop\movie\target\classes started by USER in C:\Users\USER\Desktop\movie)
2024-05-19 22:22:41,922 [restartedMain] INFO  c.ispan.theater.TheaterApplication ? - No active profile set, falling back to 1 default profile: "default"
2024-05-19 22:22:42,001 [restartedMain] INFO  o.s.b.d.e.DevToolsPropertyDefaultsPostProcessor ? - Devtools property defaults active! Set 'spring.devtools.add-properties' to 'false' to disable
2024-05-19 22:22:42,001 [restartedMain] INFO  o.s.b.d.e.DevToolsPropertyDefaultsPostProcessor ? - For additional web related logging consider setting the 'logging.level.web' property to 'DEBUG'
2024-05-19 22:22:43,380 [restartedMain] INFO  o.s.d.r.c.RepositoryConfigurationDelegate ? - Multiple Spring Data modules found, entering strict repository configuration mode
2024-05-19 22:22:43,382 [restartedMain] INFO  o.s.d.r.c.RepositoryConfigurationDelegate ? - Bootstrapping Spring Data JDBC repositories in DEFAULT mode.
2024-05-19 22:22:43,428 [restartedMain] INFO  o.s.d.r.c.RepositoryConfigurationExtensionSupport ? - Spring Data JDBC - Could not safely identify store assignment for repository candidate interface com.ispan.theater.repository.ActorRepository; If you want this repository to be a JDBC repository, consider annotating your entities with one of these annotations: org.springframework.data.relational.core.mapping.Table.
2024-05-19 22:22:43,430 [restartedMain] INFO  o.s.d.r.c.RepositoryConfigurationExtensionSupport ? - Spring Data JDBC - Could not safely identify store assignment for repository candidate interface com.ispan.theater.repository.AdminRepository; If you want this repository to be a JDBC repository, consider annotating your entities with one of these annotations: org.springframework.data.relational.core.mapping.Table.
2024-05-19 22:22:43,431 [restartedMain] INFO  o.s.d.r.c.RepositoryConfigurationExtensionSupport ? - Spring Data JDBC - Could not safely identify store assignment for repository candidate interface com.ispan.theater.repository.AuditoriumLevelRepository; If you want this repository to be a JDBC repository, consider annotating your entities with one of these annotations: org.springframework.data.relational.core.mapping.Table.
2024-05-19 22:22:43,432 [restartedMain] INFO  o.s.d.r.c.RepositoryConfigurationExtensionSupport ? - Spring Data JDBC - Could not safely identify store assignment for repository candidate interface com.ispan.theater.repository.AuditoriumRepository; If you want this repository to be a JDBC repository, consider annotating your entities with one of these annotations: org.springframework.data.relational.core.mapping.Table.
2024-05-19 22:22:43,434 [restartedMain] INFO  o.s.d.r.c.RepositoryConfigurationExtensionSupport ? - Spring Data JDBC - Could not safely identify store assignment for repository candidate interface com.ispan.theater.repository.CategoryRepository; If you want this repository to be a JDBC repository, consider annotating your entities with one of these annotations: org.springframework.data.relational.core.mapping.Table.
2024-05-19 22:22:43,435 [restartedMain] INFO  o.s.d.r.c.RepositoryConfigurationExtensionSupport ? - Spring Data JDBC - Could not safely identify store assignment for repository candidate interface com.ispan.theater.repository.CinemaRepository; If you want this repository to be a JDBC repository, consider annotating your entities with one of these annotations: org.springframework.data.relational.core.mapping.Table.
2024-05-19 22:22:43,437 [restartedMain] INFO  o.s.d.r.c.RepositoryConfigurationExtensionSupport ? - Spring Data JDBC - Could not safely identify store assignment for repository candidate interface com.ispan.theater.repository.CollectRepository; If you want this repository to be a JDBC repository, consider annotating your entities with one of these annotations: org.springframework.data.relational.core.mapping.Table.
2024-05-19 22:22:43,439 [restartedMain] INFO  o.s.d.r.c.RepositoryConfigurationExtensionSupport ? - Spring Data JDBC - Could not safely identify store assignment for repository candidate interface com.ispan.theater.repository.CommentRepository; If you want this repository to be a JDBC repository, consider annotating your entities with one of these annotations: org.springframework.data.relational.core.mapping.Table.
2024-05-19 22:22:43,440 [restartedMain] INFO  o.s.d.r.c.RepositoryConfigurationExtensionSupport ? - Spring Data JDBC - Could not safely identify store assignment for repository candidate interface com.ispan.theater.repository.CustomerServiceRepository; If you want this repository to be a JDBC repository, consider annotating your entities with one of these annotations: org.springframework.data.relational.core.mapping.Table.
2024-05-19 22:22:43,441 [restartedMain] INFO  o.s.d.r.c.RepositoryConfigurationExtensionSupport ? - Spring Data JDBC - Could not safely identify store assignment for repository candidate interface com.ispan.theater.repository.EmployeeRepository; If you want this repository to be a JDBC repository, consider annotating your entities with one of these annotations: org.springframework.data.relational.core.mapping.Table.
2024-05-19 22:22:43,443 [restartedMain] INFO  o.s.d.r.c.RepositoryConfigurationExtensionSupport ? - Spring Data JDBC - Could not safely identify store assignment for repository candidate interface com.ispan.theater.repository.LayoutRepository; If you want this repository to be a JDBC repository, consider annotating your entities with one of these annotations: org.springframework.data.relational.core.mapping.Table.
2024-05-19 22:22:43,444 [restartedMain] INFO  o.s.d.r.c.RepositoryConfigurationExtensionSupport ? - Spring Data JDBC - Could not safely identify store assignment for repository candidate interface com.ispan.theater.repository.MovieActRepository; If you want this repository to be a JDBC repository, consider annotating your entities with one of these annotations: org.springframework.data.relational.core.mapping.Table.
2024-05-19 22:22:43,445 [restartedMain] INFO  o.s.d.r.c.RepositoryConfigurationExtensionSupport ? - Spring Data JDBC - Could not safely identify store assignment for repository candidate interface com.ispan.theater.repository.MoviePictureRepository; If you want this repository to be a JDBC repository, consider annotating your entities with one of these annotations: org.springframework.data.relational.core.mapping.Table.
2024-05-19 22:22:43,448 [restartedMain] INFO  o.s.d.r.c.RepositoryConfigurationExtensionSupport ? - Spring Data JDBC - Could not safely identify store assignment for repository candidate interface com.ispan.theater.repository.MovieRepository; If you want this repository to be a JDBC repository, consider annotating your entities with one of these annotations: org.springframework.data.relational.core.mapping.Table.
2024-05-19 22:22:43,450 [restartedMain] INFO  o.s.d.r.c.RepositoryConfigurationExtensionSupport ? - Spring Data JDBC - Could not safely identify store assignment for repository candidate interface com.ispan.theater.repository.OrderDetailRepository; If you want this repository to be a JDBC repository, consider annotating your entities with one of these annotations: org.springframework.data.relational.core.mapping.Table.
2024-05-19 22:22:43,453 [restartedMain] INFO  o.s.d.r.c.RepositoryConfigurationExtensionSupport ? - Spring Data JDBC - Could not safely identify store assignment for repository candidate interface com.ispan.theater.repository.OrderRepository; If you want this repository to be a JDBC repository, consider annotating your entities with one of these annotations: org.springframework.data.relational.core.mapping.Table.
2024-05-19 22:22:43,454 [restartedMain] INFO  o.s.d.r.c.RepositoryConfigurationExtensionSupport ? - Spring Data JDBC - Could not safely identify store assignment for repository candidate interface com.ispan.theater.repository.RatedRepository; If you want this repository to be a JDBC repository, consider annotating your entities with one of these annotations: org.springframework.data.relational.core.mapping.Table.
2024-05-19 22:22:43,456 [restartedMain] INFO  o.s.d.r.c.RepositoryConfigurationExtensionSupport ? - Spring Data JDBC - Could not safely identify store assignment for repository candidate interface com.ispan.theater.repository.ScreeningRepository; If you want this repository to be a JDBC repository, consider annotating your entities with one of these annotations: org.springframework.data.relational.core.mapping.Table.
2024-05-19 22:22:43,457 [restartedMain] INFO  o.s.d.r.c.RepositoryConfigurationExtensionSupport ? - Spring Data JDBC - Could not safely identify store assignment for repository candidate interface com.ispan.theater.repository.SeatRepository; If you want this repository to be a JDBC repository, consider annotating your entities with one of these annotations: org.springframework.data.relational.core.mapping.Table.
2024-05-19 22:22:43,458 [restartedMain] INFO  o.s.d.r.c.RepositoryConfigurationExtensionSupport ? - Spring Data JDBC - Could not safely identify store assignment for repository candidate interface com.ispan.theater.repository.TicketRepository; If you want this repository to be a JDBC repository, consider annotating your entities with one of these annotations: org.springframework.data.relational.core.mapping.Table.
2024-05-19 22:22:43,459 [restartedMain] INFO  o.s.d.r.c.RepositoryConfigurationExtensionSupport ? - Spring Data JDBC - Could not safely identify store assignment for repository candidate interface com.ispan.theater.repository.UserRepository; If you want this repository to be a JDBC repository, consider annotating your entities with one of these annotations: org.springframework.data.relational.core.mapping.Table.
2024-05-19 22:22:43,459 [restartedMain] INFO  o.s.d.r.c.RepositoryConfigurationDelegate ? - Finished Spring Data repository scanning in 69 ms. Found 0 JDBC repository interfaces.
2024-05-19 22:22:43,470 [restartedMain] INFO  o.s.d.r.c.RepositoryConfigurationDelegate ? - Multiple Spring Data modules found, entering strict repository configuration mode
2024-05-19 22:22:43,471 [restartedMain] INFO  o.s.d.r.c.RepositoryConfigurationDelegate ? - Bootstrapping Spring Data JPA repositories in DEFAULT mode.
2024-05-19 22:22:43,541 [restartedMain] INFO  o.s.d.r.c.RepositoryConfigurationDelegate ? - Finished Spring Data repository scanning in 67 ms. Found 21 JPA repository interfaces.
2024-05-19 22:22:44,742 [restartedMain] INFO  o.s.b.w.e.tomcat.TomcatWebServer ? - Tomcat initialized with port 8082 (http)
2024-05-19 22:22:44,756 [restartedMain] INFO  o.a.coyote.http11.Http11NioProtocol ? - Initializing ProtocolHandler ["http-nio-8082"]
2024-05-19 22:22:44,759 [restartedMain] INFO  o.a.catalina.core.StandardService ? - Starting service [Tomcat]
2024-05-19 22:22:44,759 [restartedMain] INFO  o.a.catalina.core.StandardEngine ? - Starting Servlet engine: [Apache Tomcat/10.1.20]
2024-05-19 22:22:44,817 [restartedMain] INFO  o.a.c.c.C.[Tomcat].[localhost].[/] ? - Initializing Spring embedded WebApplicationContext
2024-05-19 22:22:44,818 [restartedMain] INFO  o.s.b.w.s.c.ServletWebServerApplicationContext ? - Root WebApplicationContext: initialization completed in 2816 ms
2024-05-19 22:22:45,053 [restartedMain] INFO  o.h.jpa.internal.util.LogHelper ? - HHH000204: Processing PersistenceUnitInfo [name: default]
2024-05-19 22:22:45,132 [restartedMain] INFO  org.hibernate.Version ? - HHH000412: Hibernate ORM core version 6.4.4.Final
2024-05-19 22:22:45,171 [restartedMain] INFO  o.h.c.i.RegionFactoryInitiator ? - HHH000026: Second-level cache disabled
2024-05-19 22:22:45,416 [restartedMain] INFO  o.s.o.j.p.SpringPersistenceUnitInfo ? - No LoadTimeWeaver setup: ignoring JPA class transformer
2024-05-19 22:22:45,440 [restartedMain] INFO  com.zaxxer.hikari.HikariDataSource ? - HikariPool-1 - Starting...
2024-05-19 22:22:45,744 [restartedMain] INFO  com.zaxxer.hikari.pool.HikariPool ? - HikariPool-1 - Added connection ConnectionID:1 ClientConnectionId: e60c58ad-45b8-4c2d-8448-bce326ccabf5
2024-05-19 22:22:45,745 [restartedMain] INFO  com.zaxxer.hikari.HikariDataSource ? - HikariPool-1 - Start completed.
2024-05-19 22:22:45,773 [restartedMain] WARN  org.hibernate.orm.deprecation ? - HHH90000025: SQLServerDialect does not need to be specified explicitly using 'hibernate.dialect' (remove the property setting and it will be selected by default)
2024-05-19 22:22:47,410 [restartedMain] INFO  o.h.e.t.j.p.i.JtaPlatformInitiator ? - HHH000489: No JTA platform available (set 'hibernate.transaction.jta.platform' to enable JTA platform integration)
2024-05-19 22:22:48,796 [restartedMain] INFO  o.s.o.j.LocalContainerEntityManagerFactoryBean ? - Initialized JPA EntityManagerFactory for persistence unit 'default'
2024-05-19 22:22:49,580 [restartedMain] INFO  o.s.d.j.r.query.QueryEnhancerFactory ? - JSqlParser is in classpath; If applicable, JSqlParser will be used
2024-05-19 22:22:49,580 [restartedMain] INFO  o.s.d.j.r.query.QueryEnhancerFactory ? - Hibernate is in classpath; If applicable, HQL parser will be used.
2024-05-19 22:22:52,646 [restartedMain] WARN  o.s.b.a.o.j.JpaBaseConfiguration$JpaWebConfiguration ? - spring.jpa.open-in-view is enabled by default. Therefore, database queries may be performed during view rendering. Explicitly configure spring.jpa.open-in-view to disable this warning
2024-05-19 22:22:53,499 [restartedMain] WARN  o.s.data.convert.CustomConversions ? - Registering converter from class microsoft.sql.DateTimeOffset to class java.time.OffsetDateTime as reading converter although it doesn't convert from a store-supported type; You might want to check your annotation setup at the converter implementation
2024-05-19 22:22:54,100 [restartedMain] INFO  o.s.b.d.a.OptionalLiveReloadServer ? - LiveReload server is running on port 35729
2024-05-19 22:22:54,136 [restartedMain] INFO  o.a.coyote.http11.Http11NioProtocol ? - Starting ProtocolHandler ["http-nio-8082"]
2024-05-19 22:22:54,166 [restartedMain] INFO  o.s.b.w.e.tomcat.TomcatWebServer ? - Tomcat started on port 8082 (http) with context path ''
2024-05-19 22:22:54,176 [restartedMain] INFO  c.ispan.theater.TheaterApplication ? - Started TheaterApplication in 12.83 seconds (process running for 13.619)
2024-05-19 22:22:54,364 [http-nio-8082-exec-2] INFO  o.a.c.c.C.[Tomcat].[localhost].[/] ? - Initializing Spring DispatcherServlet 'dispatcherServlet'
2024-05-19 22:22:54,365 [http-nio-8082-exec-2] INFO  o.s.web.servlet.DispatcherServlet ? - Initializing Servlet 'dispatcherServlet'
2024-05-19 22:22:54,367 [http-nio-8082-exec-2] INFO  o.s.web.servlet.DispatcherServlet ? - Completed initialization in 2 ms
2024-05-19 22:22:55,321 [http-nio-8082-exec-3] WARN  o.s.w.s.m.s.DefaultHandlerExceptionResolver ? - Resolved [org.springframework.web.context.request.async.AsyncRequestNotUsableException: ServletOutputStream failed to write: java.io.IOException: ]
2024-05-19 22:22:55,321 [http-nio-8082-exec-2] WARN  o.s.w.s.m.s.DefaultHandlerExceptionResolver ? - Resolved [org.springframework.web.context.request.async.AsyncRequestNotUsableException: ServletOutputStream failed to write: java.io.IOException: ]
2024-05-19 22:22:55,651 [http-nio-8082-exec-1] WARN  o.s.w.s.m.s.DefaultHandlerExceptionResolver ? - Resolved [org.springframework.web.context.request.async.AsyncRequestNotUsableException: ServletOutputStream failed to write: java.io.IOException: ]
2024-05-19 22:44:12,566 [http-nio-8082-exec-5] INFO  com.ispan.theater.aspects.LogAspect ? - Method 'checkLogin' executed with arguments: {"password":"123","username":"123@gmail.com"}
2024-05-19 22:44:13,937 [http-nio-8082-exec-7] INFO  com.ispan.theater.aspects.LogAspect ? - Method 'getUserById' executed with arguments: 8
2024-05-19 22:44:13,958 [http-nio-8082-exec-8] INFO  com.ispan.theater.aspects.LogAspect ? - Method 'findUserByEmail' executed with arguments: 123@gmail.com
2024-05-19 22:44:24,574 [http-nio-8082-exec-9] INFO  com.ispan.theater.aspects.LogAspect ? - Method 'updatePhoto' executed with arguments: 8, org.springframework.web.multipart.support.StandardMultipartHttpServletRequest$StandardMultipartFile@541347cd
2024-05-19 22:44:45,833 [http-nio-8082-exec-1] INFO  com.ispan.theater.aspects.LogAspect ? - Method 'insertComment' executed with arguments: com.ispan.theater.domain.Comment@3b101d9
2024-05-19 22:45:09,510 [http-nio-8082-exec-5] INFO  com.ispan.theater.aspects.LogAspect ? - Method 'insertComment' executed with arguments: com.ispan.theater.domain.Comment@6f31665c
2024-05-19 22:52:09,244 [http-nio-8082-exec-5] INFO  com.ispan.theater.aspects.LogAspect ? - Method 'insertComment' executed with arguments: com.ispan.theater.domain.Comment@e0daa7e
2024-05-19 22:54:53,138 [http-nio-8082-exec-1] INFO  com.ispan.theater.aspects.LogAspect ? - Method 'findCommentById' executed with arguments: 128
2024-05-19 22:55:10,675 [http-nio-8082-exec-5] INFO  com.ispan.theater.aspects.LogAspect ? - Method 'findCommentById' executed with arguments: 128
2024-05-19 23:20:10,088 [http-nio-8082-exec-10] INFO  com.ispan.theater.aspects.LogAspect ? - Method 'findCommentById' executed with arguments: 122
