2024-05-23 03:55:48,506 [HikariPool-4 housekeeper] WARN  com.zaxxer.hikari.pool.HikariPool ? - HikariPool-4 - Thread starvation or clock leap detected (housekeeper delta=6h30s32ms616µs).
2024-05-23 06:54:09,533 [HikariPool-4 housekeeper] WARN  com.zaxxer.hikari.pool.HikariPool ? - HikariPool-4 - Thread starvation or clock leap detected (housekeeper delta=2h58m29s236ms585µs).
2024-05-23 06:56:43,843 [http-nio-8082-exec-2] INFO  com.ispan.theater.aspects.LogAspect ? - Method 'find' executed with arguments: {"start":0,"rows":3,"dir":false,"order":"id","name":null}
2024-05-23 06:56:43,850 [http-nio-8082-exec-2] INFO  com.ispan.theater.aspects.LogAspect ? - Method 'count' executed with arguments: {"start":0,"rows":3,"dir":false,"order":"id","name":null}
2024-05-23 06:56:44,131 [http-nio-8082-exec-6] INFO  com.ispan.theater.aspects.LogAspect ? - Method 'findByFoodId' executed with arguments: 1
2024-05-23 06:56:44,131 [http-nio-8082-exec-5] INFO  com.ispan.theater.aspects.LogAspect ? - Method 'findByFoodId' executed with arguments: 3
2024-05-23 06:56:44,136 [http-nio-8082-exec-3] INFO  com.ispan.theater.aspects.LogAspect ? - Method 'findByFoodId' executed with arguments: 2
2024-05-23 07:01:01,732 [http-nio-8082-exec-10] INFO  com.ispan.theater.aspects.LogAspect ? - Method 'find' executed with arguments: {"start":0,"rows":3,"dir":false,"order":"id","name":null}
2024-05-23 07:01:01,742 [http-nio-8082-exec-10] INFO  com.ispan.theater.aspects.LogAspect ? - Method 'count' executed with arguments: {"start":0,"rows":3,"dir":false,"order":"id","name":null}
2024-05-23 07:01:01,844 [http-nio-8082-exec-2] INFO  com.ispan.theater.aspects.LogAspect ? - Method 'findByFoodId' executed with arguments: 2
2024-05-23 07:01:01,853 [http-nio-8082-exec-1] INFO  com.ispan.theater.aspects.LogAspect ? - Method 'findByFoodId' executed with arguments: 1
2024-05-23 07:01:01,870 [http-nio-8082-exec-5] INFO  com.ispan.theater.aspects.LogAspect ? - Method 'findByFoodId' executed with arguments: 3
2024-05-23 07:01:54,919 [http-nio-8082-exec-6] INFO  com.ispan.theater.aspects.LogAspect ? - Method 'find' executed with arguments: {"start":0,"rows":3,"dir":false,"order":"id","name":null}
2024-05-23 07:01:54,930 [http-nio-8082-exec-6] INFO  com.ispan.theater.aspects.LogAspect ? - Method 'count' executed with arguments: {"start":0,"rows":3,"dir":false,"order":"id","name":null}
2024-05-23 07:01:54,998 [http-nio-8082-exec-4] INFO  com.ispan.theater.aspects.LogAspect ? - Method 'findByFoodId' executed with arguments: 2
2024-05-23 07:01:55,003 [http-nio-8082-exec-3] INFO  com.ispan.theater.aspects.LogAspect ? - Method 'findByFoodId' executed with arguments: 1
2024-05-23 07:01:55,018 [http-nio-8082-exec-7] INFO  com.ispan.theater.aspects.LogAspect ? - Method 'findByFoodId' executed with arguments: 3
2024-05-23 07:02:32,862 [http-nio-8082-exec-9] INFO  com.ispan.theater.aspects.LogAspect ? - Method 'find' executed with arguments: {"start":0,"rows":3,"dir":false,"order":"id","name":null}
2024-05-23 07:02:32,870 [http-nio-8082-exec-9] INFO  com.ispan.theater.aspects.LogAspect ? - Method 'count' executed with arguments: {"start":0,"rows":3,"dir":false,"order":"id","name":null}
2024-05-23 07:02:32,953 [http-nio-8082-exec-10] INFO  com.ispan.theater.aspects.LogAspect ? - Method 'findByFoodId' executed with arguments: 2
2024-05-23 07:02:32,969 [http-nio-8082-exec-2] INFO  com.ispan.theater.aspects.LogAspect ? - Method 'findByFoodId' executed with arguments: 3
2024-05-23 07:02:32,973 [http-nio-8082-exec-8] INFO  com.ispan.theater.aspects.LogAspect ? - Method 'findByFoodId' executed with arguments: 1
2024-05-23 07:03:32,029 [http-nio-8082-exec-5] INFO  com.ispan.theater.aspects.LogAspect ? - Method 'find' executed with arguments: {"start":0,"rows":3,"dir":false,"order":"id","name":null}
2024-05-23 07:03:32,039 [http-nio-8082-exec-5] INFO  com.ispan.theater.aspects.LogAspect ? - Method 'count' executed with arguments: {"start":0,"rows":3,"dir":false,"order":"id","name":null}
2024-05-23 07:03:32,079 [http-nio-8082-exec-3] INFO  com.ispan.theater.aspects.LogAspect ? - Method 'findByFoodId' executed with arguments: 3
2024-05-23 07:03:32,090 [http-nio-8082-exec-6] INFO  com.ispan.theater.aspects.LogAspect ? - Method 'findByFoodId' executed with arguments: 1
2024-05-23 07:03:32,091 [http-nio-8082-exec-4] INFO  com.ispan.theater.aspects.LogAspect ? - Method 'findByFoodId' executed with arguments: 2
2024-05-23 07:03:37,972 [http-nio-8082-exec-7] INFO  com.ispan.theater.aspects.LogAspect ? - Method 'find' executed with arguments: {"start":0,"rows":3,"dir":false,"order":"id","name":null}
2024-05-23 07:03:37,981 [http-nio-8082-exec-7] INFO  com.ispan.theater.aspects.LogAspect ? - Method 'count' executed with arguments: {"start":0,"rows":3,"dir":false,"order":"id","name":null}
2024-05-23 07:05:58,167 [http-nio-8082-exec-1] INFO  com.ispan.theater.aspects.LogAspect ? - Method 'find' executed with arguments: {"start":0,"rows":3,"dir":false,"order":"id","name":null}
2024-05-23 07:05:58,177 [http-nio-8082-exec-1] INFO  com.ispan.theater.aspects.LogAspect ? - Method 'count' executed with arguments: {"start":0,"rows":3,"dir":false,"order":"id","name":null}
2024-05-23 07:06:04,024 [http-nio-8082-exec-5] INFO  com.ispan.theater.aspects.LogAspect ? - Method 'find' executed with arguments: {"start":0,"rows":3,"dir":false,"order":"id","name":null}
2024-05-23 07:06:04,046 [http-nio-8082-exec-5] INFO  com.ispan.theater.aspects.LogAspect ? - Method 'count' executed with arguments: {"start":0,"rows":3,"dir":false,"order":"id","name":null}
2024-05-23 07:06:04,090 [http-nio-8082-exec-4] INFO  com.ispan.theater.aspects.LogAspect ? - Method 'findByFoodId' executed with arguments: 3
2024-05-23 07:06:04,092 [http-nio-8082-exec-3] INFO  com.ispan.theater.aspects.LogAspect ? - Method 'findByFoodId' executed with arguments: 1
2024-05-23 07:06:04,093 [http-nio-8082-exec-6] INFO  com.ispan.theater.aspects.LogAspect ? - Method 'findByFoodId' executed with arguments: 2
2024-05-23 07:48:30,437 [File Watcher] INFO  o.s.b.d.a.LocalDevToolsAutoConfiguration$RestartingClassPathChangeChangedEventListener ? - Restarting due to 1 class path change (0 additions, 0 deletions, 1 modification)
2024-05-23 07:48:30,453 [Thread-21] INFO  o.a.coyote.http11.Http11NioProtocol ? - Stopping ProtocolHandler ["http-nio-8082"]
2024-05-23 07:48:30,467 [Thread-21] INFO  o.s.o.j.LocalContainerEntityManagerFactoryBean ? - Closing JPA EntityManagerFactory for persistence unit 'default'
2024-05-23 07:48:30,474 [Thread-21] INFO  com.zaxxer.hikari.HikariDataSource ? - HikariPool-4 - Shutdown initiated...
2024-05-23 07:48:30,475 [Thread-21] INFO  com.zaxxer.hikari.HikariDataSource ? - HikariPool-4 - Shutdown completed.
2024-05-23 07:48:30,709 [restartedMain] INFO  c.ispan.theater.TheaterApplication ? - Starting TheaterApplication using Java 17.0.8.1 with PID 80640 (C:\Users\hmc89\OneDrive\文件\movie\target\classes started by hmc89 in C:\Users\hmc89\OneDrive\文件\movie)
2024-05-23 07:48:30,709 [restartedMain] INFO  c.ispan.theater.TheaterApplication ? - No active profile set, falling back to 1 default profile: "default"
2024-05-23 07:48:30,907 [restartedMain] INFO  o.s.d.r.c.RepositoryConfigurationDelegate ? - Multiple Spring Data modules found, entering strict repository configuration mode
2024-05-23 07:48:30,907 [restartedMain] INFO  o.s.d.r.c.RepositoryConfigurationDelegate ? - Bootstrapping Spring Data JDBC repositories in DEFAULT mode.
2024-05-23 07:48:30,913 [restartedMain] INFO  o.s.d.r.c.RepositoryConfigurationExtensionSupport ? - Spring Data JDBC - Could not safely identify store assignment for repository candidate interface com.ispan.theater.repository.ActorRepository; If you want this repository to be a JDBC repository, consider annotating your entities with one of these annotations: org.springframework.data.relational.core.mapping.Table.
2024-05-23 07:48:30,914 [restartedMain] INFO  o.s.d.r.c.RepositoryConfigurationExtensionSupport ? - Spring Data JDBC - Could not safely identify store assignment for repository candidate interface com.ispan.theater.repository.AdminRepository; If you want this repository to be a JDBC repository, consider annotating your entities with one of these annotations: org.springframework.data.relational.core.mapping.Table.
2024-05-23 07:48:30,915 [restartedMain] INFO  o.s.d.r.c.RepositoryConfigurationExtensionSupport ? - Spring Data JDBC - Could not safely identify store assignment for repository candidate interface com.ispan.theater.repository.AuditoriumLevelRepository; If you want this repository to be a JDBC repository, consider annotating your entities with one of these annotations: org.springframework.data.relational.core.mapping.Table.
2024-05-23 07:48:30,915 [restartedMain] INFO  o.s.d.r.c.RepositoryConfigurationExtensionSupport ? - Spring Data JDBC - Could not safely identify store assignment for repository candidate interface com.ispan.theater.repository.AuditoriumRepository; If you want this repository to be a JDBC repository, consider annotating your entities with one of these annotations: org.springframework.data.relational.core.mapping.Table.
2024-05-23 07:48:30,918 [restartedMain] INFO  o.s.d.r.c.RepositoryConfigurationExtensionSupport ? - Spring Data JDBC - Could not safely identify store assignment for repository candidate interface com.ispan.theater.repository.CategoryRepository; If you want this repository to be a JDBC repository, consider annotating your entities with one of these annotations: org.springframework.data.relational.core.mapping.Table.
2024-05-23 07:48:30,920 [restartedMain] INFO  o.s.d.r.c.RepositoryConfigurationExtensionSupport ? - Spring Data JDBC - Could not safely identify store assignment for repository candidate interface com.ispan.theater.repository.CinemaRepository; If you want this repository to be a JDBC repository, consider annotating your entities with one of these annotations: org.springframework.data.relational.core.mapping.Table.
2024-05-23 07:48:30,922 [restartedMain] INFO  o.s.d.r.c.RepositoryConfigurationExtensionSupport ? - Spring Data JDBC - Could not safely identify store assignment for repository candidate interface com.ispan.theater.repository.CollectRepository; If you want this repository to be a JDBC repository, consider annotating your entities with one of these annotations: org.springframework.data.relational.core.mapping.Table.
2024-05-23 07:48:30,923 [restartedMain] INFO  o.s.d.r.c.RepositoryConfigurationExtensionSupport ? - Spring Data JDBC - Could not safely identify store assignment for repository candidate interface com.ispan.theater.repository.CommentRepository; If you want this repository to be a JDBC repository, consider annotating your entities with one of these annotations: org.springframework.data.relational.core.mapping.Table.
2024-05-23 07:48:30,926 [restartedMain] INFO  o.s.d.r.c.RepositoryConfigurationExtensionSupport ? - Spring Data JDBC - Could not safely identify store assignment for repository candidate interface com.ispan.theater.repository.CustomerServiceRepository; If you want this repository to be a JDBC repository, consider annotating your entities with one of these annotations: org.springframework.data.relational.core.mapping.Table.
2024-05-23 07:48:30,928 [restartedMain] INFO  o.s.d.r.c.RepositoryConfigurationExtensionSupport ? - Spring Data JDBC - Could not safely identify store assignment for repository candidate interface com.ispan.theater.repository.EmployeeRepository; If you want this repository to be a JDBC repository, consider annotating your entities with one of these annotations: org.springframework.data.relational.core.mapping.Table.
2024-05-23 07:48:30,929 [restartedMain] INFO  o.s.d.r.c.RepositoryConfigurationExtensionSupport ? - Spring Data JDBC - Could not safely identify store assignment for repository candidate interface com.ispan.theater.repository.FoodPictureRepository; If you want this repository to be a JDBC repository, consider annotating your entities with one of these annotations: org.springframework.data.relational.core.mapping.Table.
2024-05-23 07:48:30,930 [restartedMain] INFO  o.s.d.r.c.RepositoryConfigurationExtensionSupport ? - Spring Data JDBC - Could not safely identify store assignment for repository candidate interface com.ispan.theater.repository.FoodRepository; If you want this repository to be a JDBC repository, consider annotating your entities with one of these annotations: org.springframework.data.relational.core.mapping.Table.
2024-05-23 07:48:30,931 [restartedMain] INFO  o.s.d.r.c.RepositoryConfigurationExtensionSupport ? - Spring Data JDBC - Could not safely identify store assignment for repository candidate interface com.ispan.theater.repository.LayoutRepository; If you want this repository to be a JDBC repository, consider annotating your entities with one of these annotations: org.springframework.data.relational.core.mapping.Table.
2024-05-23 07:48:30,932 [restartedMain] INFO  o.s.d.r.c.RepositoryConfigurationExtensionSupport ? - Spring Data JDBC - Could not safely identify store assignment for repository candidate interface com.ispan.theater.repository.MovieActRepository; If you want this repository to be a JDBC repository, consider annotating your entities with one of these annotations: org.springframework.data.relational.core.mapping.Table.
2024-05-23 07:48:30,934 [restartedMain] INFO  o.s.d.r.c.RepositoryConfigurationExtensionSupport ? - Spring Data JDBC - Could not safely identify store assignment for repository candidate interface com.ispan.theater.repository.MoviePictureRepository; If you want this repository to be a JDBC repository, consider annotating your entities with one of these annotations: org.springframework.data.relational.core.mapping.Table.
2024-05-23 07:48:30,935 [restartedMain] INFO  o.s.d.r.c.RepositoryConfigurationExtensionSupport ? - Spring Data JDBC - Could not safely identify store assignment for repository candidate interface com.ispan.theater.repository.MovieRepository; If you want this repository to be a JDBC repository, consider annotating your entities with one of these annotations: org.springframework.data.relational.core.mapping.Table.
2024-05-23 07:48:30,936 [restartedMain] INFO  o.s.d.r.c.RepositoryConfigurationExtensionSupport ? - Spring Data JDBC - Could not safely identify store assignment for repository candidate interface com.ispan.theater.repository.OrderDetailRepository; If you want this repository to be a JDBC repository, consider annotating your entities with one of these annotations: org.springframework.data.relational.core.mapping.Table.
2024-05-23 07:48:30,937 [restartedMain] INFO  o.s.d.r.c.RepositoryConfigurationExtensionSupport ? - Spring Data JDBC - Could not safely identify store assignment for repository candidate interface com.ispan.theater.repository.OrderRepository; If you want this repository to be a JDBC repository, consider annotating your entities with one of these annotations: org.springframework.data.relational.core.mapping.Table.
2024-05-23 07:48:30,938 [restartedMain] INFO  o.s.d.r.c.RepositoryConfigurationExtensionSupport ? - Spring Data JDBC - Could not safely identify store assignment for repository candidate interface com.ispan.theater.repository.RatedRepository; If you want this repository to be a JDBC repository, consider annotating your entities with one of these annotations: org.springframework.data.relational.core.mapping.Table.
2024-05-23 07:48:30,939 [restartedMain] INFO  o.s.d.r.c.RepositoryConfigurationExtensionSupport ? - Spring Data JDBC - Could not safely identify store assignment for repository candidate interface com.ispan.theater.repository.ScreeningRepository; If you want this repository to be a JDBC repository, consider annotating your entities with one of these annotations: org.springframework.data.relational.core.mapping.Table.
2024-05-23 07:48:30,940 [restartedMain] INFO  o.s.d.r.c.RepositoryConfigurationExtensionSupport ? - Spring Data JDBC - Could not safely identify store assignment for repository candidate interface com.ispan.theater.repository.SeatRepository; If you want this repository to be a JDBC repository, consider annotating your entities with one of these annotations: org.springframework.data.relational.core.mapping.Table.
2024-05-23 07:48:30,941 [restartedMain] INFO  o.s.d.r.c.RepositoryConfigurationExtensionSupport ? - Spring Data JDBC - Could not safely identify store assignment for repository candidate interface com.ispan.theater.repository.TicketRepository; If you want this repository to be a JDBC repository, consider annotating your entities with one of these annotations: org.springframework.data.relational.core.mapping.Table.
2024-05-23 07:48:30,941 [restartedMain] INFO  o.s.d.r.c.RepositoryConfigurationExtensionSupport ? - Spring Data JDBC - Could not safely identify store assignment for repository candidate interface com.ispan.theater.repository.UserRepository; If you want this repository to be a JDBC repository, consider annotating your entities with one of these annotations: org.springframework.data.relational.core.mapping.Table.
2024-05-23 07:48:30,941 [restartedMain] INFO  o.s.d.r.c.RepositoryConfigurationDelegate ? - Finished Spring Data repository scanning in 36 ms. Found 0 JDBC repository interfaces.
2024-05-23 07:48:30,945 [restartedMain] INFO  o.s.d.r.c.RepositoryConfigurationDelegate ? - Multiple Spring Data modules found, entering strict repository configuration mode
2024-05-23 07:48:30,945 [restartedMain] INFO  o.s.d.r.c.RepositoryConfigurationDelegate ? - Bootstrapping Spring Data JPA repositories in DEFAULT mode.
2024-05-23 07:48:30,973 [restartedMain] INFO  o.s.d.r.c.RepositoryConfigurationDelegate ? - Finished Spring Data repository scanning in 27 ms. Found 23 JPA repository interfaces.
2024-05-23 07:48:31,121 [restartedMain] INFO  o.s.b.w.e.tomcat.TomcatWebServer ? - Tomcat initialized with port 8082 (http)
2024-05-23 07:48:31,121 [restartedMain] INFO  o.a.coyote.http11.Http11NioProtocol ? - Initializing ProtocolHandler ["http-nio-8082"]
2024-05-23 07:48:31,121 [restartedMain] INFO  o.a.catalina.core.StandardService ? - Starting service [Tomcat]
2024-05-23 07:48:31,121 [restartedMain] INFO  o.a.catalina.core.StandardEngine ? - Starting Servlet engine: [Apache Tomcat/10.1.20]
2024-05-23 07:48:31,143 [restartedMain] INFO  o.a.c.c.C.[Tomcat].[localhost].[/] ? - Initializing Spring embedded WebApplicationContext
2024-05-23 07:48:31,143 [restartedMain] INFO  o.s.b.w.s.c.ServletWebServerApplicationContext ? - Root WebApplicationContext: initialization completed in 432 ms
2024-05-23 07:48:31,225 [restartedMain] INFO  o.h.jpa.internal.util.LogHelper ? - HHH000204: Processing PersistenceUnitInfo [name: default]
2024-05-23 07:48:31,227 [restartedMain] INFO  o.h.c.i.RegionFactoryInitiator ? - HHH000026: Second-level cache disabled
2024-05-23 07:48:31,235 [restartedMain] INFO  o.s.o.j.p.SpringPersistenceUnitInfo ? - No LoadTimeWeaver setup: ignoring JPA class transformer
2024-05-23 07:48:31,236 [restartedMain] INFO  com.zaxxer.hikari.HikariDataSource ? - HikariPool-5 - Starting...
2024-05-23 07:48:31,285 [restartedMain] INFO  com.zaxxer.hikari.pool.HikariPool ? - HikariPool-5 - Added connection ConnectionID:101 ClientConnectionId: 92e3221a-6f61-464c-a01a-88cf8b4249db
2024-05-23 07:48:31,292 [restartedMain] INFO  com.zaxxer.hikari.HikariDataSource ? - HikariPool-5 - Start completed.
2024-05-23 07:48:31,293 [restartedMain] WARN  org.hibernate.orm.deprecation ? - HHH90000025: SQLServerDialect does not need to be specified explicitly using 'hibernate.dialect' (remove the property setting and it will be selected by default)
2024-05-23 07:48:31,525 [restartedMain] INFO  o.h.e.t.j.p.i.JtaPlatformInitiator ? - HHH000489: No JTA platform available (set 'hibernate.transaction.jta.platform' to enable JTA platform integration)
2024-05-23 07:48:32,839 [restartedMain] INFO  o.s.o.j.LocalContainerEntityManagerFactoryBean ? - Initialized JPA EntityManagerFactory for persistence unit 'default'
2024-05-23 07:48:33,469 [restartedMain] WARN  o.s.b.a.o.j.JpaBaseConfiguration$JpaWebConfiguration ? - spring.jpa.open-in-view is enabled by default. Therefore, database queries may be performed during view rendering. Explicitly configure spring.jpa.open-in-view to disable this warning
2024-05-23 07:48:33,682 [restartedMain] WARN  o.s.data.convert.CustomConversions ? - Registering converter from class microsoft.sql.DateTimeOffset to class java.time.OffsetDateTime as reading converter although it doesn't convert from a store-supported type; You might want to check your annotation setup at the converter implementation
2024-05-23 07:48:33,773 [restartedMain] INFO  o.s.b.d.a.OptionalLiveReloadServer ? - LiveReload server is running on port 35729
2024-05-23 07:48:33,784 [restartedMain] INFO  o.a.coyote.http11.Http11NioProtocol ? - Starting ProtocolHandler ["http-nio-8082"]
2024-05-23 07:48:33,791 [restartedMain] INFO  o.s.b.w.e.tomcat.TomcatWebServer ? - Tomcat started on port 8082 (http) with context path ''
2024-05-23 07:48:33,794 [restartedMain] INFO  c.ispan.theater.TheaterApplication ? - Started TheaterApplication in 3.144 seconds (process running for 42958.506)
2024-05-23 07:48:33,797 [restartedMain] INFO  o.s.b.d.a.ConditionEvaluationDeltaLoggingListener ? - Condition evaluation unchanged
2024-05-23 07:56:24,177 [http-nio-8082-exec-1] INFO  o.a.c.c.C.[Tomcat].[localhost].[/] ? - Initializing Spring DispatcherServlet 'dispatcherServlet'
2024-05-23 07:56:24,177 [http-nio-8082-exec-1] INFO  o.s.web.servlet.DispatcherServlet ? - Initializing Servlet 'dispatcherServlet'
2024-05-23 07:56:24,180 [http-nio-8082-exec-1] INFO  o.s.web.servlet.DispatcherServlet ? - Completed initialization in 3 ms
2024-05-23 07:56:24,260 [http-nio-8082-exec-2] INFO  com.ispan.theater.aspects.LogAspect ? - Method 'find' executed with arguments: {"start":0,"rows":3,"dir":false,"order":"id","name":null}
2024-05-23 07:56:24,279 [http-nio-8082-exec-2] INFO  com.ispan.theater.aspects.LogAspect ? - Method 'count' executed with arguments: {"start":0,"rows":3,"dir":false,"order":"id","name":null}
2024-05-23 07:56:24,354 [http-nio-8082-exec-5] INFO  com.ispan.theater.aspects.LogAspect ? - Method 'findByFoodId' executed with arguments: 3
2024-05-23 07:56:24,357 [http-nio-8082-exec-3] INFO  com.ispan.theater.aspects.LogAspect ? - Method 'findByFoodId' executed with arguments: 1
2024-05-23 07:56:24,358 [http-nio-8082-exec-4] INFO  com.ispan.theater.aspects.LogAspect ? - Method 'findByFoodId' executed with arguments: 2
2024-05-23 08:15:40,086 [RMI TCP Connection(262)-127.0.0.1] INFO  o.s.b.a.SpringApplicationAdminMXBeanRegistrar$SpringApplicationAdmin ? - Application shutdown requested.
2024-05-23 08:15:40,087 [RMI TCP Connection(262)-127.0.0.1] INFO  o.a.coyote.http11.Http11NioProtocol ? - Stopping ProtocolHandler ["http-nio-8082"]
2024-05-23 08:15:40,106 [RMI TCP Connection(262)-127.0.0.1] INFO  o.s.o.j.LocalContainerEntityManagerFactoryBean ? - Closing JPA EntityManagerFactory for persistence unit 'default'
2024-05-23 08:15:40,107 [RMI TCP Connection(262)-127.0.0.1] INFO  com.zaxxer.hikari.HikariDataSource ? - HikariPool-5 - Shutdown initiated...
2024-05-23 08:15:40,109 [RMI TCP Connection(262)-127.0.0.1] INFO  com.zaxxer.hikari.HikariDataSource ? - HikariPool-5 - Shutdown completed.
2024-05-23 12:47:36,666 [restartedMain] INFO  c.ispan.theater.TheaterApplication ? - Starting TheaterApplication using Java 17.0.8.1 with PID 50836 (C:\Users\hmc89\OneDrive\文件\movie\target\classes started by hmc89 in C:\Users\hmc89\OneDrive\文件\movie)
2024-05-23 12:47:36,671 [restartedMain] INFO  c.ispan.theater.TheaterApplication ? - No active profile set, falling back to 1 default profile: "default"
2024-05-23 12:47:36,837 [restartedMain] INFO  o.s.b.d.e.DevToolsPropertyDefaultsPostProcessor ? - Devtools property defaults active! Set 'spring.devtools.add-properties' to 'false' to disable
2024-05-23 12:47:36,837 [restartedMain] INFO  o.s.b.d.e.DevToolsPropertyDefaultsPostProcessor ? - For additional web related logging consider setting the 'logging.level.web' property to 'DEBUG'
2024-05-23 12:47:38,787 [restartedMain] INFO  o.s.d.r.c.RepositoryConfigurationDelegate ? - Multiple Spring Data modules found, entering strict repository configuration mode
2024-05-23 12:47:38,789 [restartedMain] INFO  o.s.d.r.c.RepositoryConfigurationDelegate ? - Bootstrapping Spring Data JDBC repositories in DEFAULT mode.
2024-05-23 12:47:38,883 [restartedMain] INFO  o.s.d.r.c.RepositoryConfigurationExtensionSupport ? - Spring Data JDBC - Could not safely identify store assignment for repository candidate interface com.ispan.theater.repository.ActorRepository; If you want this repository to be a JDBC repository, consider annotating your entities with one of these annotations: org.springframework.data.relational.core.mapping.Table.
2024-05-23 12:47:38,887 [restartedMain] INFO  o.s.d.r.c.RepositoryConfigurationExtensionSupport ? - Spring Data JDBC - Could not safely identify store assignment for repository candidate interface com.ispan.theater.repository.AdminRepository; If you want this repository to be a JDBC repository, consider annotating your entities with one of these annotations: org.springframework.data.relational.core.mapping.Table.
2024-05-23 12:47:38,893 [restartedMain] INFO  o.s.d.r.c.RepositoryConfigurationExtensionSupport ? - Spring Data JDBC - Could not safely identify store assignment for repository candidate interface com.ispan.theater.repository.AuditoriumLevelRepository; If you want this repository to be a JDBC repository, consider annotating your entities with one of these annotations: org.springframework.data.relational.core.mapping.Table.
2024-05-23 12:47:38,895 [restartedMain] INFO  o.s.d.r.c.RepositoryConfigurationExtensionSupport ? - Spring Data JDBC - Could not safely identify store assignment for repository candidate interface com.ispan.theater.repository.AuditoriumRepository; If you want this repository to be a JDBC repository, consider annotating your entities with one of these annotations: org.springframework.data.relational.core.mapping.Table.
2024-05-23 12:47:38,899 [restartedMain] INFO  o.s.d.r.c.RepositoryConfigurationExtensionSupport ? - Spring Data JDBC - Could not safely identify store assignment for repository candidate interface com.ispan.theater.repository.CategoryRepository; If you want this repository to be a JDBC repository, consider annotating your entities with one of these annotations: org.springframework.data.relational.core.mapping.Table.
2024-05-23 12:47:38,902 [restartedMain] INFO  o.s.d.r.c.RepositoryConfigurationExtensionSupport ? - Spring Data JDBC - Could not safely identify store assignment for repository candidate interface com.ispan.theater.repository.CinemaRepository; If you want this repository to be a JDBC repository, consider annotating your entities with one of these annotations: org.springframework.data.relational.core.mapping.Table.
2024-05-23 12:47:38,906 [restartedMain] INFO  o.s.d.r.c.RepositoryConfigurationExtensionSupport ? - Spring Data JDBC - Could not safely identify store assignment for repository candidate interface com.ispan.theater.repository.CollectRepository; If you want this repository to be a JDBC repository, consider annotating your entities with one of these annotations: org.springframework.data.relational.core.mapping.Table.
2024-05-23 12:47:38,910 [restartedMain] INFO  o.s.d.r.c.RepositoryConfigurationExtensionSupport ? - Spring Data JDBC - Could not safely identify store assignment for repository candidate interface com.ispan.theater.repository.CommentRepository; If you want this repository to be a JDBC repository, consider annotating your entities with one of these annotations: org.springframework.data.relational.core.mapping.Table.
2024-05-23 12:47:38,914 [restartedMain] INFO  o.s.d.r.c.RepositoryConfigurationExtensionSupport ? - Spring Data JDBC - Could not safely identify store assignment for repository candidate interface com.ispan.theater.repository.CustomerServiceRepository; If you want this repository to be a JDBC repository, consider annotating your entities with one of these annotations: org.springframework.data.relational.core.mapping.Table.
2024-05-23 12:47:38,918 [restartedMain] INFO  o.s.d.r.c.RepositoryConfigurationExtensionSupport ? - Spring Data JDBC - Could not safely identify store assignment for repository candidate interface com.ispan.theater.repository.EmployeeRepository; If you want this repository to be a JDBC repository, consider annotating your entities with one of these annotations: org.springframework.data.relational.core.mapping.Table.
2024-05-23 12:47:38,924 [restartedMain] INFO  o.s.d.r.c.RepositoryConfigurationExtensionSupport ? - Spring Data JDBC - Could not safely identify store assignment for repository candidate interface com.ispan.theater.repository.FoodPictureRepository; If you want this repository to be a JDBC repository, consider annotating your entities with one of these annotations: org.springframework.data.relational.core.mapping.Table.
2024-05-23 12:47:38,928 [restartedMain] INFO  o.s.d.r.c.RepositoryConfigurationExtensionSupport ? - Spring Data JDBC - Could not safely identify store assignment for repository candidate interface com.ispan.theater.repository.FoodRepository; If you want this repository to be a JDBC repository, consider annotating your entities with one of these annotations: org.springframework.data.relational.core.mapping.Table.
2024-05-23 12:47:38,934 [restartedMain] INFO  o.s.d.r.c.RepositoryConfigurationExtensionSupport ? - Spring Data JDBC - Could not safely identify store assignment for repository candidate interface com.ispan.theater.repository.LayoutRepository; If you want this repository to be a JDBC repository, consider annotating your entities with one of these annotations: org.springframework.data.relational.core.mapping.Table.
2024-05-23 12:47:38,941 [restartedMain] INFO  o.s.d.r.c.RepositoryConfigurationExtensionSupport ? - Spring Data JDBC - Could not safely identify store assignment for repository candidate interface com.ispan.theater.repository.MovieActRepository; If you want this repository to be a JDBC repository, consider annotating your entities with one of these annotations: org.springframework.data.relational.core.mapping.Table.
2024-05-23 12:47:38,952 [restartedMain] INFO  o.s.d.r.c.RepositoryConfigurationExtensionSupport ? - Spring Data JDBC - Could not safely identify store assignment for repository candidate interface com.ispan.theater.repository.MoviePictureRepository; If you want this repository to be a JDBC repository, consider annotating your entities with one of these annotations: org.springframework.data.relational.core.mapping.Table.
2024-05-23 12:47:38,958 [restartedMain] INFO  o.s.d.r.c.RepositoryConfigurationExtensionSupport ? - Spring Data JDBC - Could not safely identify store assignment for repository candidate interface com.ispan.theater.repository.MovieRepository; If you want this repository to be a JDBC repository, consider annotating your entities with one of these annotations: org.springframework.data.relational.core.mapping.Table.
2024-05-23 12:47:38,962 [restartedMain] INFO  o.s.d.r.c.RepositoryConfigurationExtensionSupport ? - Spring Data JDBC - Could not safely identify store assignment for repository candidate interface com.ispan.theater.repository.OrderDetailRepository; If you want this repository to be a JDBC repository, consider annotating your entities with one of these annotations: org.springframework.data.relational.core.mapping.Table.
2024-05-23 12:47:38,966 [restartedMain] INFO  o.s.d.r.c.RepositoryConfigurationExtensionSupport ? - Spring Data JDBC - Could not safely identify store assignment for repository candidate interface com.ispan.theater.repository.OrderRepository; If you want this repository to be a JDBC repository, consider annotating your entities with one of these annotations: org.springframework.data.relational.core.mapping.Table.
2024-05-23 12:47:38,969 [restartedMain] INFO  o.s.d.r.c.RepositoryConfigurationExtensionSupport ? - Spring Data JDBC - Could not safely identify store assignment for repository candidate interface com.ispan.theater.repository.RatedRepository; If you want this repository to be a JDBC repository, consider annotating your entities with one of these annotations: org.springframework.data.relational.core.mapping.Table.
2024-05-23 12:47:38,974 [restartedMain] INFO  o.s.d.r.c.RepositoryConfigurationExtensionSupport ? - Spring Data JDBC - Could not safely identify store assignment for repository candidate interface com.ispan.theater.repository.ScreeningRepository; If you want this repository to be a JDBC repository, consider annotating your entities with one of these annotations: org.springframework.data.relational.core.mapping.Table.
2024-05-23 12:47:38,978 [restartedMain] INFO  o.s.d.r.c.RepositoryConfigurationExtensionSupport ? - Spring Data JDBC - Could not safely identify store assignment for repository candidate interface com.ispan.theater.repository.SeatRepository; If you want this repository to be a JDBC repository, consider annotating your entities with one of these annotations: org.springframework.data.relational.core.mapping.Table.
2024-05-23 12:47:38,981 [restartedMain] INFO  o.s.d.r.c.RepositoryConfigurationExtensionSupport ? - Spring Data JDBC - Could not safely identify store assignment for repository candidate interface com.ispan.theater.repository.TicketRepository; If you want this repository to be a JDBC repository, consider annotating your entities with one of these annotations: org.springframework.data.relational.core.mapping.Table.
2024-05-23 12:47:38,985 [restartedMain] INFO  o.s.d.r.c.RepositoryConfigurationExtensionSupport ? - Spring Data JDBC - Could not safely identify store assignment for repository candidate interface com.ispan.theater.repository.UserRepository; If you want this repository to be a JDBC repository, consider annotating your entities with one of these annotations: org.springframework.data.relational.core.mapping.Table.
2024-05-23 12:47:38,987 [restartedMain] INFO  o.s.d.r.c.RepositoryConfigurationDelegate ? - Finished Spring Data repository scanning in 188 ms. Found 0 JDBC repository interfaces.
2024-05-23 12:47:39,009 [restartedMain] INFO  o.s.d.r.c.RepositoryConfigurationDelegate ? - Multiple Spring Data modules found, entering strict repository configuration mode
2024-05-23 12:47:39,012 [restartedMain] INFO  o.s.d.r.c.RepositoryConfigurationDelegate ? - Bootstrapping Spring Data JPA repositories in DEFAULT mode.
2024-05-23 12:47:39,249 [restartedMain] INFO  o.s.d.r.c.RepositoryConfigurationDelegate ? - Finished Spring Data repository scanning in 228 ms. Found 23 JPA repository interfaces.
2024-05-23 12:47:41,416 [restartedMain] INFO  o.s.b.w.e.tomcat.TomcatWebServer ? - Tomcat initialized with port 8082 (http)
2024-05-23 12:47:41,443 [restartedMain] INFO  o.a.coyote.http11.Http11NioProtocol ? - Initializing ProtocolHandler ["http-nio-8082"]
2024-05-23 12:47:41,448 [restartedMain] INFO  o.a.catalina.core.StandardService ? - Starting service [Tomcat]
2024-05-23 12:47:41,448 [restartedMain] INFO  o.a.catalina.core.StandardEngine ? - Starting Servlet engine: [Apache Tomcat/10.1.20]
2024-05-23 12:47:41,619 [restartedMain] INFO  o.a.c.c.C.[Tomcat].[localhost].[/] ? - Initializing Spring embedded WebApplicationContext
2024-05-23 12:47:41,620 [restartedMain] INFO  o.s.b.w.s.c.ServletWebServerApplicationContext ? - Root WebApplicationContext: initialization completed in 4781 ms
2024-05-23 12:47:42,166 [restartedMain] INFO  o.h.jpa.internal.util.LogHelper ? - HHH000204: Processing PersistenceUnitInfo [name: default]
2024-05-23 12:47:42,350 [restartedMain] INFO  org.hibernate.Version ? - HHH000412: Hibernate ORM core version 6.4.4.Final
2024-05-23 12:47:42,455 [restartedMain] INFO  o.h.c.i.RegionFactoryInitiator ? - HHH000026: Second-level cache disabled
2024-05-23 12:47:43,060 [restartedMain] INFO  o.s.o.j.p.SpringPersistenceUnitInfo ? - No LoadTimeWeaver setup: ignoring JPA class transformer
2024-05-23 12:47:43,131 [restartedMain] INFO  com.zaxxer.hikari.HikariDataSource ? - HikariPool-1 - Starting...
2024-05-23 12:47:43,856 [restartedMain] INFO  com.zaxxer.hikari.pool.HikariPool ? - HikariPool-1 - Added connection ConnectionID:1 ClientConnectionId: 01d19389-2671-48c9-935b-cd99d42b613c
2024-05-23 12:47:43,860 [restartedMain] INFO  com.zaxxer.hikari.HikariDataSource ? - HikariPool-1 - Start completed.
2024-05-23 12:47:43,939 [restartedMain] WARN  org.hibernate.orm.deprecation ? - HHH90000025: SQLServerDialect does not need to be specified explicitly using 'hibernate.dialect' (remove the property setting and it will be selected by default)
2024-05-23 12:47:47,610 [restartedMain] INFO  o.h.e.t.j.p.i.JtaPlatformInitiator ? - HHH000489: No JTA platform available (set 'hibernate.transaction.jta.platform' to enable JTA platform integration)
2024-05-23 12:47:49,857 [restartedMain] INFO  o.s.o.j.LocalContainerEntityManagerFactoryBean ? - Initialized JPA EntityManagerFactory for persistence unit 'default'
2024-05-23 12:47:50,799 [restartedMain] INFO  o.s.d.j.r.query.QueryEnhancerFactory ? - JSqlParser is in classpath; If applicable, JSqlParser will be used
2024-05-23 12:47:50,799 [restartedMain] INFO  o.s.d.j.r.query.QueryEnhancerFactory ? - Hibernate is in classpath; If applicable, HQL parser will be used.
2024-05-23 12:47:54,476 [restartedMain] WARN  o.s.b.a.o.j.JpaBaseConfiguration$JpaWebConfiguration ? - spring.jpa.open-in-view is enabled by default. Therefore, database queries may be performed during view rendering. Explicitly configure spring.jpa.open-in-view to disable this warning
2024-05-23 12:47:55,766 [restartedMain] WARN  o.s.data.convert.CustomConversions ? - Registering converter from class microsoft.sql.DateTimeOffset to class java.time.OffsetDateTime as reading converter although it doesn't convert from a store-supported type; You might want to check your annotation setup at the converter implementation
2024-05-23 12:47:56,399 [restartedMain] INFO  o.s.b.d.a.OptionalLiveReloadServer ? - LiveReload server is running on port 35729
2024-05-23 12:47:56,454 [restartedMain] INFO  o.a.coyote.http11.Http11NioProtocol ? - Starting ProtocolHandler ["http-nio-8082"]
2024-05-23 12:47:56,498 [restartedMain] INFO  o.s.b.w.e.tomcat.TomcatWebServer ? - Tomcat started on port 8082 (http) with context path ''
2024-05-23 12:47:56,523 [restartedMain] INFO  c.ispan.theater.TheaterApplication ? - Started TheaterApplication in 21.553 seconds (process running for 24.018)
2024-05-23 14:25:51,561 [http-nio-8082-exec-1] INFO  o.a.c.c.C.[Tomcat].[localhost].[/] ? - Initializing Spring DispatcherServlet 'dispatcherServlet'
2024-05-23 14:25:51,563 [http-nio-8082-exec-1] INFO  o.s.web.servlet.DispatcherServlet ? - Initializing Servlet 'dispatcherServlet'
2024-05-23 14:25:51,584 [http-nio-8082-exec-1] INFO  o.s.web.servlet.DispatcherServlet ? - Completed initialization in 21 ms
2024-05-23 14:25:51,956 [http-nio-8082-exec-3] INFO  com.ispan.theater.aspects.LogAspect ? - Method 'find' executed with arguments: {"start":0,"rows":3,"dir":false,"order":"id","name":null}
2024-05-23 14:25:51,979 [http-nio-8082-exec-3] INFO  com.ispan.theater.aspects.LogAspect ? - Method 'count' executed with arguments: {"start":0,"rows":3,"dir":false,"order":"id","name":null}
2024-05-23 14:25:52,079 [http-nio-8082-exec-4] INFO  com.ispan.theater.aspects.LogAspect ? - Method 'findByFoodId' executed with arguments: 2
2024-05-23 14:25:52,079 [http-nio-8082-exec-5] INFO  com.ispan.theater.aspects.LogAspect ? - Method 'findByFoodId' executed with arguments: 3
2024-05-23 14:25:52,079 [http-nio-8082-exec-2] INFO  com.ispan.theater.aspects.LogAspect ? - Method 'findByFoodId' executed with arguments: 1
2024-05-23 14:27:10,330 [http-nio-8082-exec-10] INFO  com.ispan.theater.aspects.LogAspect ? - Method 'find' executed with arguments: {"start":0,"rows":3,"dir":false,"order":"id","name":null}
2024-05-23 14:27:10,340 [http-nio-8082-exec-10] INFO  com.ispan.theater.aspects.LogAspect ? - Method 'count' executed with arguments: {"start":0,"rows":3,"dir":false,"order":"id","name":null}
2024-05-23 14:27:10,382 [http-nio-8082-exec-3] INFO  com.ispan.theater.aspects.LogAspect ? - Method 'findByFoodId' executed with arguments: 2
2024-05-23 14:27:10,390 [http-nio-8082-exec-2] INFO  com.ispan.theater.aspects.LogAspect ? - Method 'findByFoodId' executed with arguments: 3
2024-05-23 14:27:10,390 [http-nio-8082-exec-1] INFO  com.ispan.theater.aspects.LogAspect ? - Method 'findByFoodId' executed with arguments: 1
2024-05-23 14:29:00,868 [http-nio-8082-exec-8] INFO  com.ispan.theater.aspects.LogAspect ? - Method 'find' executed with arguments: {"start":0,"rows":3,"dir":false,"order":"id","name":null}
2024-05-23 14:29:00,882 [http-nio-8082-exec-8] INFO  com.ispan.theater.aspects.LogAspect ? - Method 'count' executed with arguments: {"start":0,"rows":3,"dir":false,"order":"id","name":null}
2024-05-23 14:29:01,006 [http-nio-8082-exec-7] INFO  com.ispan.theater.aspects.LogAspect ? - Method 'findByFoodId' executed with arguments: 1
2024-05-23 14:29:01,020 [http-nio-8082-exec-3] INFO  com.ispan.theater.aspects.LogAspect ? - Method 'findByFoodId' executed with arguments: 3
2024-05-23 14:29:01,023 [http-nio-8082-exec-10] INFO  com.ispan.theater.aspects.LogAspect ? - Method 'findByFoodId' executed with arguments: 2
2024-05-23 14:31:56,424 [http-nio-8082-exec-9] INFO  com.ispan.theater.aspects.LogAspect ? - Method 'find' executed with arguments: {"start":0,"rows":3,"dir":false,"order":"id","name":null}
2024-05-23 14:31:56,434 [http-nio-8082-exec-9] INFO  com.ispan.theater.aspects.LogAspect ? - Method 'count' executed with arguments: {"start":0,"rows":3,"dir":false,"order":"id","name":null}
2024-05-23 14:31:56,628 [http-nio-8082-exec-8] INFO  com.ispan.theater.aspects.LogAspect ? - Method 'findByFoodId' executed with arguments: 2
2024-05-23 14:31:56,633 [http-nio-8082-exec-6] INFO  com.ispan.theater.aspects.LogAspect ? - Method 'findByFoodId' executed with arguments: 1
2024-05-23 14:31:56,663 [http-nio-8082-exec-7] INFO  com.ispan.theater.aspects.LogAspect ? - Method 'findByFoodId' executed with arguments: 3
2024-05-23 14:32:38,261 [http-nio-8082-exec-3] INFO  com.ispan.theater.aspects.LogAspect ? - Method 'find' executed with arguments: {"start":0,"rows":3,"dir":false,"order":"id","name":null}
2024-05-23 14:32:38,273 [http-nio-8082-exec-3] INFO  com.ispan.theater.aspects.LogAspect ? - Method 'count' executed with arguments: {"start":0,"rows":3,"dir":false,"order":"id","name":null}
2024-05-23 14:32:38,369 [http-nio-8082-exec-10] INFO  com.ispan.theater.aspects.LogAspect ? - Method 'findByFoodId' executed with arguments: 1
2024-05-23 14:32:38,369 [http-nio-8082-exec-2] INFO  com.ispan.theater.aspects.LogAspect ? - Method 'findByFoodId' executed with arguments: 2
2024-05-23 14:32:38,376 [http-nio-8082-exec-4] INFO  com.ispan.theater.aspects.LogAspect ? - Method 'findByFoodId' executed with arguments: 3
2024-05-23 14:35:01,967 [http-nio-8082-exec-6] INFO  com.ispan.theater.aspects.LogAspect ? - Method 'find' executed with arguments: {"start":0,"rows":3,"dir":false,"order":"id","name":null}
2024-05-23 14:35:01,975 [http-nio-8082-exec-6] INFO  com.ispan.theater.aspects.LogAspect ? - Method 'count' executed with arguments: {"start":0,"rows":3,"dir":false,"order":"id","name":null}
2024-05-23 14:35:02,283 [http-nio-8082-exec-7] INFO  com.ispan.theater.aspects.LogAspect ? - Method 'findByFoodId' executed with arguments: 1
2024-05-23 14:35:02,284 [http-nio-8082-exec-10] INFO  com.ispan.theater.aspects.LogAspect ? - Method 'findByFoodId' executed with arguments: 3
2024-05-23 14:35:02,286 [http-nio-8082-exec-3] INFO  com.ispan.theater.aspects.LogAspect ? - Method 'findByFoodId' executed with arguments: 2
2024-05-23 14:35:49,301 [http-nio-8082-exec-2] INFO  com.ispan.theater.aspects.LogAspect ? - Method 'find' executed with arguments: {"start":0,"rows":3,"dir":false,"order":"id","name":null}
2024-05-23 14:35:49,307 [http-nio-8082-exec-2] INFO  com.ispan.theater.aspects.LogAspect ? - Method 'count' executed with arguments: {"start":0,"rows":3,"dir":false,"order":"id","name":null}
2024-05-23 14:35:49,351 [http-nio-8082-exec-8] INFO  com.ispan.theater.aspects.LogAspect ? - Method 'findByFoodId' executed with arguments: 2
2024-05-23 14:35:49,352 [http-nio-8082-exec-4] INFO  com.ispan.theater.aspects.LogAspect ? - Method 'findByFoodId' executed with arguments: 1
2024-05-23 14:35:49,356 [http-nio-8082-exec-1] INFO  com.ispan.theater.aspects.LogAspect ? - Method 'findByFoodId' executed with arguments: 3
2024-05-23 14:45:36,022 [http-nio-8082-exec-10] INFO  com.ispan.theater.aspects.LogAspect ? - Method 'find' executed with arguments: {"start":0,"rows":3,"dir":false,"order":"id","name":null}
2024-05-23 14:45:36,032 [http-nio-8082-exec-10] INFO  com.ispan.theater.aspects.LogAspect ? - Method 'count' executed with arguments: {"start":0,"rows":3,"dir":false,"order":"id","name":null}
2024-05-23 14:45:36,258 [http-nio-8082-exec-3] INFO  com.ispan.theater.aspects.LogAspect ? - Method 'findByFoodId' executed with arguments: 1
2024-05-23 14:45:36,276 [http-nio-8082-exec-2] INFO  com.ispan.theater.aspects.LogAspect ? - Method 'findByFoodId' executed with arguments: 2
2024-05-23 14:45:36,282 [http-nio-8082-exec-8] INFO  com.ispan.theater.aspects.LogAspect ? - Method 'findByFoodId' executed with arguments: 3
2024-05-23 14:45:43,138 [http-nio-8082-exec-4] INFO  com.ispan.theater.aspects.LogAspect ? - Method 'find' executed with arguments: {"start":0,"rows":3,"dir":false,"order":"id","name":null}
2024-05-23 14:45:43,148 [http-nio-8082-exec-4] INFO  com.ispan.theater.aspects.LogAspect ? - Method 'count' executed with arguments: {"start":0,"rows":3,"dir":false,"order":"id","name":null}
2024-05-23 14:45:43,237 [http-nio-8082-exec-5] INFO  com.ispan.theater.aspects.LogAspect ? - Method 'findByFoodId' executed with arguments: 2
2024-05-23 14:45:43,237 [http-nio-8082-exec-1] INFO  com.ispan.theater.aspects.LogAspect ? - Method 'findByFoodId' executed with arguments: 1
2024-05-23 14:45:43,251 [http-nio-8082-exec-9] INFO  com.ispan.theater.aspects.LogAspect ? - Method 'findByFoodId' executed with arguments: 3
2024-05-23 14:47:27,733 [http-nio-8082-exec-2] INFO  com.ispan.theater.aspects.LogAspect ? - Method 'find' executed with arguments: {"start":0,"rows":3,"dir":false,"order":"id","name":null}
2024-05-23 14:47:27,746 [http-nio-8082-exec-2] INFO  com.ispan.theater.aspects.LogAspect ? - Method 'count' executed with arguments: {"start":0,"rows":3,"dir":false,"order":"id","name":null}
2024-05-23 14:47:30,013 [http-nio-8082-exec-8] INFO  com.ispan.theater.aspects.LogAspect ? - Method 'find' executed with arguments: {"start":0,"rows":3,"dir":false,"order":"id","name":null}
2024-05-23 14:47:30,022 [http-nio-8082-exec-8] INFO  com.ispan.theater.aspects.LogAspect ? - Method 'count' executed with arguments: {"start":0,"rows":3,"dir":false,"order":"id","name":null}
2024-05-23 14:54:25,826 [http-nio-8082-exec-1] INFO  com.ispan.theater.aspects.LogAspect ? - Method 'find' executed with arguments: {"start":0,"rows":3,"dir":false,"order":"id","name":null}
2024-05-23 14:54:25,837 [http-nio-8082-exec-1] INFO  com.ispan.theater.aspects.LogAspect ? - Method 'count' executed with arguments: {"start":0,"rows":3,"dir":false,"order":"id","name":null}
2024-05-23 14:54:25,900 [http-nio-8082-exec-5] INFO  com.ispan.theater.aspects.LogAspect ? - Method 'findByFoodId' executed with arguments: 1
2024-05-23 14:54:25,909 [http-nio-8082-exec-3] INFO  com.ispan.theater.aspects.LogAspect ? - Method 'findByFoodId' executed with arguments: 3
2024-05-23 14:54:25,914 [http-nio-8082-exec-9] INFO  com.ispan.theater.aspects.LogAspect ? - Method 'findByFoodId' executed with arguments: 2
2024-05-23 14:56:42,655 [http-nio-8082-exec-4] INFO  com.ispan.theater.aspects.LogAspect ? - Method 'find' executed with arguments: {"start":0,"rows":3,"dir":false,"order":"id","name":null}
2024-05-23 14:56:42,661 [http-nio-8082-exec-4] INFO  com.ispan.theater.aspects.LogAspect ? - Method 'count' executed with arguments: {"start":0,"rows":3,"dir":false,"order":"id","name":null}
2024-05-23 14:56:42,787 [http-nio-8082-exec-5] INFO  com.ispan.theater.aspects.LogAspect ? - Method 'findByFoodId' executed with arguments: 2
2024-05-23 14:56:42,788 [http-nio-8082-exec-1] INFO  com.ispan.theater.aspects.LogAspect ? - Method 'findByFoodId' executed with arguments: 1
2024-05-23 14:56:42,819 [http-nio-8082-exec-3] INFO  com.ispan.theater.aspects.LogAspect ? - Method 'findByFoodId' executed with arguments: 3
2024-05-23 14:57:41,190 [http-nio-8082-exec-9] INFO  com.ispan.theater.aspects.LogAspect ? - Method 'find' executed with arguments: {"start":0,"rows":3,"dir":false,"order":"id","name":null}
2024-05-23 14:57:41,197 [http-nio-8082-exec-9] INFO  com.ispan.theater.aspects.LogAspect ? - Method 'count' executed with arguments: {"start":0,"rows":3,"dir":false,"order":"id","name":null}
2024-05-23 14:57:41,475 [http-nio-8082-exec-10] INFO  com.ispan.theater.aspects.LogAspect ? - Method 'findByFoodId' executed with arguments: 1
2024-05-23 14:57:41,476 [http-nio-8082-exec-7] INFO  com.ispan.theater.aspects.LogAspect ? - Method 'findByFoodId' executed with arguments: 2
2024-05-23 14:57:41,510 [http-nio-8082-exec-6] INFO  com.ispan.theater.aspects.LogAspect ? - Method 'findByFoodId' executed with arguments: 3
2024-05-23 14:58:03,902 [http-nio-8082-exec-2] INFO  com.ispan.theater.aspects.LogAspect ? - Method 'find' executed with arguments: {"start":0,"rows":3,"dir":false,"order":"id","name":null}
2024-05-23 14:58:03,907 [http-nio-8082-exec-2] INFO  com.ispan.theater.aspects.LogAspect ? - Method 'count' executed with arguments: {"start":0,"rows":3,"dir":false,"order":"id","name":null}
2024-05-23 14:58:03,931 [http-nio-8082-exec-8] INFO  com.ispan.theater.aspects.LogAspect ? - Method 'findByFoodId' executed with arguments: 1
2024-05-23 14:58:03,935 [http-nio-8082-exec-4] INFO  com.ispan.theater.aspects.LogAspect ? - Method 'findByFoodId' executed with arguments: 2
2024-05-23 14:58:03,938 [http-nio-8082-exec-5] INFO  com.ispan.theater.aspects.LogAspect ? - Method 'findByFoodId' executed with arguments: 3
2024-05-23 14:58:35,672 [http-nio-8082-exec-1] INFO  com.ispan.theater.aspects.LogAspect ? - Method 'find' executed with arguments: {"start":0,"rows":3,"dir":false,"order":"id","name":null}
2024-05-23 14:58:35,679 [http-nio-8082-exec-1] INFO  com.ispan.theater.aspects.LogAspect ? - Method 'count' executed with arguments: {"start":0,"rows":3,"dir":false,"order":"id","name":null}
2024-05-23 14:58:35,971 [http-nio-8082-exec-9] INFO  com.ispan.theater.aspects.LogAspect ? - Method 'findByFoodId' executed with arguments: 2
2024-05-23 14:58:35,971 [http-nio-8082-exec-3] INFO  com.ispan.theater.aspects.LogAspect ? - Method 'findByFoodId' executed with arguments: 1
2024-05-23 14:58:36,003 [http-nio-8082-exec-10] INFO  com.ispan.theater.aspects.LogAspect ? - Method 'findByFoodId' executed with arguments: 3
2024-05-23 14:59:54,328 [http-nio-8082-exec-4] INFO  com.ispan.theater.aspects.LogAspect ? - Method 'find' executed with arguments: {"start":0,"rows":3,"dir":false,"order":"id","name":null}
2024-05-23 14:59:54,339 [http-nio-8082-exec-4] INFO  com.ispan.theater.aspects.LogAspect ? - Method 'count' executed with arguments: {"start":0,"rows":3,"dir":false,"order":"id","name":null}
2024-05-23 14:59:54,365 [http-nio-8082-exec-3] INFO  com.ispan.theater.aspects.LogAspect ? - Method 'findByFoodId' executed with arguments: 3
2024-05-23 14:59:54,366 [http-nio-8082-exec-1] INFO  com.ispan.theater.aspects.LogAspect ? - Method 'findByFoodId' executed with arguments: 2
2024-05-23 14:59:54,369 [http-nio-8082-exec-5] INFO  com.ispan.theater.aspects.LogAspect ? - Method 'findByFoodId' executed with arguments: 1
2024-05-23 15:00:00,321 [http-nio-8082-exec-9] INFO  com.ispan.theater.aspects.LogAspect ? - Method 'find' executed with arguments: {"start":0,"rows":3,"dir":false,"order":"id","name":null}
2024-05-23 15:00:00,329 [http-nio-8082-exec-9] INFO  com.ispan.theater.aspects.LogAspect ? - Method 'count' executed with arguments: {"start":0,"rows":3,"dir":false,"order":"id","name":null}
2024-05-23 15:00:00,349 [http-nio-8082-exec-2] INFO  com.ispan.theater.aspects.LogAspect ? - Method 'findByFoodId' executed with arguments: 3
2024-05-23 15:00:00,350 [http-nio-8082-exec-10] INFO  com.ispan.theater.aspects.LogAspect ? - Method 'findByFoodId' executed with arguments: 1
2024-05-23 15:00:00,352 [http-nio-8082-exec-7] INFO  com.ispan.theater.aspects.LogAspect ? - Method 'findByFoodId' executed with arguments: 2
2024-05-23 15:01:02,038 [RMI TCP Connection(168)-127.0.0.1] INFO  o.s.b.a.SpringApplicationAdminMXBeanRegistrar$SpringApplicationAdmin ? - Application shutdown requested.
2024-05-23 15:01:02,052 [RMI TCP Connection(168)-127.0.0.1] INFO  o.a.coyote.http11.Http11NioProtocol ? - Stopping ProtocolHandler ["http-nio-8082"]
2024-05-23 15:01:02,080 [RMI TCP Connection(168)-127.0.0.1] INFO  o.s.o.j.LocalContainerEntityManagerFactoryBean ? - Closing JPA EntityManagerFactory for persistence unit 'default'
2024-05-23 15:01:02,100 [RMI TCP Connection(168)-127.0.0.1] INFO  com.zaxxer.hikari.HikariDataSource ? - HikariPool-1 - Shutdown initiated...
2024-05-23 15:01:02,113 [RMI TCP Connection(168)-127.0.0.1] INFO  com.zaxxer.hikari.HikariDataSource ? - HikariPool-1 - Shutdown completed.
2024-05-23 16:01:21,802 [restartedMain] INFO  c.ispan.theater.TheaterApplication ? - Starting TheaterApplication using Java 17.0.8.1 with PID 41412 (C:\Users\hmc89\OneDrive\文件\movie\target\classes started by hmc89 in C:\Users\hmc89\OneDrive\文件\movie)
2024-05-23 16:01:21,805 [restartedMain] INFO  c.ispan.theater.TheaterApplication ? - No active profile set, falling back to 1 default profile: "default"
2024-05-23 16:01:21,966 [restartedMain] INFO  o.s.b.d.e.DevToolsPropertyDefaultsPostProcessor ? - Devtools property defaults active! Set 'spring.devtools.add-properties' to 'false' to disable
2024-05-23 16:01:21,966 [restartedMain] INFO  o.s.b.d.e.DevToolsPropertyDefaultsPostProcessor ? - For additional web related logging consider setting the 'logging.level.web' property to 'DEBUG'
2024-05-23 16:01:25,215 [restartedMain] INFO  o.s.d.r.c.RepositoryConfigurationDelegate ? - Multiple Spring Data modules found, entering strict repository configuration mode
2024-05-23 16:01:25,216 [restartedMain] INFO  o.s.d.r.c.RepositoryConfigurationDelegate ? - Bootstrapping Spring Data JDBC repositories in DEFAULT mode.
2024-05-23 16:01:25,301 [restartedMain] INFO  o.s.d.r.c.RepositoryConfigurationExtensionSupport ? - Spring Data JDBC - Could not safely identify store assignment for repository candidate interface com.ispan.theater.repository.ActorRepository; If you want this repository to be a JDBC repository, consider annotating your entities with one of these annotations: org.springframework.data.relational.core.mapping.Table.
2024-05-23 16:01:25,306 [restartedMain] INFO  o.s.d.r.c.RepositoryConfigurationExtensionSupport ? - Spring Data JDBC - Could not safely identify store assignment for repository candidate interface com.ispan.theater.repository.AdminRepository; If you want this repository to be a JDBC repository, consider annotating your entities with one of these annotations: org.springframework.data.relational.core.mapping.Table.
2024-05-23 16:01:25,312 [restartedMain] INFO  o.s.d.r.c.RepositoryConfigurationExtensionSupport ? - Spring Data JDBC - Could not safely identify store assignment for repository candidate interface com.ispan.theater.repository.AuditoriumLevelRepository; If you want this repository to be a JDBC repository, consider annotating your entities with one of these annotations: org.springframework.data.relational.core.mapping.Table.
2024-05-23 16:01:25,315 [restartedMain] INFO  o.s.d.r.c.RepositoryConfigurationExtensionSupport ? - Spring Data JDBC - Could not safely identify store assignment for repository candidate interface com.ispan.theater.repository.AuditoriumRepository; If you want this repository to be a JDBC repository, consider annotating your entities with one of these annotations: org.springframework.data.relational.core.mapping.Table.
2024-05-23 16:01:25,317 [restartedMain] INFO  o.s.d.r.c.RepositoryConfigurationExtensionSupport ? - Spring Data JDBC - Could not safely identify store assignment for repository candidate interface com.ispan.theater.repository.CategoryRepository; If you want this repository to be a JDBC repository, consider annotating your entities with one of these annotations: org.springframework.data.relational.core.mapping.Table.
2024-05-23 16:01:25,321 [restartedMain] INFO  o.s.d.r.c.RepositoryConfigurationExtensionSupport ? - Spring Data JDBC - Could not safely identify store assignment for repository candidate interface com.ispan.theater.repository.CinemaRepository; If you want this repository to be a JDBC repository, consider annotating your entities with one of these annotations: org.springframework.data.relational.core.mapping.Table.
2024-05-23 16:01:25,328 [restartedMain] INFO  o.s.d.r.c.RepositoryConfigurationExtensionSupport ? - Spring Data JDBC - Could not safely identify store assignment for repository candidate interface com.ispan.theater.repository.CollectRepository; If you want this repository to be a JDBC repository, consider annotating your entities with one of these annotations: org.springframework.data.relational.core.mapping.Table.
2024-05-23 16:01:25,332 [restartedMain] INFO  o.s.d.r.c.RepositoryConfigurationExtensionSupport ? - Spring Data JDBC - Could not safely identify store assignment for repository candidate interface com.ispan.theater.repository.CommentRepository; If you want this repository to be a JDBC repository, consider annotating your entities with one of these annotations: org.springframework.data.relational.core.mapping.Table.
2024-05-23 16:01:25,336 [restartedMain] INFO  o.s.d.r.c.RepositoryConfigurationExtensionSupport ? - Spring Data JDBC - Could not safely identify store assignment for repository candidate interface com.ispan.theater.repository.CustomerServiceRepository; If you want this repository to be a JDBC repository, consider annotating your entities with one of these annotations: org.springframework.data.relational.core.mapping.Table.
2024-05-23 16:01:25,340 [restartedMain] INFO  o.s.d.r.c.RepositoryConfigurationExtensionSupport ? - Spring Data JDBC - Could not safely identify store assignment for repository candidate interface com.ispan.theater.repository.EmployeeRepository; If you want this repository to be a JDBC repository, consider annotating your entities with one of these annotations: org.springframework.data.relational.core.mapping.Table.
2024-05-23 16:01:25,343 [restartedMain] INFO  o.s.d.r.c.RepositoryConfigurationExtensionSupport ? - Spring Data JDBC - Could not safely identify store assignment for repository candidate interface com.ispan.theater.repository.FoodPictureRepository; If you want this repository to be a JDBC repository, consider annotating your entities with one of these annotations: org.springframework.data.relational.core.mapping.Table.
2024-05-23 16:01:25,349 [restartedMain] INFO  o.s.d.r.c.RepositoryConfigurationExtensionSupport ? - Spring Data JDBC - Could not safely identify store assignment for repository candidate interface com.ispan.theater.repository.FoodRepository; If you want this repository to be a JDBC repository, consider annotating your entities with one of these annotations: org.springframework.data.relational.core.mapping.Table.
2024-05-23 16:01:25,356 [restartedMain] INFO  o.s.d.r.c.RepositoryConfigurationExtensionSupport ? - Spring Data JDBC - Could not safely identify store assignment for repository candidate interface com.ispan.theater.repository.LayoutRepository; If you want this repository to be a JDBC repository, consider annotating your entities with one of these annotations: org.springframework.data.relational.core.mapping.Table.
2024-05-23 16:01:25,362 [restartedMain] INFO  o.s.d.r.c.RepositoryConfigurationExtensionSupport ? - Spring Data JDBC - Could not safely identify store assignment for repository candidate interface com.ispan.theater.repository.MovieActRepository; If you want this repository to be a JDBC repository, consider annotating your entities with one of these annotations: org.springframework.data.relational.core.mapping.Table.
2024-05-23 16:01:25,367 [restartedMain] INFO  o.s.d.r.c.RepositoryConfigurationExtensionSupport ? - Spring Data JDBC - Could not safely identify store assignment for repository candidate interface com.ispan.theater.repository.MoviePictureRepository; If you want this repository to be a JDBC repository, consider annotating your entities with one of these annotations: org.springframework.data.relational.core.mapping.Table.
2024-05-23 16:01:25,375 [restartedMain] INFO  o.s.d.r.c.RepositoryConfigurationExtensionSupport ? - Spring Data JDBC - Could not safely identify store assignment for repository candidate interface com.ispan.theater.repository.MovieRepository; If you want this repository to be a JDBC repository, consider annotating your entities with one of these annotations: org.springframework.data.relational.core.mapping.Table.
2024-05-23 16:01:25,378 [restartedMain] INFO  o.s.d.r.c.RepositoryConfigurationExtensionSupport ? - Spring Data JDBC - Could not safely identify store assignment for repository candidate interface com.ispan.theater.repository.OrderDetailRepository; If you want this repository to be a JDBC repository, consider annotating your entities with one of these annotations: org.springframework.data.relational.core.mapping.Table.
2024-05-23 16:01:25,381 [restartedMain] INFO  o.s.d.r.c.RepositoryConfigurationExtensionSupport ? - Spring Data JDBC - Could not safely identify store assignment for repository candidate interface com.ispan.theater.repository.OrderRepository; If you want this repository to be a JDBC repository, consider annotating your entities with one of these annotations: org.springframework.data.relational.core.mapping.Table.
2024-05-23 16:01:25,383 [restartedMain] INFO  o.s.d.r.c.RepositoryConfigurationExtensionSupport ? - Spring Data JDBC - Could not safely identify store assignment for repository candidate interface com.ispan.theater.repository.RatedRepository; If you want this repository to be a JDBC repository, consider annotating your entities with one of these annotations: org.springframework.data.relational.core.mapping.Table.
2024-05-23 16:01:25,387 [restartedMain] INFO  o.s.d.r.c.RepositoryConfigurationExtensionSupport ? - Spring Data JDBC - Could not safely identify store assignment for repository candidate interface com.ispan.theater.repository.ScreeningRepository; If you want this repository to be a JDBC repository, consider annotating your entities with one of these annotations: org.springframework.data.relational.core.mapping.Table.
2024-05-23 16:01:25,391 [restartedMain] INFO  o.s.d.r.c.RepositoryConfigurationExtensionSupport ? - Spring Data JDBC - Could not safely identify store assignment for repository candidate interface com.ispan.theater.repository.SeatRepository; If you want this repository to be a JDBC repository, consider annotating your entities with one of these annotations: org.springframework.data.relational.core.mapping.Table.
2024-05-23 16:01:25,394 [restartedMain] INFO  o.s.d.r.c.RepositoryConfigurationExtensionSupport ? - Spring Data JDBC - Could not safely identify store assignment for repository candidate interface com.ispan.theater.repository.TicketRepository; If you want this repository to be a JDBC repository, consider annotating your entities with one of these annotations: org.springframework.data.relational.core.mapping.Table.
2024-05-23 16:01:25,398 [restartedMain] INFO  o.s.d.r.c.RepositoryConfigurationExtensionSupport ? - Spring Data JDBC - Could not safely identify store assignment for repository candidate interface com.ispan.theater.repository.UserRepository; If you want this repository to be a JDBC repository, consider annotating your entities with one of these annotations: org.springframework.data.relational.core.mapping.Table.
2024-05-23 16:01:25,399 [restartedMain] INFO  o.s.d.r.c.RepositoryConfigurationDelegate ? - Finished Spring Data repository scanning in 175 ms. Found 0 JDBC repository interfaces.
2024-05-23 16:01:25,425 [restartedMain] INFO  o.s.d.r.c.RepositoryConfigurationDelegate ? - Multiple Spring Data modules found, entering strict repository configuration mode
2024-05-23 16:01:25,427 [restartedMain] INFO  o.s.d.r.c.RepositoryConfigurationDelegate ? - Bootstrapping Spring Data JPA repositories in DEFAULT mode.
2024-05-23 16:01:25,637 [restartedMain] INFO  o.s.d.r.c.RepositoryConfigurationDelegate ? - Finished Spring Data repository scanning in 199 ms. Found 23 JPA repository interfaces.
2024-05-23 16:01:28,056 [restartedMain] INFO  o.s.b.w.e.tomcat.TomcatWebServer ? - Tomcat initialized with port 8082 (http)
2024-05-23 16:01:28,088 [restartedMain] INFO  o.a.coyote.http11.Http11NioProtocol ? - Initializing ProtocolHandler ["http-nio-8082"]
2024-05-23 16:01:28,094 [restartedMain] INFO  o.a.catalina.core.StandardService ? - Starting service [Tomcat]
2024-05-23 16:01:28,094 [restartedMain] INFO  o.a.catalina.core.StandardEngine ? - Starting Servlet engine: [Apache Tomcat/10.1.20]
2024-05-23 16:01:28,251 [restartedMain] INFO  o.a.c.c.C.[Tomcat].[localhost].[/] ? - Initializing Spring embedded WebApplicationContext
2024-05-23 16:01:28,252 [restartedMain] INFO  o.s.b.w.s.c.ServletWebServerApplicationContext ? - Root WebApplicationContext: initialization completed in 6285 ms
2024-05-23 16:01:28,920 [restartedMain] INFO  o.h.jpa.internal.util.LogHelper ? - HHH000204: Processing PersistenceUnitInfo [name: default]
2024-05-23 16:01:29,088 [restartedMain] INFO  org.hibernate.Version ? - HHH000412: Hibernate ORM core version 6.4.4.Final
2024-05-23 16:01:29,140 [restartedMain] INFO  o.h.c.i.RegionFactoryInitiator ? - HHH000026: Second-level cache disabled
2024-05-23 16:01:29,652 [restartedMain] INFO  o.s.o.j.p.SpringPersistenceUnitInfo ? - No LoadTimeWeaver setup: ignoring JPA class transformer
2024-05-23 16:01:29,712 [restartedMain] INFO  com.zaxxer.hikari.HikariDataSource ? - HikariPool-1 - Starting...
2024-05-23 16:01:30,446 [restartedMain] INFO  com.zaxxer.hikari.pool.HikariPool ? - HikariPool-1 - Added connection ConnectionID:1 ClientConnectionId: 109c1580-23e3-4537-b183-e30b7b30671d
2024-05-23 16:01:30,450 [restartedMain] INFO  com.zaxxer.hikari.HikariDataSource ? - HikariPool-1 - Start completed.
2024-05-23 16:01:30,538 [restartedMain] WARN  org.hibernate.orm.deprecation ? - HHH90000025: SQLServerDialect does not need to be specified explicitly using 'hibernate.dialect' (remove the property setting and it will be selected by default)
2024-05-23 16:01:34,133 [restartedMain] INFO  o.h.e.t.j.p.i.JtaPlatformInitiator ? - HHH000489: No JTA platform available (set 'hibernate.transaction.jta.platform' to enable JTA platform integration)
2024-05-23 16:01:36,097 [restartedMain] INFO  o.s.o.j.LocalContainerEntityManagerFactoryBean ? - Initialized JPA EntityManagerFactory for persistence unit 'default'
2024-05-23 16:01:36,918 [restartedMain] INFO  o.s.d.j.r.query.QueryEnhancerFactory ? - JSqlParser is in classpath; If applicable, JSqlParser will be used
2024-05-23 16:01:36,919 [restartedMain] INFO  o.s.d.j.r.query.QueryEnhancerFactory ? - Hibernate is in classpath; If applicable, HQL parser will be used.
2024-05-23 16:01:40,023 [restartedMain] WARN  o.s.b.a.o.j.JpaBaseConfiguration$JpaWebConfiguration ? - spring.jpa.open-in-view is enabled by default. Therefore, database queries may be performed during view rendering. Explicitly configure spring.jpa.open-in-view to disable this warning
2024-05-23 16:01:41,369 [restartedMain] WARN  o.s.data.convert.CustomConversions ? - Registering converter from class microsoft.sql.DateTimeOffset to class java.time.OffsetDateTime as reading converter although it doesn't convert from a store-supported type; You might want to check your annotation setup at the converter implementation
2024-05-23 16:01:41,925 [restartedMain] INFO  o.s.b.d.a.OptionalLiveReloadServer ? - LiveReload server is running on port 35729
2024-05-23 16:01:41,995 [restartedMain] INFO  o.a.coyote.http11.Http11NioProtocol ? - Starting ProtocolHandler ["http-nio-8082"]
2024-05-23 16:01:42,065 [restartedMain] INFO  o.s.b.w.e.tomcat.TomcatWebServer ? - Tomcat started on port 8082 (http) with context path ''
2024-05-23 16:01:42,088 [restartedMain] INFO  c.ispan.theater.TheaterApplication ? - Started TheaterApplication in 22.014 seconds (process running for 23.921)
2024-05-23 16:02:10,661 [http-nio-8082-exec-1] INFO  o.a.c.c.C.[Tomcat].[localhost].[/] ? - Initializing Spring DispatcherServlet 'dispatcherServlet'
2024-05-23 16:02:10,661 [http-nio-8082-exec-1] INFO  o.s.web.servlet.DispatcherServlet ? - Initializing Servlet 'dispatcherServlet'
2024-05-23 16:02:10,663 [http-nio-8082-exec-1] INFO  o.s.web.servlet.DispatcherServlet ? - Completed initialization in 2 ms
2024-05-23 16:02:10,946 [http-nio-8082-exec-2] INFO  com.ispan.theater.aspects.LogAspect ? - Method 'find' executed with arguments: {"start":0,"rows":3,"dir":false,"order":"id","name":null}
2024-05-23 16:02:10,971 [http-nio-8082-exec-2] INFO  com.ispan.theater.aspects.LogAspect ? - Method 'count' executed with arguments: {"start":0,"rows":3,"dir":false,"order":"id","name":null}
2024-05-23 16:02:11,044 [http-nio-8082-exec-4] INFO  com.ispan.theater.aspects.LogAspect ? - Method 'findByFoodId' executed with arguments: 3
2024-05-23 16:02:11,045 [http-nio-8082-exec-6] INFO  com.ispan.theater.aspects.LogAspect ? - Method 'findByFoodId' executed with arguments: 2
2024-05-23 16:02:11,045 [http-nio-8082-exec-3] INFO  com.ispan.theater.aspects.LogAspect ? - Method 'findByFoodId' executed with arguments: 1
2024-05-23 16:02:13,615 [http-nio-8082-exec-9] INFO  com.ispan.theater.aspects.LogAspect ? - Method 'find' executed with arguments: {"start":0,"rows":3,"dir":false,"order":"id","name":null}
2024-05-23 16:02:13,633 [http-nio-8082-exec-9] INFO  com.ispan.theater.aspects.LogAspect ? - Method 'count' executed with arguments: {"start":0,"rows":3,"dir":false,"order":"id","name":null}
2024-05-23 16:11:10,762 [http-nio-8082-exec-1] INFO  com.ispan.theater.aspects.LogAspect ? - Method 'find' executed with arguments: {"start":0,"rows":3,"dir":false,"order":"id","name":null}
2024-05-23 16:11:10,778 [http-nio-8082-exec-1] INFO  com.ispan.theater.aspects.LogAspect ? - Method 'count' executed with arguments: {"start":0,"rows":3,"dir":false,"order":"id","name":null}
2024-05-23 16:11:10,888 [http-nio-8082-exec-2] INFO  com.ispan.theater.aspects.LogAspect ? - Method 'findByFoodId' executed with arguments: 1
2024-05-23 16:11:10,892 [http-nio-8082-exec-6] INFO  com.ispan.theater.aspects.LogAspect ? - Method 'findByFoodId' executed with arguments: 2
2024-05-23 16:11:10,907 [http-nio-8082-exec-4] INFO  com.ispan.theater.aspects.LogAspect ? - Method 'findByFoodId' executed with arguments: 3
2024-05-23 16:12:52,734 [http-nio-8082-exec-10] INFO  com.ispan.theater.aspects.LogAspect ? - Method 'find' executed with arguments: {"start":0,"rows":3,"dir":false,"order":"id","name":null}
2024-05-23 16:12:52,751 [http-nio-8082-exec-10] INFO  com.ispan.theater.aspects.LogAspect ? - Method 'count' executed with arguments: {"start":0,"rows":3,"dir":false,"order":"id","name":null}
2024-05-23 16:12:52,929 [http-nio-8082-exec-7] INFO  com.ispan.theater.aspects.LogAspect ? - Method 'findByFoodId' executed with arguments: 1
2024-05-23 16:12:52,931 [http-nio-8082-exec-1] INFO  com.ispan.theater.aspects.LogAspect ? - Method 'findByFoodId' executed with arguments: 2
2024-05-23 16:12:52,943 [http-nio-8082-exec-2] INFO  com.ispan.theater.aspects.LogAspect ? - Method 'findByFoodId' executed with arguments: 3
2024-05-23 16:14:06,309 [http-nio-8082-exec-8] INFO  com.ispan.theater.aspects.LogAspect ? - Method 'find' executed with arguments: {"start":0,"rows":3,"dir":false,"order":"id","name":null}
2024-05-23 16:14:06,317 [http-nio-8082-exec-8] INFO  com.ispan.theater.aspects.LogAspect ? - Method 'count' executed with arguments: {"start":0,"rows":3,"dir":false,"order":"id","name":null}
2024-05-23 16:14:06,356 [http-nio-8082-exec-10] INFO  com.ispan.theater.aspects.LogAspect ? - Method 'findByFoodId' executed with arguments: 2
2024-05-23 16:14:06,366 [http-nio-8082-exec-5] INFO  com.ispan.theater.aspects.LogAspect ? - Method 'findByFoodId' executed with arguments: 1
2024-05-23 16:14:06,368 [http-nio-8082-exec-7] INFO  com.ispan.theater.aspects.LogAspect ? - Method 'findByFoodId' executed with arguments: 3
2024-05-23 17:48:42,173 [http-nio-8082-exec-3] INFO  com.ispan.theater.aspects.LogAspect ? - Method 'find' executed with arguments: {"start":0,"rows":3,"dir":false,"order":"id","name":null}
2024-05-23 17:48:42,190 [http-nio-8082-exec-3] INFO  com.ispan.theater.aspects.LogAspect ? - Method 'count' executed with arguments: {"start":0,"rows":3,"dir":false,"order":"id","name":null}
2024-05-23 17:48:42,759 [http-nio-8082-exec-5] INFO  com.ispan.theater.aspects.LogAspect ? - Method 'findByFoodId' executed with arguments: 3
2024-05-23 17:48:42,915 [http-nio-8082-exec-10] INFO  com.ispan.theater.aspects.LogAspect ? - Method 'findByFoodId' executed with arguments: 2
2024-05-23 17:48:42,916 [http-nio-8082-exec-8] INFO  com.ispan.theater.aspects.LogAspect ? - Method 'findByFoodId' executed with arguments: 1
2024-05-23 22:22:55,796 [HikariPool-1 housekeeper] WARN  com.zaxxer.hikari.pool.HikariPool ? - HikariPool-1 - Thread starvation or clock leap detected (housekeeper delta=6h24s851ms960µs700ns).
