2024-05-18 16:11:59,600 [restartedMain] INFO  c.ispan.theater.TheaterApplication ? - Starting TheaterApplication using Java 17.0.10 with PID 15328 (C:\Users\as541\OneDrive\桌面\movie\target\classes started by as541 in C:\Users\as541\OneDrive\桌面\movie)
2024-05-18 16:11:59,601 [restartedMain] INFO  c.ispan.theater.TheaterApplication ? - No active profile set, falling back to 1 default profile: "default"
2024-05-18 16:11:59,686 [restartedMain] INFO  o.s.b.d.e.DevToolsPropertyDefaultsPostProcessor ? - Devtools property defaults active! Set 'spring.devtools.add-properties' to 'false' to disable
2024-05-18 16:11:59,686 [restartedMain] INFO  o.s.b.d.e.DevToolsPropertyDefaultsPostProcessor ? - For additional web related logging consider setting the 'logging.level.web' property to 'DEBUG'
2024-05-18 16:12:01,780 [restartedMain] INFO  o.s.d.r.c.RepositoryConfigurationDelegate ? - Multiple Spring Data modules found, entering strict repository configuration mode
2024-05-18 16:12:01,782 [restartedMain] INFO  o.s.d.r.c.RepositoryConfigurationDelegate ? - Bootstrapping Spring Data JDBC repositories in DEFAULT mode.
2024-05-18 16:12:01,846 [restartedMain] INFO  o.s.d.r.c.RepositoryConfigurationExtensionSupport ? - Spring Data JDBC - Could not safely identify store assignment for repository candidate interface com.ispan.theater.repository.ActorRepository; If you want this repository to be a JDBC repository, consider annotating your entities with one of these annotations: org.springframework.data.relational.core.mapping.Table.
2024-05-18 16:12:01,848 [restartedMain] INFO  o.s.d.r.c.RepositoryConfigurationExtensionSupport ? - Spring Data JDBC - Could not safely identify store assignment for repository candidate interface com.ispan.theater.repository.AdminRepository; If you want this repository to be a JDBC repository, consider annotating your entities with one of these annotations: org.springframework.data.relational.core.mapping.Table.
2024-05-18 16:12:01,849 [restartedMain] INFO  o.s.d.r.c.RepositoryConfigurationExtensionSupport ? - Spring Data JDBC - Could not safely identify store assignment for repository candidate interface com.ispan.theater.repository.AuditoriumLevelRepository; If you want this repository to be a JDBC repository, consider annotating your entities with one of these annotations: org.springframework.data.relational.core.mapping.Table.
2024-05-18 16:12:01,851 [restartedMain] INFO  o.s.d.r.c.RepositoryConfigurationExtensionSupport ? - Spring Data JDBC - Could not safely identify store assignment for repository candidate interface com.ispan.theater.repository.AuditoriumRepository; If you want this repository to be a JDBC repository, consider annotating your entities with one of these annotations: org.springframework.data.relational.core.mapping.Table.
2024-05-18 16:12:01,853 [restartedMain] INFO  o.s.d.r.c.RepositoryConfigurationExtensionSupport ? - Spring Data JDBC - Could not safely identify store assignment for repository candidate interface com.ispan.theater.repository.CategoryRepository; If you want this repository to be a JDBC repository, consider annotating your entities with one of these annotations: org.springframework.data.relational.core.mapping.Table.
2024-05-18 16:12:01,854 [restartedMain] INFO  o.s.d.r.c.RepositoryConfigurationExtensionSupport ? - Spring Data JDBC - Could not safely identify store assignment for repository candidate interface com.ispan.theater.repository.CinemaRepository; If you want this repository to be a JDBC repository, consider annotating your entities with one of these annotations: org.springframework.data.relational.core.mapping.Table.
2024-05-18 16:12:01,858 [restartedMain] INFO  o.s.d.r.c.RepositoryConfigurationExtensionSupport ? - Spring Data JDBC - Could not safely identify store assignment for repository candidate interface com.ispan.theater.repository.CollectRepository; If you want this repository to be a JDBC repository, consider annotating your entities with one of these annotations: org.springframework.data.relational.core.mapping.Table.
2024-05-18 16:12:01,859 [restartedMain] INFO  o.s.d.r.c.RepositoryConfigurationExtensionSupport ? - Spring Data JDBC - Could not safely identify store assignment for repository candidate interface com.ispan.theater.repository.CommentRepository; If you want this repository to be a JDBC repository, consider annotating your entities with one of these annotations: org.springframework.data.relational.core.mapping.Table.
2024-05-18 16:12:01,861 [restartedMain] INFO  o.s.d.r.c.RepositoryConfigurationExtensionSupport ? - Spring Data JDBC - Could not safely identify store assignment for repository candidate interface com.ispan.theater.repository.CustomerServiceRepository; If you want this repository to be a JDBC repository, consider annotating your entities with one of these annotations: org.springframework.data.relational.core.mapping.Table.
2024-05-18 16:12:01,863 [restartedMain] INFO  o.s.d.r.c.RepositoryConfigurationExtensionSupport ? - Spring Data JDBC - Could not safely identify store assignment for repository candidate interface com.ispan.theater.repository.EmployeeRepository; If you want this repository to be a JDBC repository, consider annotating your entities with one of these annotations: org.springframework.data.relational.core.mapping.Table.
2024-05-18 16:12:01,865 [restartedMain] INFO  o.s.d.r.c.RepositoryConfigurationExtensionSupport ? - Spring Data JDBC - Could not safely identify store assignment for repository candidate interface com.ispan.theater.repository.LayoutRepository; If you want this repository to be a JDBC repository, consider annotating your entities with one of these annotations: org.springframework.data.relational.core.mapping.Table.
2024-05-18 16:12:01,867 [restartedMain] INFO  o.s.d.r.c.RepositoryConfigurationExtensionSupport ? - Spring Data JDBC - Could not safely identify store assignment for repository candidate interface com.ispan.theater.repository.MovieActRepository; If you want this repository to be a JDBC repository, consider annotating your entities with one of these annotations: org.springframework.data.relational.core.mapping.Table.
2024-05-18 16:12:01,869 [restartedMain] INFO  o.s.d.r.c.RepositoryConfigurationExtensionSupport ? - Spring Data JDBC - Could not safely identify store assignment for repository candidate interface com.ispan.theater.repository.MoviePictureRepository; If you want this repository to be a JDBC repository, consider annotating your entities with one of these annotations: org.springframework.data.relational.core.mapping.Table.
2024-05-18 16:12:01,874 [restartedMain] INFO  o.s.d.r.c.RepositoryConfigurationExtensionSupport ? - Spring Data JDBC - Could not safely identify store assignment for repository candidate interface com.ispan.theater.repository.MovieRepository; If you want this repository to be a JDBC repository, consider annotating your entities with one of these annotations: org.springframework.data.relational.core.mapping.Table.
2024-05-18 16:12:01,878 [restartedMain] INFO  o.s.d.r.c.RepositoryConfigurationExtensionSupport ? - Spring Data JDBC - Could not safely identify store assignment for repository candidate interface com.ispan.theater.repository.OrderDetailRepository; If you want this repository to be a JDBC repository, consider annotating your entities with one of these annotations: org.springframework.data.relational.core.mapping.Table.
2024-05-18 16:12:01,881 [restartedMain] INFO  o.s.d.r.c.RepositoryConfigurationExtensionSupport ? - Spring Data JDBC - Could not safely identify store assignment for repository candidate interface com.ispan.theater.repository.OrderRepository; If you want this repository to be a JDBC repository, consider annotating your entities with one of these annotations: org.springframework.data.relational.core.mapping.Table.
2024-05-18 16:12:01,882 [restartedMain] INFO  o.s.d.r.c.RepositoryConfigurationExtensionSupport ? - Spring Data JDBC - Could not safely identify store assignment for repository candidate interface com.ispan.theater.repository.RatedRepository; If you want this repository to be a JDBC repository, consider annotating your entities with one of these annotations: org.springframework.data.relational.core.mapping.Table.
2024-05-18 16:12:01,884 [restartedMain] INFO  o.s.d.r.c.RepositoryConfigurationExtensionSupport ? - Spring Data JDBC - Could not safely identify store assignment for repository candidate interface com.ispan.theater.repository.ScreeningRepository; If you want this repository to be a JDBC repository, consider annotating your entities with one of these annotations: org.springframework.data.relational.core.mapping.Table.
2024-05-18 16:12:01,885 [restartedMain] INFO  o.s.d.r.c.RepositoryConfigurationExtensionSupport ? - Spring Data JDBC - Could not safely identify store assignment for repository candidate interface com.ispan.theater.repository.SeatRepository; If you want this repository to be a JDBC repository, consider annotating your entities with one of these annotations: org.springframework.data.relational.core.mapping.Table.
2024-05-18 16:12:01,886 [restartedMain] INFO  o.s.d.r.c.RepositoryConfigurationExtensionSupport ? - Spring Data JDBC - Could not safely identify store assignment for repository candidate interface com.ispan.theater.repository.TicketRepository; If you want this repository to be a JDBC repository, consider annotating your entities with one of these annotations: org.springframework.data.relational.core.mapping.Table.
2024-05-18 16:12:01,888 [restartedMain] INFO  o.s.d.r.c.RepositoryConfigurationExtensionSupport ? - Spring Data JDBC - Could not safely identify store assignment for repository candidate interface com.ispan.theater.repository.UserRepository; If you want this repository to be a JDBC repository, consider annotating your entities with one of these annotations: org.springframework.data.relational.core.mapping.Table.
2024-05-18 16:12:01,888 [restartedMain] INFO  o.s.d.r.c.RepositoryConfigurationDelegate ? - Finished Spring Data repository scanning in 101 ms. Found 0 JDBC repository interfaces.
2024-05-18 16:12:01,901 [restartedMain] INFO  o.s.d.r.c.RepositoryConfigurationDelegate ? - Multiple Spring Data modules found, entering strict repository configuration mode
2024-05-18 16:12:01,902 [restartedMain] INFO  o.s.d.r.c.RepositoryConfigurationDelegate ? - Bootstrapping Spring Data JPA repositories in DEFAULT mode.
2024-05-18 16:12:01,991 [restartedMain] INFO  o.s.d.r.c.RepositoryConfigurationDelegate ? - Finished Spring Data repository scanning in 84 ms. Found 21 JPA repository interfaces.
2024-05-18 16:12:03,397 [restartedMain] INFO  o.s.b.w.e.tomcat.TomcatWebServer ? - Tomcat initialized with port 8080 (http)
2024-05-18 16:12:03,422 [restartedMain] INFO  o.a.coyote.http11.Http11NioProtocol ? - Initializing ProtocolHandler ["http-nio-8080"]
2024-05-18 16:12:03,425 [restartedMain] INFO  o.a.catalina.core.StandardService ? - Starting service [Tomcat]
2024-05-18 16:12:03,425 [restartedMain] INFO  o.a.catalina.core.StandardEngine ? - Starting Servlet engine: [Apache Tomcat/10.1.20]
2024-05-18 16:12:03,541 [restartedMain] INFO  o.a.c.c.C.[Tomcat].[localhost].[/] ? - Initializing Spring embedded WebApplicationContext
2024-05-18 16:12:03,541 [restartedMain] INFO  o.s.b.w.s.c.ServletWebServerApplicationContext ? - Root WebApplicationContext: initialization completed in 3854 ms
2024-05-18 16:12:03,883 [restartedMain] INFO  o.h.jpa.internal.util.LogHelper ? - HHH000204: Processing PersistenceUnitInfo [name: default]
2024-05-18 16:12:03,989 [restartedMain] INFO  org.hibernate.Version ? - HHH000412: Hibernate ORM core version 6.4.4.Final
2024-05-18 16:12:04,044 [restartedMain] INFO  o.h.c.i.RegionFactoryInitiator ? - HHH000026: Second-level cache disabled
2024-05-18 16:12:04,527 [restartedMain] INFO  o.s.o.j.p.SpringPersistenceUnitInfo ? - No LoadTimeWeaver setup: ignoring JPA class transformer
2024-05-18 16:12:04,569 [restartedMain] INFO  com.zaxxer.hikari.HikariDataSource ? - HikariPool-1 - Starting...
2024-05-18 16:12:04,952 [restartedMain] INFO  com.zaxxer.hikari.pool.HikariPool ? - HikariPool-1 - Added connection ConnectionID:1 ClientConnectionId: 9150b3f4-fa30-4ceb-8afe-ae79e70dd822
2024-05-18 16:12:04,956 [restartedMain] INFO  com.zaxxer.hikari.HikariDataSource ? - HikariPool-1 - Start completed.
2024-05-18 16:12:04,997 [restartedMain] WARN  org.hibernate.orm.deprecation ? - HHH90000025: SQLServerDialect does not need to be specified explicitly using 'hibernate.dialect' (remove the property setting and it will be selected by default)
2024-05-18 16:12:07,467 [restartedMain] INFO  o.h.e.t.j.p.i.JtaPlatformInitiator ? - HHH000489: No JTA platform available (set 'hibernate.transaction.jta.platform' to enable JTA platform integration)
2024-05-18 16:12:08,445 [restartedMain] INFO  o.s.o.j.LocalContainerEntityManagerFactoryBean ? - Initialized JPA EntityManagerFactory for persistence unit 'default'
2024-05-18 16:12:08,890 [restartedMain] INFO  o.s.d.j.r.query.QueryEnhancerFactory ? - JSqlParser is in classpath; If applicable, JSqlParser will be used
2024-05-18 16:12:08,890 [restartedMain] INFO  o.s.d.j.r.query.QueryEnhancerFactory ? - Hibernate is in classpath; If applicable, HQL parser will be used.
2024-05-18 16:12:10,385 [restartedMain] WARN  o.s.b.a.o.j.JpaBaseConfiguration$JpaWebConfiguration ? - spring.jpa.open-in-view is enabled by default. Therefore, database queries may be performed during view rendering. Explicitly configure spring.jpa.open-in-view to disable this warning
2024-05-18 16:12:11,050 [restartedMain] WARN  o.s.data.convert.CustomConversions ? - Registering converter from class microsoft.sql.DateTimeOffset to class java.time.OffsetDateTime as reading converter although it doesn't convert from a store-supported type; You might want to check your annotation setup at the converter implementation
2024-05-18 16:12:11,283 [restartedMain] INFO  o.s.b.d.a.OptionalLiveReloadServer ? - LiveReload server is running on port 35729
2024-05-18 16:12:11,313 [restartedMain] INFO  o.a.coyote.http11.Http11NioProtocol ? - Starting ProtocolHandler ["http-nio-8080"]
2024-05-18 16:12:11,337 [restartedMain] INFO  o.s.b.w.e.tomcat.TomcatWebServer ? - Tomcat started on port 8080 (http) with context path ''
2024-05-18 16:12:11,347 [restartedMain] INFO  c.ispan.theater.TheaterApplication ? - Started TheaterApplication in 12.538 seconds (process running for 13.714)
2024-05-18 16:12:45,160 [http-nio-8080-exec-1] INFO  o.a.c.c.C.[Tomcat].[localhost].[/] ? - Initializing Spring DispatcherServlet 'dispatcherServlet'
2024-05-18 16:12:45,161 [http-nio-8080-exec-1] INFO  o.s.web.servlet.DispatcherServlet ? - Initializing Servlet 'dispatcherServlet'
2024-05-18 16:12:45,163 [http-nio-8080-exec-1] INFO  o.s.web.servlet.DispatcherServlet ? - Completed initialization in 2 ms
2024-05-18 16:12:45,385 [http-nio-8080-exec-1] INFO  com.ispan.theater.aspects.LogAspect ? - Method 'findAllCinemaName' executed with arguments: 
2024-05-18 16:12:46,479 [http-nio-8080-exec-2] INFO  com.ispan.theater.aspects.LogAspect ? - Method 'findMovieByScreening' executed with arguments: 1
2024-05-18 16:12:47,434 [http-nio-8080-exec-3] INFO  com.ispan.theater.aspects.LogAspect ? - Method 'findScreeningByDate' executed with arguments: 1, 1
2024-05-18 16:12:49,348 [http-nio-8080-exec-4] INFO  com.ispan.theater.aspects.LogAspect ? - Method 'findScreeningByTime' executed with arguments: 1, 2024-05-17, 1
2024-05-18 16:12:58,202 [http-nio-8080-exec-6] INFO  com.ispan.theater.aspects.LogAspect ? - Method 'findAllCinemaName' executed with arguments: 
2024-05-18 16:12:59,022 [http-nio-8080-exec-7] INFO  com.ispan.theater.aspects.LogAspect ? - Method 'findMovieByScreening' executed with arguments: 1
2024-05-18 16:12:59,883 [http-nio-8080-exec-8] INFO  com.ispan.theater.aspects.LogAspect ? - Method 'findScreeningByDate' executed with arguments: 1, 1
2024-05-18 16:13:02,003 [http-nio-8080-exec-9] INFO  com.ispan.theater.aspects.LogAspect ? - Method 'findScreeningByTime' executed with arguments: 1, 2024-05-17, 1
2024-05-18 16:13:04,272 [http-nio-8080-exec-1] INFO  com.ispan.theater.aspects.LogAspect ? - Method 'ticketList' executed with arguments: 46
2024-05-18 16:13:13,914 [http-nio-8080-exec-4] INFO  com.ispan.theater.aspects.LogAspect ? - Method 'request' executed with arguments: Order [id=33, user_id=2, createDate=2024-05-18 16:13:12.0, modifyDate=2024-05-18 16:13:12.0, orderAmount=300.0, movie=不可能的任務, paymentCondition=false], 1
2024-05-18 16:13:13,914 [http-nio-8080-exec-4] INFO  com.ispan.theater.aspects.LogAspect ? - Method 'createOrder' executed with arguments: InsertOrderDTO [ticketId=[2649], userId=2, movieId=1]
2024-05-18 16:13:41,078 [http-nio-8080-exec-6] INFO  com.ispan.theater.aspects.LogAspect ? - Method 'orderCompleted' executed with arguments: 33
2024-05-18 16:13:51,572 [http-nio-8080-exec-8] INFO  com.ispan.theater.aspects.LogAspect ? - Method 'findAllCinemaName' executed with arguments: 
2024-05-18 16:13:52,850 [http-nio-8080-exec-10] INFO  com.ispan.theater.aspects.LogAspect ? - Method 'findMovieByScreening' executed with arguments: 1
2024-05-18 16:13:53,438 [http-nio-8080-exec-1] INFO  com.ispan.theater.aspects.LogAspect ? - Method 'findScreeningByDate' executed with arguments: 1, 1
2024-05-18 16:13:54,801 [http-nio-8080-exec-2] INFO  com.ispan.theater.aspects.LogAspect ? - Method 'findScreeningByTime' executed with arguments: 1, 2024-03-03, 1
2024-05-18 16:13:56,018 [http-nio-8080-exec-3] INFO  com.ispan.theater.aspects.LogAspect ? - Method 'ticketList' executed with arguments: 2
2024-05-18 16:13:59,006 [http-nio-8080-exec-4] INFO  com.ispan.theater.aspects.LogAspect ? - Method 'findAllCinemaName' executed with arguments: 
2024-05-18 16:14:00,478 [http-nio-8080-exec-5] INFO  com.ispan.theater.aspects.LogAspect ? - Method 'findMovieByScreening' executed with arguments: 1
2024-05-18 16:14:01,710 [http-nio-8080-exec-6] INFO  com.ispan.theater.aspects.LogAspect ? - Method 'findScreeningByDate' executed with arguments: 1, 1
2024-05-18 16:14:07,816 [http-nio-8080-exec-8] INFO  com.ispan.theater.aspects.LogAspect ? - Method 'findScreeningByTime' executed with arguments: 1, 2024-05-17, 1
2024-05-18 16:14:09,830 [http-nio-8080-exec-9] INFO  com.ispan.theater.aspects.LogAspect ? - Method 'ticketList' executed with arguments: 46
2024-05-18 16:14:14,637 [http-nio-8080-exec-1] INFO  com.ispan.theater.aspects.LogAspect ? - Method 'request' executed with arguments: Order [id=34, user_id=2, createDate=2024-05-18 16:14:14.0, modifyDate=2024-05-18 16:14:14.0, orderAmount=300.0, movie=不可能的任務, paymentCondition=false], 1
2024-05-18 16:14:14,637 [http-nio-8080-exec-1] INFO  com.ispan.theater.aspects.LogAspect ? - Method 'createOrder' executed with arguments: InsertOrderDTO [ticketId=[2698], userId=2, movieId=1]
2024-05-18 16:14:32,357 [http-nio-8080-exec-3] INFO  com.ispan.theater.aspects.LogAspect ? - Method 'orderCompleted' executed with arguments: 34
2024-05-18 16:14:41,667 [http-nio-8080-exec-5] INFO  com.ispan.theater.aspects.LogAspect ? - Method 'findAllCinemaName' executed with arguments: 
2024-05-18 16:15:17,021 [http-nio-8080-exec-7] INFO  com.ispan.theater.aspects.LogAspect ? - Method 'findAllCinemaName' executed with arguments: 
2024-05-18 16:15:18,521 [http-nio-8080-exec-8] INFO  com.ispan.theater.aspects.LogAspect ? - Method 'findMovieByScreening' executed with arguments: 1
2024-05-18 16:15:19,311 [http-nio-8080-exec-9] INFO  com.ispan.theater.aspects.LogAspect ? - Method 'findScreeningByDate' executed with arguments: 1, 1
2024-05-18 16:15:22,551 [http-nio-8080-exec-10] INFO  com.ispan.theater.aspects.LogAspect ? - Method 'findScreeningByTime' executed with arguments: 1, 2024-05-17, 1
2024-05-18 16:15:26,280 [http-nio-8080-exec-2] INFO  com.ispan.theater.aspects.LogAspect ? - Method 'ticketList' executed with arguments: 46
2024-05-18 16:15:27,725 [http-nio-8080-exec-3] INFO  com.ispan.theater.aspects.LogAspect ? - Method 'findAllCinemaName' executed with arguments: 
2024-05-18 16:15:29,432 [http-nio-8080-exec-4] INFO  com.ispan.theater.aspects.LogAspect ? - Method 'findMovieByScreening' executed with arguments: 1
2024-05-18 16:15:30,117 [http-nio-8080-exec-5] INFO  com.ispan.theater.aspects.LogAspect ? - Method 'findScreeningByDate' executed with arguments: 1, 1
2024-05-18 16:15:31,915 [http-nio-8080-exec-6] INFO  com.ispan.theater.aspects.LogAspect ? - Method 'findScreeningByTime' executed with arguments: 1, 2024-05-17, 1
2024-05-18 16:15:34,588 [http-nio-8080-exec-8] INFO  com.ispan.theater.aspects.LogAspect ? - Method 'ticketList' executed with arguments: 46
2024-05-18 16:15:46,448 [http-nio-8080-exec-10] INFO  com.ispan.theater.aspects.LogAspect ? - Method 'request' executed with arguments: Order [id=35, user_id=2, createDate=2024-05-18 16:15:45.0, modifyDate=2024-05-18 16:15:45.0, orderAmount=900.0, movie=不可能的任務, paymentCondition=false], 3
2024-05-18 16:15:46,449 [http-nio-8080-exec-10] INFO  com.ispan.theater.aspects.LogAspect ? - Method 'createOrder' executed with arguments: InsertOrderDTO [ticketId=[2666, 2667, 2642], userId=2, movieId=1]
2024-05-18 16:16:00,964 [http-nio-8080-exec-2] INFO  com.ispan.theater.aspects.LogAspect ? - Method 'orderCompleted' executed with arguments: 35
2024-05-18 16:16:04,402 [http-nio-8080-exec-4] INFO  com.ispan.theater.aspects.LogAspect ? - Method 'findAllCinemaName' executed with arguments: 
2024-05-18 16:16:06,614 [http-nio-8080-exec-5] INFO  com.ispan.theater.aspects.LogAspect ? - Method 'findMovieByScreening' executed with arguments: 1
2024-05-18 16:16:07,291 [http-nio-8080-exec-6] INFO  com.ispan.theater.aspects.LogAspect ? - Method 'findScreeningByDate' executed with arguments: 1, 1
2024-05-18 16:16:08,833 [http-nio-8080-exec-7] INFO  com.ispan.theater.aspects.LogAspect ? - Method 'findScreeningByTime' executed with arguments: 1, 2024-05-17, 1
2024-05-18 16:16:13,416 [http-nio-8080-exec-9] INFO  com.ispan.theater.aspects.LogAspect ? - Method 'ticketList' executed with arguments: 46
2024-05-18 16:16:15,499 [http-nio-8080-exec-10] INFO  com.ispan.theater.aspects.LogAspect ? - Method 'findAllCinemaName' executed with arguments: 
2024-05-18 16:17:42,268 [http-nio-8080-exec-2] INFO  com.ispan.theater.aspects.LogAspect ? - Method 'findMovieByScreening' executed with arguments: 1
2024-05-18 16:17:43,075 [http-nio-8080-exec-4] INFO  com.ispan.theater.aspects.LogAspect ? - Method 'findScreeningByDate' executed with arguments: 1, 1
2024-05-18 16:18:04,471 [http-nio-8080-exec-6] INFO  com.ispan.theater.aspects.LogAspect ? - Method 'findScreeningByTime' executed with arguments: 1, 2024-05-17, 1
2024-05-18 16:18:07,451 [http-nio-8080-exec-7] INFO  com.ispan.theater.aspects.LogAspect ? - Method 'findScreeningByTime' executed with arguments: 1, 2024-03-03, 1
2024-05-18 16:18:58,235 [http-nio-8080-exec-9] INFO  com.ispan.theater.aspects.LogAspect ? - Method 'findAllCinemaName' executed with arguments: 
2024-05-18 16:18:59,206 [http-nio-8080-exec-10] INFO  com.ispan.theater.aspects.LogAspect ? - Method 'findMovieByScreening' executed with arguments: 1
2024-05-18 16:18:59,945 [http-nio-8080-exec-1] INFO  com.ispan.theater.aspects.LogAspect ? - Method 'findScreeningByDate' executed with arguments: 1, 1
2024-05-18 16:19:02,810 [http-nio-8080-exec-2] INFO  com.ispan.theater.aspects.LogAspect ? - Method 'findAllCinemaName' executed with arguments: 
2024-05-18 16:25:22,753 [RMI TCP Connection(22)-127.0.0.1] INFO  o.s.b.a.SpringApplicationAdminMXBeanRegistrar$SpringApplicationAdmin ? - Application shutdown requested.
2024-05-18 16:25:22,798 [RMI TCP Connection(22)-127.0.0.1] INFO  o.a.coyote.http11.Http11NioProtocol ? - Stopping ProtocolHandler ["http-nio-8080"]
2024-05-18 16:25:22,823 [RMI TCP Connection(22)-127.0.0.1] INFO  o.s.o.j.LocalContainerEntityManagerFactoryBean ? - Closing JPA EntityManagerFactory for persistence unit 'default'
2024-05-18 16:25:22,834 [RMI TCP Connection(22)-127.0.0.1] INFO  com.zaxxer.hikari.HikariDataSource ? - HikariPool-1 - Shutdown initiated...
2024-05-18 16:25:22,842 [RMI TCP Connection(22)-127.0.0.1] INFO  com.zaxxer.hikari.HikariDataSource ? - HikariPool-1 - Shutdown completed.
2024-05-18 16:27:22,549 [restartedMain] INFO  c.ispan.theater.TheaterApplication ? - Starting TheaterApplication using Java 17.0.10 with PID 17912 (C:\Users\as541\OneDrive\桌面\movie\target\classes started by as541 in C:\Users\as541\OneDrive\桌面\movie)
2024-05-18 16:27:22,551 [restartedMain] INFO  c.ispan.theater.TheaterApplication ? - No active profile set, falling back to 1 default profile: "default"
2024-05-18 16:27:22,619 [restartedMain] INFO  o.s.b.d.e.DevToolsPropertyDefaultsPostProcessor ? - Devtools property defaults active! Set 'spring.devtools.add-properties' to 'false' to disable
2024-05-18 16:27:22,619 [restartedMain] INFO  o.s.b.d.e.DevToolsPropertyDefaultsPostProcessor ? - For additional web related logging consider setting the 'logging.level.web' property to 'DEBUG'
2024-05-18 16:27:23,354 [restartedMain] INFO  o.s.d.r.c.RepositoryConfigurationDelegate ? - Multiple Spring Data modules found, entering strict repository configuration mode
2024-05-18 16:27:23,355 [restartedMain] INFO  o.s.d.r.c.RepositoryConfigurationDelegate ? - Bootstrapping Spring Data JDBC repositories in DEFAULT mode.
2024-05-18 16:27:23,399 [restartedMain] INFO  o.s.d.r.c.RepositoryConfigurationExtensionSupport ? - Spring Data JDBC - Could not safely identify store assignment for repository candidate interface com.ispan.theater.repository.ActorRepository; If you want this repository to be a JDBC repository, consider annotating your entities with one of these annotations: org.springframework.data.relational.core.mapping.Table.
2024-05-18 16:27:23,400 [restartedMain] INFO  o.s.d.r.c.RepositoryConfigurationExtensionSupport ? - Spring Data JDBC - Could not safely identify store assignment for repository candidate interface com.ispan.theater.repository.AdminRepository; If you want this repository to be a JDBC repository, consider annotating your entities with one of these annotations: org.springframework.data.relational.core.mapping.Table.
2024-05-18 16:27:23,402 [restartedMain] INFO  o.s.d.r.c.RepositoryConfigurationExtensionSupport ? - Spring Data JDBC - Could not safely identify store assignment for repository candidate interface com.ispan.theater.repository.AuditoriumLevelRepository; If you want this repository to be a JDBC repository, consider annotating your entities with one of these annotations: org.springframework.data.relational.core.mapping.Table.
2024-05-18 16:27:23,403 [restartedMain] INFO  o.s.d.r.c.RepositoryConfigurationExtensionSupport ? - Spring Data JDBC - Could not safely identify store assignment for repository candidate interface com.ispan.theater.repository.AuditoriumRepository; If you want this repository to be a JDBC repository, consider annotating your entities with one of these annotations: org.springframework.data.relational.core.mapping.Table.
2024-05-18 16:27:23,404 [restartedMain] INFO  o.s.d.r.c.RepositoryConfigurationExtensionSupport ? - Spring Data JDBC - Could not safely identify store assignment for repository candidate interface com.ispan.theater.repository.CategoryRepository; If you want this repository to be a JDBC repository, consider annotating your entities with one of these annotations: org.springframework.data.relational.core.mapping.Table.
2024-05-18 16:27:23,406 [restartedMain] INFO  o.s.d.r.c.RepositoryConfigurationExtensionSupport ? - Spring Data JDBC - Could not safely identify store assignment for repository candidate interface com.ispan.theater.repository.CinemaRepository; If you want this repository to be a JDBC repository, consider annotating your entities with one of these annotations: org.springframework.data.relational.core.mapping.Table.
2024-05-18 16:27:23,409 [restartedMain] INFO  o.s.d.r.c.RepositoryConfigurationExtensionSupport ? - Spring Data JDBC - Could not safely identify store assignment for repository candidate interface com.ispan.theater.repository.CollectRepository; If you want this repository to be a JDBC repository, consider annotating your entities with one of these annotations: org.springframework.data.relational.core.mapping.Table.
2024-05-18 16:27:23,411 [restartedMain] INFO  o.s.d.r.c.RepositoryConfigurationExtensionSupport ? - Spring Data JDBC - Could not safely identify store assignment for repository candidate interface com.ispan.theater.repository.CommentRepository; If you want this repository to be a JDBC repository, consider annotating your entities with one of these annotations: org.springframework.data.relational.core.mapping.Table.
2024-05-18 16:27:23,413 [restartedMain] INFO  o.s.d.r.c.RepositoryConfigurationExtensionSupport ? - Spring Data JDBC - Could not safely identify store assignment for repository candidate interface com.ispan.theater.repository.CustomerServiceRepository; If you want this repository to be a JDBC repository, consider annotating your entities with one of these annotations: org.springframework.data.relational.core.mapping.Table.
2024-05-18 16:27:23,414 [restartedMain] INFO  o.s.d.r.c.RepositoryConfigurationExtensionSupport ? - Spring Data JDBC - Could not safely identify store assignment for repository candidate interface com.ispan.theater.repository.EmployeeRepository; If you want this repository to be a JDBC repository, consider annotating your entities with one of these annotations: org.springframework.data.relational.core.mapping.Table.
2024-05-18 16:27:23,416 [restartedMain] INFO  o.s.d.r.c.RepositoryConfigurationExtensionSupport ? - Spring Data JDBC - Could not safely identify store assignment for repository candidate interface com.ispan.theater.repository.LayoutRepository; If you want this repository to be a JDBC repository, consider annotating your entities with one of these annotations: org.springframework.data.relational.core.mapping.Table.
2024-05-18 16:27:23,418 [restartedMain] INFO  o.s.d.r.c.RepositoryConfigurationExtensionSupport ? - Spring Data JDBC - Could not safely identify store assignment for repository candidate interface com.ispan.theater.repository.MovieActRepository; If you want this repository to be a JDBC repository, consider annotating your entities with one of these annotations: org.springframework.data.relational.core.mapping.Table.
2024-05-18 16:27:23,420 [restartedMain] INFO  o.s.d.r.c.RepositoryConfigurationExtensionSupport ? - Spring Data JDBC - Could not safely identify store assignment for repository candidate interface com.ispan.theater.repository.MoviePictureRepository; If you want this repository to be a JDBC repository, consider annotating your entities with one of these annotations: org.springframework.data.relational.core.mapping.Table.
2024-05-18 16:27:23,422 [restartedMain] INFO  o.s.d.r.c.RepositoryConfigurationExtensionSupport ? - Spring Data JDBC - Could not safely identify store assignment for repository candidate interface com.ispan.theater.repository.MovieRepository; If you want this repository to be a JDBC repository, consider annotating your entities with one of these annotations: org.springframework.data.relational.core.mapping.Table.
2024-05-18 16:27:23,425 [restartedMain] INFO  o.s.d.r.c.RepositoryConfigurationExtensionSupport ? - Spring Data JDBC - Could not safely identify store assignment for repository candidate interface com.ispan.theater.repository.OrderDetailRepository; If you want this repository to be a JDBC repository, consider annotating your entities with one of these annotations: org.springframework.data.relational.core.mapping.Table.
2024-05-18 16:27:23,428 [restartedMain] INFO  o.s.d.r.c.RepositoryConfigurationExtensionSupport ? - Spring Data JDBC - Could not safely identify store assignment for repository candidate interface com.ispan.theater.repository.OrderRepository; If you want this repository to be a JDBC repository, consider annotating your entities with one of these annotations: org.springframework.data.relational.core.mapping.Table.
2024-05-18 16:27:23,429 [restartedMain] INFO  o.s.d.r.c.RepositoryConfigurationExtensionSupport ? - Spring Data JDBC - Could not safely identify store assignment for repository candidate interface com.ispan.theater.repository.RatedRepository; If you want this repository to be a JDBC repository, consider annotating your entities with one of these annotations: org.springframework.data.relational.core.mapping.Table.
2024-05-18 16:27:23,431 [restartedMain] INFO  o.s.d.r.c.RepositoryConfigurationExtensionSupport ? - Spring Data JDBC - Could not safely identify store assignment for repository candidate interface com.ispan.theater.repository.ScreeningRepository; If you want this repository to be a JDBC repository, consider annotating your entities with one of these annotations: org.springframework.data.relational.core.mapping.Table.
2024-05-18 16:27:23,432 [restartedMain] INFO  o.s.d.r.c.RepositoryConfigurationExtensionSupport ? - Spring Data JDBC - Could not safely identify store assignment for repository candidate interface com.ispan.theater.repository.SeatRepository; If you want this repository to be a JDBC repository, consider annotating your entities with one of these annotations: org.springframework.data.relational.core.mapping.Table.
2024-05-18 16:27:23,433 [restartedMain] INFO  o.s.d.r.c.RepositoryConfigurationExtensionSupport ? - Spring Data JDBC - Could not safely identify store assignment for repository candidate interface com.ispan.theater.repository.TicketRepository; If you want this repository to be a JDBC repository, consider annotating your entities with one of these annotations: org.springframework.data.relational.core.mapping.Table.
2024-05-18 16:27:23,435 [restartedMain] INFO  o.s.d.r.c.RepositoryConfigurationExtensionSupport ? - Spring Data JDBC - Could not safely identify store assignment for repository candidate interface com.ispan.theater.repository.UserRepository; If you want this repository to be a JDBC repository, consider annotating your entities with one of these annotations: org.springframework.data.relational.core.mapping.Table.
2024-05-18 16:27:23,436 [restartedMain] INFO  o.s.d.r.c.RepositoryConfigurationDelegate ? - Finished Spring Data repository scanning in 75 ms. Found 0 JDBC repository interfaces.
2024-05-18 16:27:23,451 [restartedMain] INFO  o.s.d.r.c.RepositoryConfigurationDelegate ? - Multiple Spring Data modules found, entering strict repository configuration mode
2024-05-18 16:27:23,451 [restartedMain] INFO  o.s.d.r.c.RepositoryConfigurationDelegate ? - Bootstrapping Spring Data JPA repositories in DEFAULT mode.
2024-05-18 16:27:23,529 [restartedMain] INFO  o.s.d.r.c.RepositoryConfigurationDelegate ? - Finished Spring Data repository scanning in 72 ms. Found 21 JPA repository interfaces.
2024-05-18 16:27:24,554 [restartedMain] INFO  o.s.b.w.e.tomcat.TomcatWebServer ? - Tomcat initialized with port 8080 (http)
2024-05-18 16:27:24,571 [restartedMain] INFO  o.a.coyote.http11.Http11NioProtocol ? - Initializing ProtocolHandler ["http-nio-8080"]
2024-05-18 16:27:24,573 [restartedMain] INFO  o.a.catalina.core.StandardService ? - Starting service [Tomcat]
2024-05-18 16:27:24,573 [restartedMain] INFO  o.a.catalina.core.StandardEngine ? - Starting Servlet engine: [Apache Tomcat/10.1.20]
2024-05-18 16:27:24,659 [restartedMain] INFO  o.a.c.c.C.[Tomcat].[localhost].[/] ? - Initializing Spring embedded WebApplicationContext
2024-05-18 16:27:24,659 [restartedMain] INFO  o.s.b.w.s.c.ServletWebServerApplicationContext ? - Root WebApplicationContext: initialization completed in 2040 ms
2024-05-18 16:27:25,006 [restartedMain] INFO  o.h.jpa.internal.util.LogHelper ? - HHH000204: Processing PersistenceUnitInfo [name: default]
2024-05-18 16:27:25,102 [restartedMain] INFO  org.hibernate.Version ? - HHH000412: Hibernate ORM core version 6.4.4.Final
2024-05-18 16:27:25,152 [restartedMain] INFO  o.h.c.i.RegionFactoryInitiator ? - HHH000026: Second-level cache disabled
2024-05-18 16:27:25,434 [restartedMain] INFO  o.s.o.j.p.SpringPersistenceUnitInfo ? - No LoadTimeWeaver setup: ignoring JPA class transformer
2024-05-18 16:27:25,466 [restartedMain] INFO  com.zaxxer.hikari.HikariDataSource ? - HikariPool-1 - Starting...
2024-05-18 16:27:25,730 [restartedMain] INFO  com.zaxxer.hikari.pool.HikariPool ? - HikariPool-1 - Added connection ConnectionID:1 ClientConnectionId: bfcfae74-300b-4f6e-8e36-2204e0b53d4d
2024-05-18 16:27:25,732 [restartedMain] INFO  com.zaxxer.hikari.HikariDataSource ? - HikariPool-1 - Start completed.
2024-05-18 16:27:25,768 [restartedMain] WARN  org.hibernate.orm.deprecation ? - HHH90000025: SQLServerDialect does not need to be specified explicitly using 'hibernate.dialect' (remove the property setting and it will be selected by default)
2024-05-18 16:27:27,173 [restartedMain] INFO  o.h.e.t.j.p.i.JtaPlatformInitiator ? - HHH000489: No JTA platform available (set 'hibernate.transaction.jta.platform' to enable JTA platform integration)
2024-05-18 16:27:27,819 [restartedMain] INFO  o.s.o.j.LocalContainerEntityManagerFactoryBean ? - Initialized JPA EntityManagerFactory for persistence unit 'default'
2024-05-18 16:27:28,149 [restartedMain] INFO  o.s.d.j.r.query.QueryEnhancerFactory ? - JSqlParser is in classpath; If applicable, JSqlParser will be used
2024-05-18 16:27:28,149 [restartedMain] INFO  o.s.d.j.r.query.QueryEnhancerFactory ? - Hibernate is in classpath; If applicable, HQL parser will be used.
2024-05-18 16:27:29,590 [restartedMain] WARN  o.s.b.a.o.j.JpaBaseConfiguration$JpaWebConfiguration ? - spring.jpa.open-in-view is enabled by default. Therefore, database queries may be performed during view rendering. Explicitly configure spring.jpa.open-in-view to disable this warning
2024-05-18 16:27:30,266 [restartedMain] WARN  o.s.data.convert.CustomConversions ? - Registering converter from class microsoft.sql.DateTimeOffset to class java.time.OffsetDateTime as reading converter although it doesn't convert from a store-supported type; You might want to check your annotation setup at the converter implementation
2024-05-18 16:27:30,471 [restartedMain] INFO  o.s.b.d.a.OptionalLiveReloadServer ? - LiveReload server is running on port 35729
2024-05-18 16:27:30,498 [restartedMain] INFO  o.a.coyote.http11.Http11NioProtocol ? - Starting ProtocolHandler ["http-nio-8080"]
2024-05-18 16:27:30,521 [restartedMain] INFO  o.s.b.w.e.tomcat.TomcatWebServer ? - Tomcat started on port 8080 (http) with context path ''
2024-05-18 16:27:30,530 [restartedMain] INFO  c.ispan.theater.TheaterApplication ? - Started TheaterApplication in 8.591 seconds (process running for 9.453)
2024-05-18 16:27:35,730 [http-nio-8080-exec-1] INFO  o.a.c.c.C.[Tomcat].[localhost].[/] ? - Initializing Spring DispatcherServlet 'dispatcherServlet'
2024-05-18 16:27:35,730 [http-nio-8080-exec-1] INFO  o.s.web.servlet.DispatcherServlet ? - Initializing Servlet 'dispatcherServlet'
2024-05-18 16:27:35,731 [http-nio-8080-exec-1] INFO  o.s.web.servlet.DispatcherServlet ? - Completed initialization in 1 ms
2024-05-18 16:27:35,906 [http-nio-8080-exec-1] INFO  com.ispan.theater.aspects.LogAspect ? - Method 'findAllCinemaName' executed with arguments: 
2024-05-18 16:27:36,793 [http-nio-8080-exec-2] INFO  com.ispan.theater.aspects.LogAspect ? - Method 'findMovieByScreening' executed with arguments: 1
2024-05-18 16:27:37,840 [http-nio-8080-exec-3] INFO  com.ispan.theater.aspects.LogAspect ? - Method 'findScreeningByDate' executed with arguments: 1, 1
2024-05-18 16:27:39,695 [http-nio-8080-exec-5] INFO  com.ispan.theater.aspects.LogAspect ? - Method 'findScreeningByTime' executed with arguments: 1, 2024-05-17, 1
2024-05-18 16:27:43,785 [http-nio-8080-exec-6] INFO  com.ispan.theater.aspects.LogAspect ? - Method 'ticketList' executed with arguments: 46
2024-05-18 16:27:45,106 [http-nio-8080-exec-7] INFO  com.ispan.theater.aspects.LogAspect ? - Method 'findAllCinemaName' executed with arguments: 
2024-05-18 16:27:46,960 [http-nio-8080-exec-8] INFO  com.ispan.theater.aspects.LogAspect ? - Method 'findMovieByScreening' executed with arguments: 1
2024-05-18 16:27:47,595 [http-nio-8080-exec-9] INFO  com.ispan.theater.aspects.LogAspect ? - Method 'findScreeningByDate' executed with arguments: 1, 1
2024-05-18 16:27:48,558 [http-nio-8080-exec-10] INFO  com.ispan.theater.aspects.LogAspect ? - Method 'findScreeningByTime' executed with arguments: 1, 2024-05-17, 1
2024-05-18 16:27:50,199 [http-nio-8080-exec-2] INFO  com.ispan.theater.aspects.LogAspect ? - Method 'ticketList' executed with arguments: 46
2024-05-18 16:27:51,966 [http-nio-8080-exec-3] INFO  com.ispan.theater.aspects.LogAspect ? - Method 'findAllCinemaName' executed with arguments: 
2024-05-18 16:27:52,984 [http-nio-8080-exec-4] INFO  com.ispan.theater.aspects.LogAspect ? - Method 'findMovieByScreening' executed with arguments: 1
2024-05-18 16:27:53,937 [http-nio-8080-exec-5] INFO  com.ispan.theater.aspects.LogAspect ? - Method 'findScreeningByDate' executed with arguments: 1, 1
2024-05-18 16:27:55,288 [http-nio-8080-exec-6] INFO  com.ispan.theater.aspects.LogAspect ? - Method 'findScreeningByTime' executed with arguments: 1, 2024-03-03, 1
2024-05-18 16:27:56,590 [http-nio-8080-exec-7] INFO  com.ispan.theater.aspects.LogAspect ? - Method 'ticketList' executed with arguments: 3
2024-05-18 16:27:57,446 [http-nio-8080-exec-8] INFO  com.ispan.theater.aspects.LogAspect ? - Method 'findAllCinemaName' executed with arguments: 
2024-05-18 16:28:24,374 [http-nio-8080-exec-10] INFO  com.ispan.theater.aspects.LogAspect ? - Method 'findMovieByScreening' executed with arguments: 1
2024-05-18 16:28:25,015 [http-nio-8080-exec-1] INFO  com.ispan.theater.aspects.LogAspect ? - Method 'findScreeningByDate' executed with arguments: 1, 1
2024-05-18 16:28:25,968 [http-nio-8080-exec-2] INFO  com.ispan.theater.aspects.LogAspect ? - Method 'findScreeningByTime' executed with arguments: 1, 2024-03-03, 1
2024-05-18 16:28:29,202 [http-nio-8080-exec-4] INFO  com.ispan.theater.aspects.LogAspect ? - Method 'ticketList' executed with arguments: 3
2024-05-18 16:28:30,051 [http-nio-8080-exec-5] INFO  com.ispan.theater.aspects.LogAspect ? - Method 'findAllCinemaName' executed with arguments: 
2024-05-18 16:28:31,344 [http-nio-8080-exec-6] INFO  com.ispan.theater.aspects.LogAspect ? - Method 'findMovieByScreening' executed with arguments: 1
2024-05-18 16:28:32,173 [http-nio-8080-exec-7] INFO  com.ispan.theater.aspects.LogAspect ? - Method 'findScreeningByDate' executed with arguments: 1, 1
2024-05-18 16:28:33,783 [http-nio-8080-exec-8] INFO  com.ispan.theater.aspects.LogAspect ? - Method 'findScreeningByTime' executed with arguments: 1, 2024-05-16, 1
2024-05-18 16:28:36,644 [http-nio-8080-exec-9] INFO  com.ispan.theater.aspects.LogAspect ? - Method 'ticketList' executed with arguments: 39
2024-05-18 16:28:37,730 [http-nio-8080-exec-10] INFO  com.ispan.theater.aspects.LogAspect ? - Method 'findAllCinemaName' executed with arguments: 
2024-05-18 16:30:44,815 [http-nio-8080-exec-2] INFO  com.ispan.theater.aspects.LogAspect ? - Method 'findAllCinemaName' executed with arguments: 
2024-05-18 16:30:49,898 [http-nio-8080-exec-4] INFO  com.ispan.theater.aspects.LogAspect ? - Method 'findAllCinemaName' executed with arguments: 
2024-05-18 16:30:54,843 [http-nio-8080-exec-5] INFO  com.ispan.theater.aspects.LogAspect ? - Method 'findMovieByScreening' executed with arguments: 1
2024-05-18 16:30:56,072 [http-nio-8080-exec-6] INFO  com.ispan.theater.aspects.LogAspect ? - Method 'findScreeningByDate' executed with arguments: 1, 1
2024-05-18 16:31:03,825 [http-nio-8080-exec-8] INFO  com.ispan.theater.aspects.LogAspect ? - Method 'findScreeningByTime' executed with arguments: 1, 2024-05-17, 1
2024-05-18 16:31:13,035 [http-nio-8080-exec-10] INFO  com.ispan.theater.aspects.LogAspect ? - Method 'ticketList' executed with arguments: 26
2024-05-18 16:31:13,944 [http-nio-8080-exec-1] INFO  com.ispan.theater.aspects.LogAspect ? - Method 'findAllCinemaName' executed with arguments: 
2024-05-18 16:31:19,758 [http-nio-8080-exec-3] INFO  com.ispan.theater.aspects.LogAspect ? - Method 'findMovieByScreening' executed with arguments: 1
2024-05-18 16:31:20,343 [http-nio-8080-exec-4] INFO  com.ispan.theater.aspects.LogAspect ? - Method 'findScreeningByDate' executed with arguments: 1, 1
2024-05-18 16:31:21,184 [http-nio-8080-exec-5] INFO  com.ispan.theater.aspects.LogAspect ? - Method 'findScreeningByTime' executed with arguments: 1, 2024-05-17, 1
2024-05-18 16:31:22,904 [http-nio-8080-exec-6] INFO  com.ispan.theater.aspects.LogAspect ? - Method 'ticketList' executed with arguments: 46
2024-05-18 16:31:23,714 [http-nio-8080-exec-7] INFO  com.ispan.theater.aspects.LogAspect ? - Method 'findAllCinemaName' executed with arguments: 
2024-05-18 16:31:25,156 [http-nio-8080-exec-8] INFO  com.ispan.theater.aspects.LogAspect ? - Method 'findMovieByScreening' executed with arguments: 1
2024-05-18 16:31:29,132 [http-nio-8080-exec-9] INFO  com.ispan.theater.aspects.LogAspect ? - Method 'findScreeningByDate' executed with arguments: 1, 1
2024-05-18 16:32:56,469 [http-nio-8080-exec-1] INFO  com.ispan.theater.aspects.LogAspect ? - Method 'findScreeningByTime' executed with arguments: 1, 2024-05-13, 1
2024-05-18 16:32:58,157 [http-nio-8080-exec-2] INFO  com.ispan.theater.aspects.LogAspect ? - Method 'ticketList' executed with arguments: 32
2024-05-18 16:35:04,921 [http-nio-8080-exec-4] INFO  com.ispan.theater.aspects.LogAspect ? - Method 'findAllCinemaName' executed with arguments: 
2024-05-18 16:35:06,959 [http-nio-8080-exec-5] INFO  com.ispan.theater.aspects.LogAspect ? - Method 'findAllCinemaName' executed with arguments: 
2024-05-18 16:35:08,995 [http-nio-8080-exec-6] INFO  com.ispan.theater.aspects.LogAspect ? - Method 'findMovieByScreening' executed with arguments: 1
2024-05-18 16:35:09,838 [http-nio-8080-exec-8] INFO  com.ispan.theater.aspects.LogAspect ? - Method 'findScreeningByDate' executed with arguments: 1, 1
2024-05-18 16:35:15,012 [http-nio-8080-exec-9] INFO  com.ispan.theater.aspects.LogAspect ? - Method 'findScreeningByTime' executed with arguments: 1, 2024-05-17, 1
2024-05-18 16:35:26,223 [http-nio-8080-exec-1] INFO  com.ispan.theater.aspects.LogAspect ? - Method 'findScreeningByTime' executed with arguments: 1, 2024-03-03, 1
2024-05-18 16:35:28,151 [http-nio-8080-exec-2] INFO  com.ispan.theater.aspects.LogAspect ? - Method 'findScreeningByTime' executed with arguments: 1, 2024-05-05, 1
2024-05-18 16:35:30,795 [http-nio-8080-exec-4] INFO  com.ispan.theater.aspects.LogAspect ? - Method 'findScreeningByTime' executed with arguments: 1, 2024-05-07, 1
2024-05-18 16:35:32,891 [http-nio-8080-exec-5] INFO  com.ispan.theater.aspects.LogAspect ? - Method 'findScreeningByTime' executed with arguments: 1, 2024-05-13, 1
2024-05-18 16:35:34,958 [http-nio-8080-exec-6] INFO  com.ispan.theater.aspects.LogAspect ? - Method 'findScreeningByTime' executed with arguments: 1, 2024-05-14, 1
2024-05-18 16:35:38,338 [http-nio-8080-exec-7] INFO  com.ispan.theater.aspects.LogAspect ? - Method 'findScreeningByTime' executed with arguments: 1, 2024-05-15, 1
2024-05-18 16:35:41,241 [http-nio-8080-exec-9] INFO  com.ispan.theater.aspects.LogAspect ? - Method 'findScreeningByTime' executed with arguments: 1, 2024-05-16, 1
2024-05-18 16:38:58,223 [http-nio-8080-exec-1] INFO  com.ispan.theater.aspects.LogAspect ? - Method 'findScreeningByTime' executed with arguments: 1, 2024-05-15, 1
2024-05-18 16:39:00,370 [http-nio-8080-exec-2] INFO  com.ispan.theater.aspects.LogAspect ? - Method 'findScreeningByTime' executed with arguments: 1, 2024-05-16, 1
2024-05-18 16:45:12,732 [http-nio-8080-exec-4] INFO  com.ispan.theater.aspects.LogAspect ? - Method 'findAllCinemaName' executed with arguments: 
2024-05-18 16:45:13,858 [http-nio-8080-exec-5] INFO  com.ispan.theater.aspects.LogAspect ? - Method 'findMovieByScreening' executed with arguments: 1
2024-05-18 16:45:14,818 [http-nio-8080-exec-6] INFO  com.ispan.theater.aspects.LogAspect ? - Method 'findScreeningByDate' executed with arguments: 1, 1
2024-05-18 16:45:16,492 [http-nio-8080-exec-7] INFO  com.ispan.theater.aspects.LogAspect ? - Method 'findScreeningByTime' executed with arguments: 1, 2024-05-16, 1
2024-05-18 16:51:46,496 [RMI TCP Connection(33)-127.0.0.1] INFO  o.s.b.a.SpringApplicationAdminMXBeanRegistrar$SpringApplicationAdmin ? - Application shutdown requested.
2024-05-18 16:51:46,527 [RMI TCP Connection(33)-127.0.0.1] INFO  o.a.coyote.http11.Http11NioProtocol ? - Stopping ProtocolHandler ["http-nio-8080"]
2024-05-18 16:51:46,555 [RMI TCP Connection(33)-127.0.0.1] INFO  o.s.o.j.LocalContainerEntityManagerFactoryBean ? - Closing JPA EntityManagerFactory for persistence unit 'default'
2024-05-18 16:51:46,570 [RMI TCP Connection(33)-127.0.0.1] INFO  com.zaxxer.hikari.HikariDataSource ? - HikariPool-1 - Shutdown initiated...
2024-05-18 16:51:46,581 [RMI TCP Connection(33)-127.0.0.1] INFO  com.zaxxer.hikari.HikariDataSource ? - HikariPool-1 - Shutdown completed.
2024-05-18 16:55:27,140 [restartedMain] INFO  c.ispan.theater.TheaterApplication ? - Starting TheaterApplication using Java 17.0.10 with PID 25864 (C:\Users\as541\OneDrive\桌面\movie\target\classes started by as541 in C:\Users\as541\OneDrive\桌面\movie)
2024-05-18 16:55:27,141 [restartedMain] INFO  c.ispan.theater.TheaterApplication ? - No active profile set, falling back to 1 default profile: "default"
2024-05-18 16:55:27,209 [restartedMain] INFO  o.s.b.d.e.DevToolsPropertyDefaultsPostProcessor ? - Devtools property defaults active! Set 'spring.devtools.add-properties' to 'false' to disable
2024-05-18 16:55:27,209 [restartedMain] INFO  o.s.b.d.e.DevToolsPropertyDefaultsPostProcessor ? - For additional web related logging consider setting the 'logging.level.web' property to 'DEBUG'
2024-05-18 16:55:28,020 [restartedMain] INFO  o.s.d.r.c.RepositoryConfigurationDelegate ? - Multiple Spring Data modules found, entering strict repository configuration mode
2024-05-18 16:55:28,022 [restartedMain] INFO  o.s.d.r.c.RepositoryConfigurationDelegate ? - Bootstrapping Spring Data JDBC repositories in DEFAULT mode.
2024-05-18 16:55:28,061 [restartedMain] INFO  o.s.d.r.c.RepositoryConfigurationExtensionSupport ? - Spring Data JDBC - Could not safely identify store assignment for repository candidate interface com.ispan.theater.repository.ActorRepository; If you want this repository to be a JDBC repository, consider annotating your entities with one of these annotations: org.springframework.data.relational.core.mapping.Table.
2024-05-18 16:55:28,062 [restartedMain] INFO  o.s.d.r.c.RepositoryConfigurationExtensionSupport ? - Spring Data JDBC - Could not safely identify store assignment for repository candidate interface com.ispan.theater.repository.AdminRepository; If you want this repository to be a JDBC repository, consider annotating your entities with one of these annotations: org.springframework.data.relational.core.mapping.Table.
2024-05-18 16:55:28,064 [restartedMain] INFO  o.s.d.r.c.RepositoryConfigurationExtensionSupport ? - Spring Data JDBC - Could not safely identify store assignment for repository candidate interface com.ispan.theater.repository.AuditoriumLevelRepository; If you want this repository to be a JDBC repository, consider annotating your entities with one of these annotations: org.springframework.data.relational.core.mapping.Table.
2024-05-18 16:55:28,066 [restartedMain] INFO  o.s.d.r.c.RepositoryConfigurationExtensionSupport ? - Spring Data JDBC - Could not safely identify store assignment for repository candidate interface com.ispan.theater.repository.AuditoriumRepository; If you want this repository to be a JDBC repository, consider annotating your entities with one of these annotations: org.springframework.data.relational.core.mapping.Table.
2024-05-18 16:55:28,068 [restartedMain] INFO  o.s.d.r.c.RepositoryConfigurationExtensionSupport ? - Spring Data JDBC - Could not safely identify store assignment for repository candidate interface com.ispan.theater.repository.CategoryRepository; If you want this repository to be a JDBC repository, consider annotating your entities with one of these annotations: org.springframework.data.relational.core.mapping.Table.
2024-05-18 16:55:28,069 [restartedMain] INFO  o.s.d.r.c.RepositoryConfigurationExtensionSupport ? - Spring Data JDBC - Could not safely identify store assignment for repository candidate interface com.ispan.theater.repository.CinemaRepository; If you want this repository to be a JDBC repository, consider annotating your entities with one of these annotations: org.springframework.data.relational.core.mapping.Table.
2024-05-18 16:55:28,072 [restartedMain] INFO  o.s.d.r.c.RepositoryConfigurationExtensionSupport ? - Spring Data JDBC - Could not safely identify store assignment for repository candidate interface com.ispan.theater.repository.CollectRepository; If you want this repository to be a JDBC repository, consider annotating your entities with one of these annotations: org.springframework.data.relational.core.mapping.Table.
2024-05-18 16:55:28,073 [restartedMain] INFO  o.s.d.r.c.RepositoryConfigurationExtensionSupport ? - Spring Data JDBC - Could not safely identify store assignment for repository candidate interface com.ispan.theater.repository.CommentRepository; If you want this repository to be a JDBC repository, consider annotating your entities with one of these annotations: org.springframework.data.relational.core.mapping.Table.
2024-05-18 16:55:28,074 [restartedMain] INFO  o.s.d.r.c.RepositoryConfigurationExtensionSupport ? - Spring Data JDBC - Could not safely identify store assignment for repository candidate interface com.ispan.theater.repository.CustomerServiceRepository; If you want this repository to be a JDBC repository, consider annotating your entities with one of these annotations: org.springframework.data.relational.core.mapping.Table.
2024-05-18 16:55:28,076 [restartedMain] INFO  o.s.d.r.c.RepositoryConfigurationExtensionSupport ? - Spring Data JDBC - Could not safely identify store assignment for repository candidate interface com.ispan.theater.repository.EmployeeRepository; If you want this repository to be a JDBC repository, consider annotating your entities with one of these annotations: org.springframework.data.relational.core.mapping.Table.
2024-05-18 16:55:28,078 [restartedMain] INFO  o.s.d.r.c.RepositoryConfigurationExtensionSupport ? - Spring Data JDBC - Could not safely identify store assignment for repository candidate interface com.ispan.theater.repository.LayoutRepository; If you want this repository to be a JDBC repository, consider annotating your entities with one of these annotations: org.springframework.data.relational.core.mapping.Table.
2024-05-18 16:55:28,080 [restartedMain] INFO  o.s.d.r.c.RepositoryConfigurationExtensionSupport ? - Spring Data JDBC - Could not safely identify store assignment for repository candidate interface com.ispan.theater.repository.MovieActRepository; If you want this repository to be a JDBC repository, consider annotating your entities with one of these annotations: org.springframework.data.relational.core.mapping.Table.
2024-05-18 16:55:28,083 [restartedMain] INFO  o.s.d.r.c.RepositoryConfigurationExtensionSupport ? - Spring Data JDBC - Could not safely identify store assignment for repository candidate interface com.ispan.theater.repository.MoviePictureRepository; If you want this repository to be a JDBC repository, consider annotating your entities with one of these annotations: org.springframework.data.relational.core.mapping.Table.
2024-05-18 16:55:28,086 [restartedMain] INFO  o.s.d.r.c.RepositoryConfigurationExtensionSupport ? - Spring Data JDBC - Could not safely identify store assignment for repository candidate interface com.ispan.theater.repository.MovieRepository; If you want this repository to be a JDBC repository, consider annotating your entities with one of these annotations: org.springframework.data.relational.core.mapping.Table.
2024-05-18 16:55:28,088 [restartedMain] INFO  o.s.d.r.c.RepositoryConfigurationExtensionSupport ? - Spring Data JDBC - Could not safely identify store assignment for repository candidate interface com.ispan.theater.repository.OrderDetailRepository; If you want this repository to be a JDBC repository, consider annotating your entities with one of these annotations: org.springframework.data.relational.core.mapping.Table.
2024-05-18 16:55:28,091 [restartedMain] INFO  o.s.d.r.c.RepositoryConfigurationExtensionSupport ? - Spring Data JDBC - Could not safely identify store assignment for repository candidate interface com.ispan.theater.repository.OrderRepository; If you want this repository to be a JDBC repository, consider annotating your entities with one of these annotations: org.springframework.data.relational.core.mapping.Table.
2024-05-18 16:55:28,093 [restartedMain] INFO  o.s.d.r.c.RepositoryConfigurationExtensionSupport ? - Spring Data JDBC - Could not safely identify store assignment for repository candidate interface com.ispan.theater.repository.RatedRepository; If you want this repository to be a JDBC repository, consider annotating your entities with one of these annotations: org.springframework.data.relational.core.mapping.Table.
2024-05-18 16:55:28,094 [restartedMain] INFO  o.s.d.r.c.RepositoryConfigurationExtensionSupport ? - Spring Data JDBC - Could not safely identify store assignment for repository candidate interface com.ispan.theater.repository.ScreeningRepository; If you want this repository to be a JDBC repository, consider annotating your entities with one of these annotations: org.springframework.data.relational.core.mapping.Table.
2024-05-18 16:55:28,096 [restartedMain] INFO  o.s.d.r.c.RepositoryConfigurationExtensionSupport ? - Spring Data JDBC - Could not safely identify store assignment for repository candidate interface com.ispan.theater.repository.SeatRepository; If you want this repository to be a JDBC repository, consider annotating your entities with one of these annotations: org.springframework.data.relational.core.mapping.Table.
2024-05-18 16:55:28,098 [restartedMain] INFO  o.s.d.r.c.RepositoryConfigurationExtensionSupport ? - Spring Data JDBC - Could not safely identify store assignment for repository candidate interface com.ispan.theater.repository.TicketRepository; If you want this repository to be a JDBC repository, consider annotating your entities with one of these annotations: org.springframework.data.relational.core.mapping.Table.
2024-05-18 16:55:28,100 [restartedMain] INFO  o.s.d.r.c.RepositoryConfigurationExtensionSupport ? - Spring Data JDBC - Could not safely identify store assignment for repository candidate interface com.ispan.theater.repository.UserRepository; If you want this repository to be a JDBC repository, consider annotating your entities with one of these annotations: org.springframework.data.relational.core.mapping.Table.
2024-05-18 16:55:28,101 [restartedMain] INFO  o.s.d.r.c.RepositoryConfigurationDelegate ? - Finished Spring Data repository scanning in 74 ms. Found 0 JDBC repository interfaces.
2024-05-18 16:55:28,113 [restartedMain] INFO  o.s.d.r.c.RepositoryConfigurationDelegate ? - Multiple Spring Data modules found, entering strict repository configuration mode
2024-05-18 16:55:28,114 [restartedMain] INFO  o.s.d.r.c.RepositoryConfigurationDelegate ? - Bootstrapping Spring Data JPA repositories in DEFAULT mode.
2024-05-18 16:55:28,207 [restartedMain] INFO  o.s.d.r.c.RepositoryConfigurationDelegate ? - Finished Spring Data repository scanning in 85 ms. Found 21 JPA repository interfaces.
2024-05-18 16:55:29,576 [restartedMain] INFO  o.s.b.w.e.tomcat.TomcatWebServer ? - Tomcat initialized with port 8080 (http)
2024-05-18 16:55:29,591 [restartedMain] INFO  o.a.coyote.http11.Http11NioProtocol ? - Initializing ProtocolHandler ["http-nio-8080"]
2024-05-18 16:55:29,593 [restartedMain] INFO  o.a.catalina.core.StandardService ? - Starting service [Tomcat]
2024-05-18 16:55:29,593 [restartedMain] INFO  o.a.catalina.core.StandardEngine ? - Starting Servlet engine: [Apache Tomcat/10.1.20]
2024-05-18 16:55:29,663 [restartedMain] INFO  o.a.c.c.C.[Tomcat].[localhost].[/] ? - Initializing Spring embedded WebApplicationContext
2024-05-18 16:55:29,663 [restartedMain] INFO  o.s.b.w.s.c.ServletWebServerApplicationContext ? - Root WebApplicationContext: initialization completed in 2453 ms
2024-05-18 16:55:30,048 [restartedMain] INFO  o.h.jpa.internal.util.LogHelper ? - HHH000204: Processing PersistenceUnitInfo [name: default]
2024-05-18 16:55:30,138 [restartedMain] INFO  org.hibernate.Version ? - HHH000412: Hibernate ORM core version 6.4.4.Final
2024-05-18 16:55:30,197 [restartedMain] INFO  o.h.c.i.RegionFactoryInitiator ? - HHH000026: Second-level cache disabled
2024-05-18 16:55:30,508 [restartedMain] INFO  o.s.o.j.p.SpringPersistenceUnitInfo ? - No LoadTimeWeaver setup: ignoring JPA class transformer
2024-05-18 16:55:30,544 [restartedMain] INFO  com.zaxxer.hikari.HikariDataSource ? - HikariPool-1 - Starting...
2024-05-18 16:55:30,816 [restartedMain] INFO  com.zaxxer.hikari.pool.HikariPool ? - HikariPool-1 - Added connection ConnectionID:1 ClientConnectionId: dcb7eddb-bc85-438a-afb8-cb6f0c408b0d
2024-05-18 16:55:30,818 [restartedMain] INFO  com.zaxxer.hikari.HikariDataSource ? - HikariPool-1 - Start completed.
2024-05-18 16:55:30,851 [restartedMain] WARN  org.hibernate.orm.deprecation ? - HHH90000025: SQLServerDialect does not need to be specified explicitly using 'hibernate.dialect' (remove the property setting and it will be selected by default)
2024-05-18 16:55:32,343 [restartedMain] INFO  o.h.e.t.j.p.i.JtaPlatformInitiator ? - HHH000489: No JTA platform available (set 'hibernate.transaction.jta.platform' to enable JTA platform integration)
2024-05-18 16:55:32,994 [restartedMain] INFO  o.s.o.j.LocalContainerEntityManagerFactoryBean ? - Initialized JPA EntityManagerFactory for persistence unit 'default'
2024-05-18 16:55:33,353 [restartedMain] INFO  o.s.d.j.r.query.QueryEnhancerFactory ? - JSqlParser is in classpath; If applicable, JSqlParser will be used
2024-05-18 16:55:33,354 [restartedMain] INFO  o.s.d.j.r.query.QueryEnhancerFactory ? - Hibernate is in classpath; If applicable, HQL parser will be used.
2024-05-18 16:55:35,114 [restartedMain] WARN  o.s.b.a.o.j.JpaBaseConfiguration$JpaWebConfiguration ? - spring.jpa.open-in-view is enabled by default. Therefore, database queries may be performed during view rendering. Explicitly configure spring.jpa.open-in-view to disable this warning
2024-05-18 16:55:35,772 [restartedMain] WARN  o.s.data.convert.CustomConversions ? - Registering converter from class microsoft.sql.DateTimeOffset to class java.time.OffsetDateTime as reading converter although it doesn't convert from a store-supported type; You might want to check your annotation setup at the converter implementation
2024-05-18 16:55:35,990 [restartedMain] INFO  o.s.b.d.a.OptionalLiveReloadServer ? - LiveReload server is running on port 35729
2024-05-18 16:55:36,017 [restartedMain] INFO  o.a.coyote.http11.Http11NioProtocol ? - Starting ProtocolHandler ["http-nio-8080"]
2024-05-18 16:55:36,040 [restartedMain] INFO  o.s.b.w.e.tomcat.TomcatWebServer ? - Tomcat started on port 8080 (http) with context path ''
2024-05-18 16:55:36,049 [restartedMain] INFO  c.ispan.theater.TheaterApplication ? - Started TheaterApplication in 9.572 seconds (process running for 10.583)
2024-05-18 16:56:15,555 [http-nio-8080-exec-1] INFO  o.a.c.c.C.[Tomcat].[localhost].[/] ? - Initializing Spring DispatcherServlet 'dispatcherServlet'
2024-05-18 16:56:15,555 [http-nio-8080-exec-1] INFO  o.s.web.servlet.DispatcherServlet ? - Initializing Servlet 'dispatcherServlet'
2024-05-18 16:56:15,558 [http-nio-8080-exec-1] INFO  o.s.web.servlet.DispatcherServlet ? - Completed initialization in 3 ms
2024-05-18 16:56:15,798 [http-nio-8080-exec-1] INFO  com.ispan.theater.aspects.LogAspect ? - Method 'findAllCinemaName' executed with arguments: 
2024-05-18 16:56:16,251 [http-nio-8080-exec-2] INFO  com.ispan.theater.aspects.LogAspect ? - Method 'findMovieByScreening' executed with arguments: 1
2024-05-18 16:56:18,833 [http-nio-8080-exec-4] INFO  com.ispan.theater.aspects.LogAspect ? - Method 'findScreeningByDate' executed with arguments: 1, 1
2024-05-18 16:56:22,636 [http-nio-8080-exec-5] INFO  com.ispan.theater.aspects.LogAspect ? - Method 'findScreeningByTime' executed with arguments: 1, 2024-05-16, 1
2024-05-18 16:56:39,101 [http-nio-8080-exec-7] INFO  com.ispan.theater.aspects.LogAspect ? - Method 'findAllCinemaName' executed with arguments: 
2024-05-18 16:56:39,882 [http-nio-8080-exec-8] INFO  com.ispan.theater.aspects.LogAspect ? - Method 'findMovieByScreening' executed with arguments: 1
2024-05-18 16:56:40,554 [http-nio-8080-exec-9] INFO  com.ispan.theater.aspects.LogAspect ? - Method 'findScreeningByDate' executed with arguments: 1, 1
2024-05-18 16:56:41,586 [http-nio-8080-exec-10] INFO  com.ispan.theater.aspects.LogAspect ? - Method 'findScreeningByTime' executed with arguments: 1, 2024-05-17, 1
2024-05-18 16:56:47,852 [http-nio-8080-exec-2] INFO  com.ispan.theater.aspects.LogAspect ? - Method 'findScreeningByTime' executed with arguments: 1, 2024-05-16, 1
2024-05-18 16:57:17,462 [http-nio-8080-exec-4] INFO  com.ispan.theater.aspects.LogAspect ? - Method 'findScreeningByTime' executed with arguments: 1, 2024-05-13, 1
2024-05-18 16:57:19,319 [http-nio-8080-exec-5] INFO  com.ispan.theater.aspects.LogAspect ? - Method 'ticketList' executed with arguments: 32
2024-05-18 16:57:21,302 [http-nio-8080-exec-6] INFO  com.ispan.theater.aspects.LogAspect ? - Method 'findAllCinemaName' executed with arguments: 
2024-05-18 16:57:22,848 [http-nio-8080-exec-7] INFO  com.ispan.theater.aspects.LogAspect ? - Method 'findMovieByScreening' executed with arguments: 1
2024-05-18 16:57:23,678 [http-nio-8080-exec-8] INFO  com.ispan.theater.aspects.LogAspect ? - Method 'findScreeningByDate' executed with arguments: 1, 1
2024-05-18 16:57:27,032 [http-nio-8080-exec-10] INFO  com.ispan.theater.aspects.LogAspect ? - Method 'findScreeningByTime' executed with arguments: 1, 2024-05-16, 1
2024-05-18 16:57:28,226 [http-nio-8080-exec-1] INFO  com.ispan.theater.aspects.LogAspect ? - Method 'findScreeningByTime' executed with arguments: 1, 2024-05-13, 1
2024-05-18 16:57:29,901 [http-nio-8080-exec-2] INFO  com.ispan.theater.aspects.LogAspect ? - Method 'ticketList' executed with arguments: 32
2024-05-18 16:57:52,692 [http-nio-8080-exec-5] INFO  com.ispan.theater.aspects.LogAspect ? - Method 'request' executed with arguments: Order [id=36, user_id=2, createDate=2024-05-18 16:57:51.0, modifyDate=2024-05-18 16:57:51.0, orderAmount=600.0, movie=不可能的任務, paymentCondition=false], 2
2024-05-18 16:57:52,693 [http-nio-8080-exec-5] INFO  com.ispan.theater.aspects.LogAspect ? - Method 'createOrder' executed with arguments: InsertOrderDTO [ticketId=[726, 693], userId=2, movieId=1]
2024-05-18 16:58:13,451 [http-nio-8080-exec-7] INFO  com.ispan.theater.aspects.LogAspect ? - Method 'orderCompleted' executed with arguments: 36
2024-05-18 16:58:43,672 [http-nio-8080-exec-9] INFO  com.ispan.theater.aspects.LogAspect ? - Method 'findAllCinemaName' executed with arguments: 
2024-05-18 16:58:47,417 [http-nio-8080-exec-1] INFO  com.ispan.theater.aspects.LogAspect ? - Method 'findMovieByScreening' executed with arguments: 1
2024-05-18 16:58:48,095 [http-nio-8080-exec-2] INFO  com.ispan.theater.aspects.LogAspect ? - Method 'findScreeningByDate' executed with arguments: 1, 1
2024-05-18 16:58:49,630 [http-nio-8080-exec-3] INFO  com.ispan.theater.aspects.LogAspect ? - Method 'findScreeningByTime' executed with arguments: 1, 2024-05-13, 1
2024-05-18 16:58:51,006 [http-nio-8080-exec-4] INFO  com.ispan.theater.aspects.LogAspect ? - Method 'ticketList' executed with arguments: 32
2024-05-18 16:58:54,388 [http-nio-8080-exec-5] INFO  com.ispan.theater.aspects.LogAspect ? - Method 'findAllCinemaName' executed with arguments: 
2024-05-18 16:58:55,424 [http-nio-8080-exec-6] INFO  com.ispan.theater.aspects.LogAspect ? - Method 'findMovieByScreening' executed with arguments: 1
2024-05-18 16:58:56,103 [http-nio-8080-exec-7] INFO  com.ispan.theater.aspects.LogAspect ? - Method 'findScreeningByDate' executed with arguments: 1, 1
2024-05-18 16:58:58,813 [http-nio-8080-exec-9] INFO  com.ispan.theater.aspects.LogAspect ? - Method 'findScreeningByTime' executed with arguments: 1, 2024-05-13, 1
2024-05-18 16:59:01,625 [http-nio-8080-exec-10] INFO  com.ispan.theater.aspects.LogAspect ? - Method 'ticketList' executed with arguments: 32
2024-05-18 16:59:13,245 [http-nio-8080-exec-2] INFO  com.ispan.theater.aspects.LogAspect ? - Method 'request' executed with arguments: Order [id=37, user_id=2, createDate=2024-05-18 16:59:12.0, modifyDate=2024-05-18 16:59:12.0, orderAmount=900.0, movie=不可能的任務, paymentCondition=false], 3
2024-05-18 16:59:13,246 [http-nio-8080-exec-2] INFO  com.ispan.theater.aspects.LogAspect ? - Method 'createOrder' executed with arguments: InsertOrderDTO [ticketId=[592, 593, 594], userId=2, movieId=1]
2024-05-18 16:59:30,907 [http-nio-8080-exec-4] INFO  com.ispan.theater.aspects.LogAspect ? - Method 'orderCompleted' executed with arguments: 37
2024-05-18 16:59:37,338 [http-nio-8080-exec-6] INFO  com.ispan.theater.aspects.LogAspect ? - Method 'findAllCinemaName' executed with arguments: 
2024-05-18 16:59:38,465 [http-nio-8080-exec-7] INFO  com.ispan.theater.aspects.LogAspect ? - Method 'findMovieByScreening' executed with arguments: 1
2024-05-18 16:59:39,534 [http-nio-8080-exec-8] INFO  com.ispan.theater.aspects.LogAspect ? - Method 'findScreeningByDate' executed with arguments: 1, 1
2024-05-18 16:59:40,695 [http-nio-8080-exec-9] INFO  com.ispan.theater.aspects.LogAspect ? - Method 'findScreeningByTime' executed with arguments: 1, 2024-05-13, 1
2024-05-18 16:59:42,414 [http-nio-8080-exec-10] INFO  com.ispan.theater.aspects.LogAspect ? - Method 'ticketList' executed with arguments: 32
2024-05-18 17:12:04,295 [http-nio-8080-exec-4] INFO  com.ispan.theater.aspects.LogAspect ? - Method 'findAllCinemaName' executed with arguments: 
2024-05-18 17:12:05,970 [http-nio-8080-exec-5] INFO  com.ispan.theater.aspects.LogAspect ? - Method 'findMovieByScreening' executed with arguments: 1
2024-05-18 17:12:07,036 [http-nio-8080-exec-6] INFO  com.ispan.theater.aspects.LogAspect ? - Method 'findScreeningByDate' executed with arguments: 1, 1
2024-05-18 17:12:08,297 [http-nio-8080-exec-7] INFO  com.ispan.theater.aspects.LogAspect ? - Method 'findScreeningByTime' executed with arguments: 1, 2024-05-17, 1
2024-05-18 17:12:20,654 [http-nio-8080-exec-8] INFO  com.ispan.theater.aspects.LogAspect ? - Method 'ticketList' executed with arguments: 46
2024-05-18 17:16:26,999 [RMI TCP Connection(27)-127.0.0.1] INFO  o.s.b.a.SpringApplicationAdminMXBeanRegistrar$SpringApplicationAdmin ? - Application shutdown requested.
2024-05-18 17:16:27,004 [RMI TCP Connection(27)-127.0.0.1] INFO  o.a.coyote.http11.Http11NioProtocol ? - Stopping ProtocolHandler ["http-nio-8080"]
2024-05-18 17:16:27,020 [RMI TCP Connection(27)-127.0.0.1] INFO  o.s.o.j.LocalContainerEntityManagerFactoryBean ? - Closing JPA EntityManagerFactory for persistence unit 'default'
2024-05-18 17:16:27,028 [RMI TCP Connection(27)-127.0.0.1] INFO  com.zaxxer.hikari.HikariDataSource ? - HikariPool-1 - Shutdown initiated...
2024-05-18 17:16:27,034 [RMI TCP Connection(27)-127.0.0.1] INFO  com.zaxxer.hikari.HikariDataSource ? - HikariPool-1 - Shutdown completed.
2024-05-18 18:44:55,354 [restartedMain] INFO  c.ispan.theater.TheaterApplication ? - Starting TheaterApplication using Java 17.0.10 with PID 16620 (C:\Users\as541\OneDrive\桌面\movie\target\classes started by as541 in C:\Users\as541\OneDrive\桌面\movie)
2024-05-18 18:44:55,357 [restartedMain] INFO  c.ispan.theater.TheaterApplication ? - No active profile set, falling back to 1 default profile: "default"
2024-05-18 18:44:55,545 [restartedMain] INFO  o.s.b.d.e.DevToolsPropertyDefaultsPostProcessor ? - Devtools property defaults active! Set 'spring.devtools.add-properties' to 'false' to disable
2024-05-18 18:44:55,545 [restartedMain] INFO  o.s.b.d.e.DevToolsPropertyDefaultsPostProcessor ? - For additional web related logging consider setting the 'logging.level.web' property to 'DEBUG'
2024-05-18 18:44:58,486 [restartedMain] INFO  o.s.d.r.c.RepositoryConfigurationDelegate ? - Multiple Spring Data modules found, entering strict repository configuration mode
2024-05-18 18:44:58,488 [restartedMain] INFO  o.s.d.r.c.RepositoryConfigurationDelegate ? - Bootstrapping Spring Data JDBC repositories in DEFAULT mode.
2024-05-18 18:44:58,665 [restartedMain] INFO  o.s.d.r.c.RepositoryConfigurationExtensionSupport ? - Spring Data JDBC - Could not safely identify store assignment for repository candidate interface com.ispan.theater.repository.ActorRepository; If you want this repository to be a JDBC repository, consider annotating your entities with one of these annotations: org.springframework.data.relational.core.mapping.Table.
2024-05-18 18:44:58,668 [restartedMain] INFO  o.s.d.r.c.RepositoryConfigurationExtensionSupport ? - Spring Data JDBC - Could not safely identify store assignment for repository candidate interface com.ispan.theater.repository.AdminRepository; If you want this repository to be a JDBC repository, consider annotating your entities with one of these annotations: org.springframework.data.relational.core.mapping.Table.
2024-05-18 18:44:58,670 [restartedMain] INFO  o.s.d.r.c.RepositoryConfigurationExtensionSupport ? - Spring Data JDBC - Could not safely identify store assignment for repository candidate interface com.ispan.theater.repository.AuditoriumLevelRepository; If you want this repository to be a JDBC repository, consider annotating your entities with one of these annotations: org.springframework.data.relational.core.mapping.Table.
2024-05-18 18:44:58,673 [restartedMain] INFO  o.s.d.r.c.RepositoryConfigurationExtensionSupport ? - Spring Data JDBC - Could not safely identify store assignment for repository candidate interface com.ispan.theater.repository.AuditoriumRepository; If you want this repository to be a JDBC repository, consider annotating your entities with one of these annotations: org.springframework.data.relational.core.mapping.Table.
2024-05-18 18:44:58,675 [restartedMain] INFO  o.s.d.r.c.RepositoryConfigurationExtensionSupport ? - Spring Data JDBC - Could not safely identify store assignment for repository candidate interface com.ispan.theater.repository.CategoryRepository; If you want this repository to be a JDBC repository, consider annotating your entities with one of these annotations: org.springframework.data.relational.core.mapping.Table.
2024-05-18 18:44:58,680 [restartedMain] INFO  o.s.d.r.c.RepositoryConfigurationExtensionSupport ? - Spring Data JDBC - Could not safely identify store assignment for repository candidate interface com.ispan.theater.repository.CinemaRepository; If you want this repository to be a JDBC repository, consider annotating your entities with one of these annotations: org.springframework.data.relational.core.mapping.Table.
2024-05-18 18:44:58,683 [restartedMain] INFO  o.s.d.r.c.RepositoryConfigurationExtensionSupport ? - Spring Data JDBC - Could not safely identify store assignment for repository candidate interface com.ispan.theater.repository.CollectRepository; If you want this repository to be a JDBC repository, consider annotating your entities with one of these annotations: org.springframework.data.relational.core.mapping.Table.
2024-05-18 18:44:58,687 [restartedMain] INFO  o.s.d.r.c.RepositoryConfigurationExtensionSupport ? - Spring Data JDBC - Could not safely identify store assignment for repository candidate interface com.ispan.theater.repository.CommentRepository; If you want this repository to be a JDBC repository, consider annotating your entities with one of these annotations: org.springframework.data.relational.core.mapping.Table.
2024-05-18 18:44:58,690 [restartedMain] INFO  o.s.d.r.c.RepositoryConfigurationExtensionSupport ? - Spring Data JDBC - Could not safely identify store assignment for repository candidate interface com.ispan.theater.repository.CustomerServiceRepository; If you want this repository to be a JDBC repository, consider annotating your entities with one of these annotations: org.springframework.data.relational.core.mapping.Table.
2024-05-18 18:44:58,694 [restartedMain] INFO  o.s.d.r.c.RepositoryConfigurationExtensionSupport ? - Spring Data JDBC - Could not safely identify store assignment for repository candidate interface com.ispan.theater.repository.EmployeeRepository; If you want this repository to be a JDBC repository, consider annotating your entities with one of these annotations: org.springframework.data.relational.core.mapping.Table.
2024-05-18 18:44:58,697 [restartedMain] INFO  o.s.d.r.c.RepositoryConfigurationExtensionSupport ? - Spring Data JDBC - Could not safely identify store assignment for repository candidate interface com.ispan.theater.repository.LayoutRepository; If you want this repository to be a JDBC repository, consider annotating your entities with one of these annotations: org.springframework.data.relational.core.mapping.Table.
2024-05-18 18:44:58,699 [restartedMain] INFO  o.s.d.r.c.RepositoryConfigurationExtensionSupport ? - Spring Data JDBC - Could not safely identify store assignment for repository candidate interface com.ispan.theater.repository.MovieActRepository; If you want this repository to be a JDBC repository, consider annotating your entities with one of these annotations: org.springframework.data.relational.core.mapping.Table.
2024-05-18 18:44:58,718 [restartedMain] INFO  o.s.d.r.c.RepositoryConfigurationExtensionSupport ? - Spring Data JDBC - Could not safely identify store assignment for repository candidate interface com.ispan.theater.repository.MoviePictureRepository; If you want this repository to be a JDBC repository, consider annotating your entities with one of these annotations: org.springframework.data.relational.core.mapping.Table.
2024-05-18 18:44:58,721 [restartedMain] INFO  o.s.d.r.c.RepositoryConfigurationExtensionSupport ? - Spring Data JDBC - Could not safely identify store assignment for repository candidate interface com.ispan.theater.repository.MovieRepository; If you want this repository to be a JDBC repository, consider annotating your entities with one of these annotations: org.springframework.data.relational.core.mapping.Table.
2024-05-18 18:44:58,724 [restartedMain] INFO  o.s.d.r.c.RepositoryConfigurationExtensionSupport ? - Spring Data JDBC - Could not safely identify store assignment for repository candidate interface com.ispan.theater.repository.OrderDetailRepository; If you want this repository to be a JDBC repository, consider annotating your entities with one of these annotations: org.springframework.data.relational.core.mapping.Table.
2024-05-18 18:44:58,733 [restartedMain] INFO  o.s.d.r.c.RepositoryConfigurationExtensionSupport ? - Spring Data JDBC - Could not safely identify store assignment for repository candidate interface com.ispan.theater.repository.OrderRepository; If you want this repository to be a JDBC repository, consider annotating your entities with one of these annotations: org.springframework.data.relational.core.mapping.Table.
2024-05-18 18:44:58,735 [restartedMain] INFO  o.s.d.r.c.RepositoryConfigurationExtensionSupport ? - Spring Data JDBC - Could not safely identify store assignment for repository candidate interface com.ispan.theater.repository.RatedRepository; If you want this repository to be a JDBC repository, consider annotating your entities with one of these annotations: org.springframework.data.relational.core.mapping.Table.
2024-05-18 18:44:58,738 [restartedMain] INFO  o.s.d.r.c.RepositoryConfigurationExtensionSupport ? - Spring Data JDBC - Could not safely identify store assignment for repository candidate interface com.ispan.theater.repository.ScreeningRepository; If you want this repository to be a JDBC repository, consider annotating your entities with one of these annotations: org.springframework.data.relational.core.mapping.Table.
2024-05-18 18:44:58,740 [restartedMain] INFO  o.s.d.r.c.RepositoryConfigurationExtensionSupport ? - Spring Data JDBC - Could not safely identify store assignment for repository candidate interface com.ispan.theater.repository.SeatRepository; If you want this repository to be a JDBC repository, consider annotating your entities with one of these annotations: org.springframework.data.relational.core.mapping.Table.
2024-05-18 18:44:58,741 [restartedMain] INFO  o.s.d.r.c.RepositoryConfigurationExtensionSupport ? - Spring Data JDBC - Could not safely identify store assignment for repository candidate interface com.ispan.theater.repository.TicketRepository; If you want this repository to be a JDBC repository, consider annotating your entities with one of these annotations: org.springframework.data.relational.core.mapping.Table.
2024-05-18 18:44:58,745 [restartedMain] INFO  o.s.d.r.c.RepositoryConfigurationExtensionSupport ? - Spring Data JDBC - Could not safely identify store assignment for repository candidate interface com.ispan.theater.repository.UserRepository; If you want this repository to be a JDBC repository, consider annotating your entities with one of these annotations: org.springframework.data.relational.core.mapping.Table.
2024-05-18 18:44:58,747 [restartedMain] INFO  o.s.d.r.c.RepositoryConfigurationDelegate ? - Finished Spring Data repository scanning in 253 ms. Found 0 JDBC repository interfaces.
2024-05-18 18:44:58,764 [restartedMain] INFO  o.s.d.r.c.RepositoryConfigurationDelegate ? - Multiple Spring Data modules found, entering strict repository configuration mode
2024-05-18 18:44:58,780 [restartedMain] INFO  o.s.d.r.c.RepositoryConfigurationDelegate ? - Bootstrapping Spring Data JPA repositories in DEFAULT mode.
2024-05-18 18:44:58,907 [restartedMain] INFO  o.s.d.r.c.RepositoryConfigurationDelegate ? - Finished Spring Data repository scanning in 122 ms. Found 21 JPA repository interfaces.
2024-05-18 18:45:00,985 [restartedMain] INFO  o.s.b.w.e.tomcat.TomcatWebServer ? - Tomcat initialized with port 8080 (http)
2024-05-18 18:45:01,003 [restartedMain] INFO  o.a.coyote.http11.Http11NioProtocol ? - Initializing ProtocolHandler ["http-nio-8080"]
2024-05-18 18:45:01,006 [restartedMain] INFO  o.a.catalina.core.StandardService ? - Starting service [Tomcat]
2024-05-18 18:45:01,006 [restartedMain] INFO  o.a.catalina.core.StandardEngine ? - Starting Servlet engine: [Apache Tomcat/10.1.20]
2024-05-18 18:45:01,113 [restartedMain] INFO  o.a.c.c.C.[Tomcat].[localhost].[/] ? - Initializing Spring embedded WebApplicationContext
2024-05-18 18:45:01,113 [restartedMain] INFO  o.s.b.w.s.c.ServletWebServerApplicationContext ? - Root WebApplicationContext: initialization completed in 5567 ms
2024-05-18 18:45:01,574 [restartedMain] INFO  o.h.jpa.internal.util.LogHelper ? - HHH000204: Processing PersistenceUnitInfo [name: default]
2024-05-18 18:45:01,741 [restartedMain] INFO  org.hibernate.Version ? - HHH000412: Hibernate ORM core version 6.4.4.Final
2024-05-18 18:45:01,792 [restartedMain] INFO  o.h.c.i.RegionFactoryInitiator ? - HHH000026: Second-level cache disabled
2024-05-18 18:45:02,284 [restartedMain] INFO  o.s.o.j.p.SpringPersistenceUnitInfo ? - No LoadTimeWeaver setup: ignoring JPA class transformer
2024-05-18 18:45:02,369 [restartedMain] INFO  com.zaxxer.hikari.HikariDataSource ? - HikariPool-1 - Starting...
2024-05-18 18:45:03,034 [restartedMain] INFO  com.zaxxer.hikari.pool.HikariPool ? - HikariPool-1 - Added connection ConnectionID:1 ClientConnectionId: 188e407a-a518-46b8-a5de-e2d899ec0d3b
2024-05-18 18:45:03,040 [restartedMain] INFO  com.zaxxer.hikari.HikariDataSource ? - HikariPool-1 - Start completed.
2024-05-18 18:45:03,108 [restartedMain] WARN  org.hibernate.orm.deprecation ? - HHH90000025: SQLServerDialect does not need to be specified explicitly using 'hibernate.dialect' (remove the property setting and it will be selected by default)
2024-05-18 18:45:05,611 [restartedMain] INFO  o.h.e.t.j.p.i.JtaPlatformInitiator ? - HHH000489: No JTA platform available (set 'hibernate.transaction.jta.platform' to enable JTA platform integration)
2024-05-18 18:45:06,804 [restartedMain] INFO  o.s.o.j.LocalContainerEntityManagerFactoryBean ? - Initialized JPA EntityManagerFactory for persistence unit 'default'
2024-05-18 18:45:07,749 [restartedMain] INFO  o.s.d.j.r.query.QueryEnhancerFactory ? - JSqlParser is in classpath; If applicable, JSqlParser will be used
2024-05-18 18:45:07,749 [restartedMain] INFO  o.s.d.j.r.query.QueryEnhancerFactory ? - Hibernate is in classpath; If applicable, HQL parser will be used.
2024-05-18 18:45:10,068 [restartedMain] WARN  o.s.b.a.o.j.JpaBaseConfiguration$JpaWebConfiguration ? - spring.jpa.open-in-view is enabled by default. Therefore, database queries may be performed during view rendering. Explicitly configure spring.jpa.open-in-view to disable this warning
2024-05-18 18:45:11,016 [restartedMain] WARN  o.s.data.convert.CustomConversions ? - Registering converter from class microsoft.sql.DateTimeOffset to class java.time.OffsetDateTime as reading converter although it doesn't convert from a store-supported type; You might want to check your annotation setup at the converter implementation
2024-05-18 18:45:11,301 [restartedMain] INFO  o.s.b.d.a.OptionalLiveReloadServer ? - LiveReload server is running on port 35729
2024-05-18 18:45:11,332 [restartedMain] INFO  o.a.coyote.http11.Http11NioProtocol ? - Starting ProtocolHandler ["http-nio-8080"]
2024-05-18 18:45:11,359 [restartedMain] INFO  o.s.b.w.e.tomcat.TomcatWebServer ? - Tomcat started on port 8080 (http) with context path ''
2024-05-18 18:45:11,370 [restartedMain] INFO  c.ispan.theater.TheaterApplication ? - Started TheaterApplication in 17.118 seconds (process running for 19.075)
2024-05-18 18:46:33,361 [http-nio-8080-exec-1] INFO  o.a.c.c.C.[Tomcat].[localhost].[/] ? - Initializing Spring DispatcherServlet 'dispatcherServlet'
2024-05-18 18:46:33,361 [http-nio-8080-exec-1] INFO  o.s.web.servlet.DispatcherServlet ? - Initializing Servlet 'dispatcherServlet'
2024-05-18 18:46:33,363 [http-nio-8080-exec-1] INFO  o.s.web.servlet.DispatcherServlet ? - Completed initialization in 2 ms
2024-05-18 18:46:34,123 [http-nio-8080-exec-1] INFO  com.ispan.theater.aspects.LogAspect ? - Method 'ticketList' executed with arguments: 32
2024-05-18 18:46:42,718 [http-nio-8080-exec-3] INFO  com.ispan.theater.aspects.LogAspect ? - Method 'findAllCinemaName' executed with arguments: 
2024-05-18 18:46:44,440 [http-nio-8080-exec-4] INFO  com.ispan.theater.aspects.LogAspect ? - Method 'findMovieByScreening' executed with arguments: 1
2024-05-18 18:46:45,174 [http-nio-8080-exec-5] INFO  com.ispan.theater.aspects.LogAspect ? - Method 'findScreeningByDate' executed with arguments: 1, 1
2024-05-18 18:46:46,821 [http-nio-8080-exec-6] INFO  com.ispan.theater.aspects.LogAspect ? - Method 'findScreeningByTime' executed with arguments: 1, 2024-05-13, 1
2024-05-18 18:46:48,890 [http-nio-8080-exec-7] INFO  com.ispan.theater.aspects.LogAspect ? - Method 'ticketList' executed with arguments: 32
2024-05-18 20:47:38,206 [RMI TCP Connection(153)-127.0.0.1] INFO  o.s.b.a.SpringApplicationAdminMXBeanRegistrar$SpringApplicationAdmin ? - Application shutdown requested.
2024-05-18 20:47:38,369 [RMI TCP Connection(153)-127.0.0.1] INFO  o.a.coyote.http11.Http11NioProtocol ? - Stopping ProtocolHandler ["http-nio-8080"]
2024-05-18 20:47:39,746 [RMI TCP Connection(153)-127.0.0.1] INFO  o.s.o.j.LocalContainerEntityManagerFactoryBean ? - Closing JPA EntityManagerFactory for persistence unit 'default'
2024-05-18 20:47:40,484 [RMI TCP Connection(153)-127.0.0.1] INFO  com.zaxxer.hikari.HikariDataSource ? - HikariPool-1 - Shutdown initiated...
2024-05-18 20:47:40,723 [RMI TCP Connection(153)-127.0.0.1] INFO  com.zaxxer.hikari.HikariDataSource ? - HikariPool-1 - Shutdown completed.
